22
 energy: -23.423611903142 gnorm: 0.035895894565 xtb: 6.4.1 (afa7bdf)
N        -3.72674682510000   -2.59717943830000   -0.66076464200000
C        -2.26110514520000   -2.71548232790000   -0.65240613220000
C        -4.30764909770000   -1.83898768190000    0.45862887100000
H        -4.13318312620000   -3.53240367900000   -0.64664277810000
C        -1.60189204210000   -1.58323557560000   -1.44290573060000
C        -1.88305740290000   -4.04989797420000   -1.31187379060000
H        -1.87292258480000   -2.73390376530000    0.37288405030000
C        -3.97825487420000   -0.34785832570000    0.42942947970000
H        -3.96594370320000   -2.26287427920000    1.41101437910000
C        -5.82953519840000   -2.01888601860000    0.39480336660000
H        -2.06390519750000   -1.46280893800000   -2.42929795960000
H        -0.53661597520000   -1.78698488750000   -1.59879210110000
H        -1.66499891980000   -0.62454480030000   -0.92451518690000
H        -2.24918383280000   -4.10520368370000   -2.34383268760000
H        -2.30015280710000   -4.89793974830000   -0.75762211070000
H        -0.79492299980000   -4.17655895270000   -1.33627425880000
H        -2.94553851740000   -0.16617497630000    0.74050045060000
H        -4.61779727250000    0.21046365000000    1.12198184110000
H        -4.12465490030000    0.07684078890000   -0.57003633490000
H        -6.23673792680000   -1.65548956300000   -0.55582457460000
H        -6.32213362060000   -1.46757072270000    1.20340803830000
H        -6.10694866130000   -3.07355491650000    0.50204009300000
22
 energy: -23.425517369935 gnorm: 0.012493391844 xtb: 6.4.1 (afa7bdf)
N        -3.71828590263164   -2.56510368778532   -0.66288130591242
C        -2.25996552554249   -2.71423676877837   -0.66191501032577
C        -4.31478553343892   -1.84017899836000    0.46324804339889
H        -4.13230068848162   -3.49337700628955   -0.67069904571961
C        -1.59854805866333   -1.58080727617806   -1.44457255676060
C        -1.88625632758705   -4.05220005250230   -1.30717948755474
H        -1.87120286945972   -2.71480387062510    0.37043976977760
C        -3.97206510612301   -0.35455419701607    0.42933445506700
H        -3.95882894876473   -2.25431486528683    1.42469056880383
C        -5.83262083178067   -2.02572742134161    0.39627858229550
H        -2.07310758840963   -1.48199644077448   -2.41967594045738
H        -0.54041845992623   -1.79918514163126   -1.59355655021607
H        -1.67354577705660   -0.62648515726696   -0.92988310001277
H        -2.25895127495299   -4.09113436474901   -2.33030469802599
H        -2.30922841328012   -4.89022709369672   -0.75109958727834
H        -0.80337183183412   -4.17467113278468   -1.33007422106061
H        -2.94156782800790   -0.17387656053513    0.73194107255720
H        -4.61835150769654    0.18593449628300    1.12128353820418
H        -4.12529782789358    0.04824825233349   -0.57073024973696
H        -6.21415514983625   -1.65717510854374   -0.55515307718680
H        -6.31839580080527   -1.47627898116482    1.20240015813454
H        -6.10262937872760   -3.07808443910649    0.49201092400933
22
 energy: -23.425942414688 gnorm: 0.004951617627 xtb: 6.4.1 (afa7bdf)
N        -3.71312335413393   -2.54531702407802   -0.66560464239414
C        -2.25954858431431   -2.70830609938778   -0.66022002914137
C        -4.31190762269226   -1.84350592707488    0.46738369579912
H        -4.13755611871610   -3.46767446134452   -0.70600630154975
C        -1.59158706505502   -1.58345819548003   -1.45370461939671
C        -1.89609042844186   -4.04957381958329   -1.29856674769156
H        -1.87166918579066   -2.69795959716512    0.37783881925425
C        -3.97598178102317   -0.35449249640432    0.43669345153440
H        -3.94865257804110   -2.25855281129064    1.43239131288398
C        -5.82684238898583   -2.03353478518739    0.39439817740211
H        -2.06970727026098   -1.49957442038985   -2.42515639245970
H        -0.53655633061139   -1.80591962769982   -1.59505732970902
H        -1.67513745004017   -0.62965817351504   -0.94627441773328
H        -2.27155067523863   -4.08358937481352   -2.31782723398468
H        -2.32403024994671   -4.87897952038549   -0.73838895581511
H        -0.81662585986660   -4.17368483706381   -1.31967705210418
H        -2.94559207035591   -0.17770929695548    0.73076314920645
H        -4.62016143249858    0.18073762624373    1.13029825217285
H        -4.13360292856470    0.03551749064338   -0.56434385318697
H        -6.19526403237224   -1.65870616527759   -0.55630058721205
H        -6.31184074997946   -1.49083185924258    1.20113376801112
H        -6.09085247397039   -3.08546244034796    0.48012981811426
22
 energy: -23.426149051856 gnorm: 0.005472230733 xtb: 6.4.1 (afa7bdf)
N        -3.70913897050266   -2.52699618911865   -0.66995682829143
C        -2.25899399193705   -2.70144866101110   -0.66064386965581
C        -4.30921541262200   -1.84503548905128    0.46912367476421
H        -4.14590837397436   -3.44229339580811   -0.74745087677043
C        -1.58339553760184   -1.58506714126735   -1.46449575138738
C        -1.90357209019959   -4.04998178330446   -1.28673352934919
H        -1.87293123023096   -2.68209074141194    0.37976521318084
C        -3.97974991443376   -0.35190880125087    0.44683558615070
H        -3.94069061871692   -2.26639223713141    1.43223372123825
C        -5.82272632873677   -2.04202390140129    0.39464275722351
H        -2.05764957048504   -1.51587858382235   -2.43831490161493
H        -0.52856707299522   -1.80905887870438   -1.59590639322799
H        -1.67408228678097   -0.62663143852469   -0.96816061470300
H        -2.28102954505150   -4.08602599011615   -2.30460742653224
H        -2.33824095679856   -4.87094239678013   -0.72013472636089
H        -0.82572183744064   -4.18175034626341   -1.30766794048495
H        -2.94745721473363   -0.17619524197560    0.73240479272021
H        -4.62010877817839    0.17826214507745    1.14624420028997
H        -4.14547370834637    0.03617148773924   -0.55280692057897
H        -6.18650035438229   -1.65997760314998   -0.55418122163256
H        -6.31176048554123   -1.50913219706993    1.20443413364365
H        -6.08096635121028   -3.09583843145363    0.46927920337844
22
 energy: -23.426358604350 gnorm: 0.006577579120 xtb: 6.4.1 (afa7bdf)
N        -3.70541350746511   -2.50565899441604   -0.67806565800397
C        -2.25854514035182   -2.69281527540412   -0.66298387265423
C        -4.30667780200927   -1.84697560789100    0.46951805167906
H        -4.15646623304434   -3.41003102816973   -0.80140378881527
C        -1.57429152999324   -1.58775994228628   -1.47903037278095
C        -1.91040304325560   -4.05164255574549   -1.27124495206795
H        -1.87546695868220   -2.66161613553610    0.37798323411888
C        -3.98377906563019   -0.34997165973952    0.46070905294215
H        -3.93312558284133   -2.27753285349440    1.42751514812519
C        -5.81935357125998   -2.05065698437779    0.39543211526778
H        -2.03713129631066   -1.53635885749057   -2.46005583981883
H        -0.51694139721102   -1.80959123794219   -1.59341614732432
H        -1.67654117019118   -0.62130909270734   -0.99874583667006
H        -2.28802270029558   -4.09822264595768   -2.28933718398092
H        -2.35234341132895   -4.86166103963984   -0.69364972326447
H        -0.83343040474429   -4.19361523525430   -1.29088699361717
H        -2.94773495594972   -0.17537102799468    0.73476864701429
H        -4.61710185659882    0.17309089949942    1.17177424871157
H        -4.16154261484908    0.04490324014288   -0.53458502389907
H        -6.18520721972283   -1.65935805063683   -0.54927608972082
H        -6.31313053947381   -1.53072372331138    1.21127188666889
H        -6.07123062969102   -3.10735800744703    0.45761138009023
22
 energy: -23.426572043311 gnorm: 0.006000004220 xtb: 6.4.1 (afa7bdf)
N        -3.70325538297075   -2.48380466053308   -0.69073786919226
C        -2.25884096516900   -2.68330801480198   -0.66921592639860
C        -4.30568778595158   -1.84861889261466    0.46709424167456
H        -4.16610429445949   -3.37431460330028   -0.85725754756914
C        -1.56505667084783   -1.59166856236771   -1.49657519908329
C        -1.91575975978259   -4.05447691385705   -1.25370644726911
H        -1.88015582226775   -2.63816087004292    0.37101663071876
C        -3.98759017724462   -0.34935771086861    0.47738097473112
H        -3.92777058758682   -2.29034917504872    1.41739613449731
C        -5.81767379352268   -2.05837191120884    0.39625876873738
H        -2.00905200288165   -1.56025140244667   -2.48842831888861
H        -0.50309689296892   -1.80747472761440   -1.58699028939211
H        -1.68336606093708   -0.61567784375247   -1.03615400187892
H        -2.29040607121642   -4.11854454097386   -2.27321912790128
H        -2.36432367169431   -4.85210080123233   -0.66244979114307
H        -0.83912667227582   -4.20524291867623   -1.26911380240839
H        -2.94670265740490   -0.17682600018210    0.73756118877025
H        -4.61061425200045    0.16362990458501    1.20591830110621
H        -4.18056872055990    0.06116911427806   -0.50984734611669
H        -6.19150038812848   -1.65634226405910   -0.54184862359108
H        -6.31328245165161   -1.55228680528085    1.22080961389150
H        -6.06394554937739   -3.11785621580124    0.44601071870544
22
 energy: -23.426789164398 gnorm: 0.005071343994 xtb: 6.4.1 (afa7bdf)
N        -3.70200031546594   -2.45848683204524   -0.70878508850116
C        -2.25950150869254   -2.67197772908261   -0.67957547222257
C        -4.30633313002659   -1.85016004663368    0.46249058217169
H        -4.17512160989435   -3.33193391972734   -0.91848898262706
C        -1.55482211079273   -1.59764769066783   -1.51926966132824
C        -1.92037660527665   -4.05780469394871   -1.23275444999952
H        -1.88696749069329   -2.60908339184233    0.35962297712605
C        -3.99169474838532   -0.35041994625082    0.49857837801337
H        -3.92385584602254   -2.30685815702342    1.40230754661208
C        -5.81749941348117   -2.06549551615245    0.39652886384225
H        -1.97280976960445   -1.59118857866739   -2.52437475855679
H        -0.48737561594494   -1.80416947016356   -1.57816724364683
H        -1.69426934063532   -0.61093673785185   -1.08465538847208
H        -2.28857928378479   -4.14594280833110   -2.25410421412644
H        -2.37590292272981   -4.84007006330441   -0.62512165430448
H        -0.84397655561785   -4.21533144179126   -1.23921115229678
H        -2.94515442564482   -0.18122518849444    0.74108356381292
H        -4.60066711185267    0.14754684842061    1.25088660211973
H        -4.20423680887300    0.08385837384694   -0.47594730725798
H        -6.20329793736830   -1.65048325638530   -0.53216492044427
H        -6.31095557176800   -1.57509538465062    1.23283352355897
H        -6.05848250834499   -3.12733018505323    0.43219053852709
22
 energy: -23.426965002897 gnorm: 0.005104510681 xtb: 6.4.1 (afa7bdf)
N        -3.70069921040071   -2.43228114585530   -0.72820952910211
C        -2.25971734251493   -2.65998440789666   -0.69113661263497
C        -4.30808215529305   -1.85115101896605    0.45677664183701
H        -4.18216634588257   -3.28875609507159   -0.97601606781768
C        -1.54434694464950   -1.60504884612180   -1.54422970870186
C        -1.92456514044489   -4.06013621690213   -1.21066254500124
H        -1.89370711674408   -2.57824290959510    0.34736673447177
C        -3.99593328475763   -0.35254591025977    0.52196589055710
H        -3.92065975213558   -2.32503626680422    1.38459873709414
C        -5.81828911060418   -2.07174617696786    0.39536268583091
H        -1.93626424171723   -1.62629667599773   -2.56037270072404
H        -0.47317930603304   -1.80181563382661   -1.57214163585237
H        -1.70453709363364   -0.60828972104651   -1.13863162655650
H        -2.28460650631501   -4.17259715994465   -2.23309363010556
H        -2.38804163285455   -4.82570910845322   -0.58754149497344
H        -0.84859486876903   -4.22251249237951   -1.20500801533770
H        -2.94410805979498   -0.18682372316908    0.74490048561265
H        -4.58932371457228    0.12682490565768    1.29982438480984
H        -4.22988539198544    0.10745874593855   -0.43689798827586
H        -6.21542755461721   -1.64287358820386   -0.52278138084111
H        -6.30711549301605   -1.59742833318242    1.24410206574806
H        -6.05463036416452   -3.13524403675223    0.41572759196293
22
 energy: -23.427122066213 gnorm: 0.004901780406 xtb: 6.4.1 (afa7bdf)
N        -3.69836519136097   -2.40388562716192   -0.74752518764940
C        -2.25916516689414   -2.64647646529706   -0.70278783399680
C        -4.30979503212359   -1.85225239688534    0.45150341404646
H        -4.18721171062858   -3.24354488284771   -1.03154942143267
C        -1.53339258061259   -1.61359540944038   -1.57208347017371
C        -1.92958728387674   -4.06069982439023   -1.18666934617417
H        -1.89918719444531   -2.54430685408732    0.33509487293901
C        -4.00057851703566   -0.35573079744455    0.54810303149212
H        -3.91777171820113   -2.34542028804937    1.36640278444966
C        -5.81889979075532   -2.07788633951435    0.39222179735986
H        -1.90133793349363   -1.66636679159960   -2.59585085950936
H        -0.46070852562794   -1.80131701641108   -1.57076272435367
H        -1.71218757926621   -0.60746188771524   -1.19889795879639
H        -2.28055436992361   -4.19662358904379   -2.20911647134416
H        -2.40320601710765   -4.80769974673333   -0.54920158925585
H        -0.85455232091179   -4.22826664519512   -1.16667825778465
H        -2.94409891664344   -0.19251371829037    0.74934816094771
H        -4.57721553273152    0.10162844457704    1.35172145311947
H        -4.25753524956844    0.12965195792238   -0.39250018636015
H        -6.22470066462885   -1.63360404761188   -0.51465385147054
H        -6.30302143927713   -1.62131718921433    1.25331107390875
H        -6.05080789578594   -3.14254670136651    0.39447285203842
22
 energy: -23.427280050030 gnorm: 0.004418224132 xtb: 6.4.1 (afa7bdf)
N        -3.69435928831455   -2.37132089499511   -0.76639003371581
C        -2.25770779920130   -2.62958836911837   -0.71480429945218
C        -4.31095634598943   -1.85417217787752    0.44704235824155
H        -4.18919395663910   -3.19327791830315   -1.08692724517471
C        -1.52141180493340   -1.62351384945440   -1.60570000687576
C        -1.93688996342305   -4.05890951192423   -1.15852854476503
H        -1.90203672988315   -2.50289551192054    0.32152459357869
C        -4.00570362642651   -0.36041898150957    0.57970587554063
H        -3.91545051632317   -2.36966424822345    1.34774613775191
C        -5.81882040825966   -2.08478082831739    0.38582448791519
H        -1.86649624541774   -1.71562487453312   -2.63415443988092
H        -0.44863728202433   -1.80229648773439   -1.57439963412860
H        -1.71788844238386   -0.60748566669611   -1.27122161704568
H        -2.27812353808866   -4.21887773535717   -2.17999913402781
H        -2.42412707868755   -4.78381893377549   -0.50661743955019
H        -0.86365141229501   -4.23419527001856   -1.12205821334241
H        -2.94489661932692   -0.19874289638408    0.75581870149226
H        -4.56291391584643    0.07002570051212    1.41089228141445
H        -4.28873534967625    0.15089884215921   -0.33892653030444
H        -6.22953568998080   -1.62134818561564   -0.50864840443163
H        -6.30013505805373   -1.65003198835871    1.25935744601934
H        -6.04620955972558   -3.15019602835443    0.36436594274107
22
 energy: -23.427438620902 gnorm: 0.003854044419 xtb: 6.4.1 (afa7bdf)
N        -3.68860650416832   -2.33632062979575   -0.78263030762127
C        -2.25522846955647   -2.60965776160429   -0.72646100343221
C        -4.31136656555438   -1.85736880458712    0.44374993340680
H        -4.18766384009335   -3.14064227995596   -1.13910023965854
C        -1.50958833161993   -1.63488313616068   -1.64467263250069
C        -1.94601730595340   -4.05449375586894   -1.12637633994537
H        -1.90015569036199   -2.45463651737049    0.30594875644026
C        -4.01079440202734   -0.36694790345363    0.61638577442302
H        -3.91456271402910   -2.39649802757791    1.32986483987585
C        -5.81810673864596   -2.09181211804479    0.37500698384898
H        -1.83483503056799   -1.77187230966134   -2.67357745456399
H        -0.43758255576701   -1.80398901761126   -1.58516227667270
H        -1.72125030977773   -0.60904009396750   -1.35405920680125
H        -2.27799905628590   -4.23925315788310   -2.14609740108827
H        -2.44937800566475   -4.75428272167220   -0.45979633779467
H        -0.87552877009870   -4.24046382814882   -1.07251415537862
H        -2.94590741271225   -0.20553884300329    0.76429565928087
H        -4.54500861556107    0.03199158644620    1.47765245466596
H        -4.32322610541498    0.17112647744177   -0.27654038452290
H        -6.22955149224397   -1.60554262870807   -0.50639654681725
H        -6.30015820354561   -1.68295464623882    1.26016753468183
H        -6.04136451125002   -3.15715569837415    0.32421463217408
22
 energy: -23.427593560872 gnorm: 0.003351988146 xtb: 6.4.1 (afa7bdf)
N        -3.68113396055680   -2.29684400929262   -0.79752326463358
C        -2.25175872986694   -2.58608119180735   -0.73853562941266
C        -4.31079478873930   -1.86223234465736    0.44153210373238
H        -4.18379342219793   -3.08208319181793   -1.19349734723441
C        -1.49847473704829   -1.64885927883353   -1.69076357906952
C        -1.95661284575152   -4.04733695388134   -1.08839389072268
H        -1.89377187350447   -2.39819103107964    0.28669767289821
C        -4.01566493545968   -0.37601584050634    0.66075954291009
H        -3.91545739130564   -2.42749525718811    1.31197019637275
C        -5.81647593673014   -2.09902389980763    0.35973435330563
H        -1.80455699100651   -1.83838516354061   -2.71720920437790
H        -0.42690976776463   -1.80590182988860   -1.60319389860075
H        -1.72518359033180   -0.61267639259939   -1.45131749785459
H        -2.27928644369758   -4.26060009672594   -2.10572822841722
H        -2.47835201460822   -4.71799195947048   -0.40611384570353
H        -0.88983867197382   -4.24678263249971   -1.01578825408601
H        -2.94742635155972   -0.21225255963344    0.77729592617222
H        -4.52312360697990   -0.01361544794333    1.55321034438765
H        -4.36099245592552    0.19147948054337   -0.20101393587423
H        -6.22515149144643   -1.58529055846892   -0.50717172506124
H        -6.30311136726870   -1.72104582320049    1.25593924724376
H        -6.03600925717671   -3.16300983350075    0.27301319602550
22
 energy: -23.427649252500 gnorm: 0.010151015683 xtb: 6.4.1 (afa7bdf)
N        -3.67235476706121   -2.26283221871274   -0.80437081734942
C        -2.24657135532427   -2.56191028151066   -0.74877366328358
C        -4.30922298559797   -1.86809917966029    0.44046810661858
H        -4.16958925994474   -3.03335221606225   -1.21800896078453
C        -1.49228329073352   -1.66483562048292   -1.73803365696849
C        -1.96731139469806   -4.03518732825280   -1.05065571015576
H        -1.87792863487908   -2.34119730643213    0.26428263056514
C        -4.01915597413487   -0.38861507178703    0.70661767423672
H        -3.92075028459415   -2.45728419504694    1.29668749444415
C        -5.81437252851619   -2.10293886491904    0.33721499977012
H        -1.79248570410546   -1.90040401813434   -2.74987745251585
H        -0.42389619315479   -1.81067411620308   -1.64052735180166
H        -1.72036808030278   -0.62507549880927   -1.54534822543324
H        -2.28345582884613   -4.27423083136237   -2.06343989830906
H        -2.50671321904544   -4.67692796702418   -0.35677468912577
H        -0.90518925510913   -4.24811206666952   -0.96066166141482
H        -2.95151735643728   -0.21792554697279    0.79749683026993
H        -4.50126164980701   -0.06581717242513    1.62324758095295
H        -4.39227978343470    0.20512794458927   -0.12052973966633
H        -6.21304159263789   -1.56145857250634   -0.51622009892254
H        -6.31115632725095   -1.75602865059452    1.23890697904857
H        -6.03297516528470   -3.16245703682113    0.21220191182475
22
 energy: -23.427845484449 gnorm: 0.007161935965 xtb: 6.4.1 (afa7bdf)
N        -3.66243305687959   -2.21339752323642   -0.82261799706448
C        -2.24131280750748   -2.53266860824616   -0.76324199047768
C        -4.30782106608425   -1.87527100284462    0.43700718091578
H        -4.16572848842883   -2.95963304688206   -1.28934114964697
C        -1.48156857929896   -1.68382054653034   -1.79532490468093
C        -1.97907269962760   -4.02545636806052   -1.00135868325131
H        -1.86781468645101   -2.26944175915012    0.23879883562445
C        -4.02422657062736   -0.40224761077113    0.76239576878916
H        -3.92189469151954   -2.49717812691348    1.27329866274556
C        -5.81189082386993   -2.10983078826203    0.31684852152509
H        -1.75980145424990   -1.98441260789879   -2.80324541699189
H        -0.41135006990333   -1.81188214140490   -1.66682881584706
H        -1.73032642619177   -0.63252951769706   -1.66563342226378
H        -2.28644737199571   -4.30225373235449   -2.01008671696925
H        -2.53815819646173   -4.63068873242715   -0.28632969002161
H        -0.92150342409844   -4.25327780652231   -0.89057526240988
H        -2.95256667568353   -0.22853557515231    0.81600527205293
H        -4.47256045169962   -0.12747453192152    1.71874358180370
H        -4.43798960768202    0.23008632424413   -0.02411543004180
H        -6.20669232381311   -1.53424724807201   -0.51826123379581
H        -6.31583525505868   -1.80028407787694    1.23014103630306
H        -6.02688590376797   -3.16579078782000    0.14762413570255
22
 energy: -23.427882302369 gnorm: 0.009792679709 xtb: 6.4.1 (afa7bdf)
N        -3.66001013093888   -2.20561688029866   -0.82291868287695
C        -2.23933402342751   -2.52912394597335   -0.76391751432087
C        -4.30777413197952   -1.87695801845317    0.43832204682982
H        -4.16821283003028   -2.94858475307640   -1.30559684475192
C        -1.48280662351247   -1.68786375689513   -1.80094620388227
C        -1.97968759770133   -4.02141841773605   -0.99499907752113
H        -1.86390360079098   -2.26234136241037    0.23434726272536
C        -4.02344055471466   -0.40757848694844    0.76997733676124
H        -3.92277240881509   -2.50245192672276    1.27150312460976
C        -5.81137125927527   -2.10929407057288    0.31469386296671
H        -1.76218344415887   -1.99552916903969   -2.80648937609845
H        -0.41045491485929   -1.81348131570530   -1.67411135461335
H        -1.73452892379103   -0.63678839999052   -1.67796293230957
H        -2.29097547170947   -4.30250132826985   -2.00056405853827
H        -2.53662719930676   -4.62223567382281   -0.27646324572544
H        -0.92268311607424   -4.24820448214880   -0.88517320199627
H        -2.95422046458104   -0.23078772597079    0.82731107983662
H        -4.47319119838201   -0.13509830651153    1.71875364394974
H        -4.43192037023712    0.22197760992489   -0.01299589031095
H        -6.20520175138248   -1.53215742747337   -0.51813788151550
H        -6.31676131231981   -1.80154264557869    1.22604190786046
H        -6.02581930291230   -3.16265533212656    0.14322828092105
22
 energy: -23.428063386053 gnorm: 0.005012640531 xtb: 6.4.1 (afa7bdf)
N        -3.65471600406724   -2.17846778790839   -0.83353456079845
C        -2.23597292569815   -2.51064403637004   -0.77347030854468
C        -4.30737794078173   -1.88079555792636    0.43365077485949
H        -4.15869177478295   -2.90866011584917   -1.32899969212532
C        -1.47888171147926   -1.70154949806788   -1.83537712793786
C        -1.98638727859125   -4.01159744973260   -0.96461995185078
H        -1.85659153222264   -2.21931467152593    0.21561040713085
C        -4.02566987471301   -0.41931057284350    0.80409492839390
H        -3.92465267594519   -2.52724091792289    1.25227836081558
C        -5.81022827077036   -2.11097813223499    0.29862148816617
H        -1.75300025988060   -2.04089699958572   -2.83163442367700
H        -0.40648642080549   -1.81969340619465   -1.70288773413047
H        -1.73396247757572   -0.64845167471863   -1.74595892695382
H        -2.29615947353050   -4.31524031937028   -1.96453936490681
H        -2.55175339309887   -4.58956402799647   -0.23316314136031
H        -0.93181070707270   -4.24455118145459   -0.84375212714061
H        -2.95568616552732   -0.23870724806953    0.84450145054739
H        -4.45763067795466   -0.17832113593464    1.77182999296807
H        -4.45429408891441    0.23253324740294    0.04812509761707
H        -6.20062783646143   -1.51321237592815   -0.52206979482923
H        -6.32015991051756   -1.82506098378982    1.21526471921090
H        -6.02313923050940   -3.16051096977898    0.09993221654574
22
 energy: -23.428268766057 gnorm: 0.007284541237 xtb: 6.4.1 (afa7bdf)
N        -3.64524874931221   -2.13406954949114   -0.85111721643037
C        -2.22955282954209   -2.48191486442543   -0.78747679979004
C        -4.30640296537305   -1.88659198060251    0.42345758131040
H        -4.14636075085077   -2.84184610669499   -1.37351620040186
C        -1.47530451414644   -1.72621985583832   -1.88755227958736
C        -1.99551043756726   -3.99371437984072   -0.91357974168307
H        -1.84387741644964   -2.14916322630431    0.18539184587120
C        -4.02814691503245   -0.44140955512286    0.85628446810685
H        -3.92730079751403   -2.56691402547025    1.21590879959608
C        -5.80800994328256   -2.11191970417333    0.27204599585526
H        -1.74952074059121   -2.10974103339622   -2.86460931085423
H        -0.40290339247846   -1.83556386168069   -1.75827327900055
H        -1.72959190146608   -0.67279945854322   -1.84740890089330
H        -2.30861761493609   -4.33636825052066   -1.90047469182255
H        -2.56704332495765   -4.53479641477977   -0.15882102558112
H        -0.94383564448883   -4.23211934636690   -0.78151203774080
H        -2.95762277734386   -0.25372521905277    0.87632816295452
H        -4.43541723308346   -0.25527191745989    1.85301628548641
H        -4.48648268281411    0.24927990526117    0.14551743339111
H        -6.19404761219529   -1.48331522264130   -0.52823446348995
H        -6.32335841145687   -1.85865945632711    1.19608480904550
H        -6.01972397601809   -3.15339229232908    0.03244284765767
22
 energy: -23.428402076502 gnorm: 0.012617059596 xtb: 6.4.1 (afa7bdf)
N        -3.63959354606805   -2.10663816741932   -0.86217013713131
C        -2.22553569251491   -2.46173302190027   -0.79585680719972
C        -4.30607071322580   -1.89088295432857    0.41496177080750
H        -4.13440098730352   -2.79919296807615   -1.39343997105704
C        -1.47720911756676   -1.74426383588299   -1.92030506964433
C        -2.00071533412394   -3.97624246294912   -0.87988062240725
H        -1.83629880083245   -2.10131429550221    0.16435439798445
C        -4.02678306220360   -0.46159732779639    0.89171744479944
H        -3.93044805925488   -2.59506654190108    1.18645681195429
C        -5.80709067606566   -2.10984277117666    0.25330060387885
H        -1.75602585297331   -2.16081019548352   -2.88611091583120
H        -0.40146761848766   -1.85141600326751   -1.79685729452790
H        -1.73227692769499   -0.68811067329178   -1.91508504502946
H        -2.32355478117206   -4.34544186211100   -1.85325380573127
H        -2.56887298983713   -4.49309142753448   -0.10754739063629
H        -0.94918213467043   -4.21437048937701   -0.74924766170318
H        -2.95905143709284   -0.26942711068744    0.91642141499955
H        -4.42906896787703   -0.30795669080870    1.89117663957426
H        -4.48577258094833    0.24878511985545    0.20823361052705
H        -6.19028337927795   -1.45947098521691   -0.53174398053984
H        -6.32382543239750   -1.87760740405370    1.18294463434453
H        -6.02035253931177   -3.14454374689098   -0.01416634543136
22
 energy: -23.428556555135 gnorm: 0.011554681844 xtb: 6.4.1 (afa7bdf)
N        -3.62823325759297   -2.05666856233703   -0.87746359236967
C        -2.21882433206049   -2.42981890648614   -0.81072686498295
C        -4.30536341753849   -1.89851057224817    0.40942838081980
H        -4.12453322531258   -2.72272673023531   -1.45565779595688
C        -1.47190653119783   -1.76854333469215   -1.97711373265318
C        -2.01119261375441   -3.95628359687095   -0.82711225980793
H        -1.82152175736601   -2.02795402380497    0.13208714467480
C        -4.02949991043236   -0.48603761416793    0.94956271099197
H        -3.93467645417620   -2.63693343183770    1.15406053273719
C        -5.80548314901237   -2.11250987110624    0.22858584131840
H        -1.75234153108377   -2.23350585787226   -2.92525024883155
H        -0.39535501294819   -1.87012375013784   -1.85082043523107
H        -1.72790597256732   -0.70890416611214   -2.02425736165687
H        -2.33908022840015   -4.36727601083830   -1.78587975240182
H        -2.58599542968310   -4.43281667151638   -0.02662075997497
H        -0.96139581879018   -4.20280508390373   -0.68876747372847
H        -2.96219626514185   -0.28725449913263    0.96231999795020
H        -4.41573821666681   -0.37902950867875    1.96266490273826
H        -4.50332416928072    0.25210015587048    0.30532960705058
H        -6.18295395244048   -1.43167269614415   -0.53622160211584
H        -6.32779271963358   -1.91394682242443    1.16549767581138
H        -6.01856666582077   -3.13901426112368   -0.07974263238165
22
 energy: -23.425860834936 gnorm: 0.056247813434 xtb: 6.4.1 (afa7bdf)
N        -3.61871372585936   -2.03431749851630   -0.87465730557555
C        -2.21475568916176   -2.42288479802041   -0.81504218004717
C        -4.30442178353570   -1.90138458280213    0.40872805725146
H        -4.13930445434962   -2.67699830130984   -1.53716858931680
C        -1.47556849380636   -1.78206161569401   -1.98305322272346
C        -2.00657280460437   -3.94102862156232   -0.80725582617809
H        -1.81003802435440   -2.02019549677883    0.11351104103050
C        -4.03225612267603   -0.50750927306736    0.95576888672153
H        -3.93391715980651   -2.64028274788795    1.13645474766626
C        -5.80601439595524   -2.10805725357178    0.22729503359996
H        -1.81308022191150   -2.19315185764133   -2.90095646598457
H        -0.40149653095341   -1.91774938653379   -1.90842475513878
H        -1.68679852128679   -0.74296277972350   -1.99389282008391
H        -2.36185318771114   -4.37501459185273   -1.74260030277450
H        -2.55336538606169   -4.39956098881271    0.02533193616302
H        -0.94681788018974   -4.18035413371043   -0.69999823583235
H        -2.95712138202012   -0.30963954034296    0.99837604805072
H        -4.44931470584811   -0.40509166224635    1.94112911537455
H        -4.47863335451001    0.21652836406581    0.30572820954189
H        -6.18306989313743   -1.44877723871067   -0.53649934595512
H        -6.32452517089334   -1.89620823690175    1.15010263010596
H        -6.02624174226799   -3.12353357417906   -0.05897437389582
22
 energy: -23.428871949001 gnorm: 0.007882563533 xtb: 6.4.1 (afa7bdf)
N        -3.62289940160286   -2.04514215373614   -0.87791088619288
C        -2.21628044826851   -2.42391749544525   -0.80903991503276
C        -4.30424005068241   -1.90046455628111    0.40294878652735
H        -4.12487986660761   -2.69946423460029   -1.47886160375460
C        -1.47716634859261   -1.78086057924711   -1.98412033944503
C        -2.00845692968944   -3.94186887634335   -0.81084124904389
H        -1.81080302985656   -2.01585057293379    0.12305882939775
C        -4.02902207133105   -0.50080731403045    0.95753314251245
H        -3.93622032033038   -2.64338243082981    1.13639913244847
C        -5.80529314272336   -2.10654673895951    0.21984091039699
H        -1.79045174422791   -2.24009194140968   -2.91738536300975
H        -0.40264632941652   -1.90432559244456   -1.88441248450646
H        -1.70828956185434   -0.72253669088691   -2.02990575128974
H        -2.35621263826197   -4.36269884448665   -1.75267152820126
H        -2.56086343105440   -4.41155978072123   -0.00117119135233
H        -0.95507075306977   -4.18012346891521   -0.69238180255140
H        -2.96128106466748   -0.30385711575521    0.99141174881545
H        -4.42941483192843   -0.41144915791780    1.96537361794702
H        -4.49377043504298    0.24663649478892    0.32015986065904
H        -6.18086511111798   -1.43021918891054   -0.54164459836468
H        -6.32650973293153   -1.90562341661606    1.15050548736395
H        -6.02324338764257   -3.12608216011863   -0.08298252132396
22
 energy: -23.429005616953 gnorm: 0.002323531662 xtb: 6.4.1 (afa7bdf)
N        -3.62062458022091   -2.04054866954887   -0.87548074355462
C        -2.21533491772215   -2.42205260161061   -0.81285454861039
C        -4.30329540368201   -1.90107644850027    0.40477178410629
H        -4.12110967097591   -2.68857730202615   -1.47648203300522
C        -1.47843460126859   -1.78333742755184   -1.99148616130203
C        -2.00851290962558   -3.94123527080995   -0.80904250500890
H        -1.80517676565200   -2.01136172106733    0.11682734188524
C        -4.03188753321717   -0.50138475647410    0.96293044517057
H        -3.93713269709735   -2.64586967356837    1.13822874537462
C        -5.80392103396617   -2.10825729501674    0.21740043731624
H        -1.79918348086868   -2.23752344903055   -2.92606576564765
H        -0.40435705928423   -1.91613710228936   -1.88844756276432
H        -1.70304876088326   -0.72171262994452   -2.02986463440887
H        -2.35924388036548   -4.36779391502781   -1.74778448930893
H        -2.55940091586659   -4.40346117988638    0.00816429552399
H        -0.95481076416912   -4.18212841554806   -0.69247682531716
H        -2.96379240096572   -0.30560326564219    1.00306494028876
H        -4.43973712688269   -0.40786021168563    1.96680019832276
H        -4.49103679433426    0.24461544902260    0.32012033585824
H        -6.17723433607913   -1.42756807926300   -0.54360316338271
H        -6.32759256595861   -1.91190185698105    1.14943872865163
H        -6.01901243181505   -3.12945999335021   -0.09025653818782
22
 energy: -23.429099016667 gnorm: 0.003101425553 xtb: 6.4.1 (afa7bdf)
N        -3.61620116108457   -2.03240597427371   -0.87146855813847
C        -2.21277790451061   -2.41749108382457   -0.81674737468809
C        -4.30141113073293   -1.90187845947792    0.40760256573969
H        -4.11638064784891   -2.66987202543582   -1.47753938931849
C        -1.47982107722444   -1.78758096868450   -2.00288643176189
C        -2.01024503345975   -3.93847149501729   -0.80279121192672
H        -1.79409613606885   -2.00179932137482    0.10780996841480
C        -4.03606021340818   -0.50289418767860    0.97206807823909
H        -3.93666787721722   -2.64935164063163    1.13989567614425
C        -5.80102684359804   -2.11210302435526    0.21285400985664
H        -1.81593718038549   -2.23372738139963   -2.93662849097241
H        -0.40678993424233   -1.93692864543525   -1.90513049758408
H        -1.68984254926808   -0.72140908820080   -2.03420026693425
H        -2.36765506557610   -4.37354959026583   -1.73545517397761
H        -2.55747586131470   -4.39020671500307    0.02452773263339
H        -0.95639849067757   -4.18300800512060   -0.69043954274589
H        -2.96770275566097   -0.30959239993829    1.02711776455856
H        -4.45898128404175   -0.40624780987493    1.96891417638123
H        -4.48405195803176    0.24250734494187    0.32054133872039
H        -6.17268549028840   -1.42563886849215   -0.54522024648021
H        -6.32984193934791   -1.92531300421170    1.14517263212488
H        -6.01183009691209   -3.13327347204590   -0.10409447628509
22
 energy: -23.429183292580 gnorm: 0.004753165647 xtb: 6.4.1 (afa7bdf)
N        -3.61066196520048   -2.02194934290115   -0.86789385772631
C        -2.20950671487700   -2.41163193113001   -0.81926615380205
C        -4.29937742574580   -1.90246760854544    0.40974822011600
H        -4.11182090688090   -2.64712822311451   -1.48385869889435
C        -1.48172774365129   -1.79354835060846   -2.01520163737271
C        -2.01159649589884   -3.93397630218284   -0.79347894969909
H        -1.78217683049617   -1.98945819342674    0.09894096208383
C        -4.04074821687065   -0.50528818336497    0.98266225936676
H        -3.93517495358820   -2.65290768319341    1.13958857948063
C        -5.79760445767712   -2.11661829401080    0.20752894012716
H        -1.83791030867378   -2.23170825923135   -2.94565614183130
H        -0.41006992890043   -1.96233599335841   -1.93010913899955
H        -1.67310628476456   -0.72300621166565   -2.04156010887910
H        -2.37781023934157   -4.37726853684340   -1.71897071103552
H        -2.55416261387038   -4.37515258324211    0.04330434905565
H        -0.95775247047470   -4.18195517238257   -0.68663091691847
H        -2.97248799125191   -0.31583777499979    1.05859284964231
H        -4.48318244814924   -0.40754648819262    1.97091249589834
H        -4.47336015528755    0.24152139638583    0.32194743959215
H        -6.16875513975637   -1.42401880438144   -0.54566157922550
H        -6.33180311933777   -1.94177731757863    1.13959828283168
H        -6.00308422020594   -3.13617595783190   -0.12063420181083
22
 energy: -23.429301635981 gnorm: 0.004435113008 xtb: 6.4.1 (afa7bdf)
N        -3.60210637658819   -2.00507347935021   -0.86434383334774
C        -2.20445034300596   -2.40250280072744   -0.82133182133921
C        -4.29666759564041   -1.90295618666565    0.41122424374261
H        -4.10556297857670   -2.61182484158464   -1.49827199571411
C        -1.48490618813230   -1.80359817822746   -2.03239674099625
C        -2.01296076727895   -3.92602957749630   -0.77764989332794
H        -1.76670687283147   -1.96988047877327    0.08728504911910
C        -4.04739456289183   -0.50967555196860    0.99818112983760
H        -3.93182533326866   -2.65789581429866    1.13581387342188
C        -5.79270082983510   -2.12322716814462    0.19961156353849
H        -1.87223781988878   -2.23214746666877   -2.95530630232940
H        -0.41587150919019   -2.00081918735390   -1.97099454721665
H        -1.64783106955527   -0.72795371034412   -2.05537533663459
H        -2.39224003827066   -4.37976139118576   -1.69277900921623
H        -2.54801928406233   -4.35376624786528    0.07072031307899
H        -0.95919594729677   -4.17753948659521   -0.67932049565945
H        -2.98012175152542   -0.32692266432652    1.10825413470335
H        -4.52014192950700   -0.41303104755357    1.97305167908790
H        -4.45477538383476    0.24180281237882    0.32598738654844
H        -6.16500310650234   -1.42189598653069   -0.54467559432866
H        -6.33313056964170   -1.96655497798449    1.13130505430620
H        -5.99003037357590   -3.13898238453401   -0.14508657527460
22
 energy: -23.429395253902 gnorm: 0.003167486733 xtb: 6.4.1 (afa7bdf)
N        -3.59368302209882   -1.98616046997096   -0.86362206309278
C        -2.19943458958667   -2.39248418163267   -0.82290728746890
C        -4.29406433442219   -1.90269877680733    0.41036637805806
H        -4.09915651021666   -2.57572111125428   -1.51527865077519
C        -1.48774804677320   -1.81530421628626   -2.04912027362515
C        -2.01451563993198   -3.91636509283287   -0.76017043461522
H        -1.75404996179453   -1.94864983761912    0.07614116897648
C        -4.05393686918849   -0.51503239430772    1.01417343303262
H        -3.92692580002989   -2.66297764791399    1.12728843684314
C        -5.78783152920226   -2.12956282783349    0.19138517757695
H        -1.90436185790450   -2.23809149548886   -2.96166205915038
H        -0.42279520946351   -2.03875920051944   -2.01185293994995
H        -1.62329770170811   -0.73659114470149   -2.07491957606584
H        -2.40604163934450   -4.37961347413674   -1.66516430711606
H        -2.54208679468217   -4.33176497324349    0.09792377142220
H        -0.96101665502690   -4.17032324528691   -0.66973819221545
H        -2.98933044403714   -0.33914160253187    1.15829119447024
H        -4.55488745080184   -0.42348174856229    1.97573221698066
H        -4.43645928631306    0.24393511898767    0.33580279180495
H        -6.16349133556967   -1.41929104050517   -0.54200110322861
H        -6.33205553272120   -1.99190001489961    1.12331608627316
H        -5.97671042008337   -3.14025643845344   -0.17008148613519
22
 energy: -23.429441369163 gnorm: 0.001479311131 xtb: 6.4.1 (afa7bdf)
N        -3.58953866708445   -1.97367826515971   -0.86594690356623
C        -2.19680051158765   -2.38568721196801   -0.82433228345241
C        -4.29252623323183   -1.90176804640607    0.40786499575819
H        -4.09536977753293   -2.55646222699626   -1.52451490420604
C        -1.48851464376246   -1.82335900592526   -2.05865745203269
C        -2.01613719721787   -3.90914119848272   -0.74928841931624
H        -1.74893828734576   -1.93493957623665    0.06929819867176
C        -4.05740589815765   -0.51894344893725    1.02390491598549
H        -3.92286328635981   -2.66615022130614    1.11822383581015
C        -5.78507865492029   -2.13263537396545    0.18626576436052
H        -1.91835346651853   -2.24658671675698   -2.96350104899250
H        -0.42735614096252   -2.05928478093609   -2.03202141565375
H        -1.61052049176872   -0.74452194949200   -2.09165596911112
H        -2.41374401830515   -4.37789412267760   -1.64844057195860
H        -2.53970379177017   -4.31735234665149    0.11364272688595
H        -0.96294728361919   -4.16411037110444   -0.66245653234103
H        -2.99585631812083   -0.34640360904808    1.18432669845015
H        -4.57040390080907   -0.43448700576786    1.97882152570977
H        -4.42891965804101    0.24627814452854    0.34792404974877
H        -6.16442514867669   -1.41647018530688   -0.53887255627214
H        -6.32941662463408   -2.00728368207197    1.11917801218580
H        -5.96906063047399   -3.13935461513200   -0.18586038466407
22
 energy: -23.429468420726 gnorm: 0.000949956001 xtb: 6.4.1 (afa7bdf)
N        -3.58565312100554   -1.95914861966266   -0.86960724680491
C        -2.19374937351795   -2.37678953721363   -0.82727771508497
C        -4.29087838074109   -1.90037240272207    0.40457952988031
H        -4.09079742174536   -2.53828481157483   -1.53157956593636
C        -1.48832610929788   -1.83283756547402   -2.07058501026729
C        -2.01838612058779   -3.89975278135564   -0.73735812823691
H        -1.74285860333809   -1.91794053704968    0.06023791512342
C        -4.06105067656780   -0.52379144143331    1.03566038170058
H        -3.91915272575935   -2.67030102812016    1.10708571472702
C        -5.78238891924901   -2.13524723243860    0.18015261174777
H        -1.93206814143296   -2.25886924699510   -2.96709793629983
H        -0.43113543217537   -2.08323470576210   -2.05112755124936
H        -1.59665419340492   -0.75329413806662   -2.11293935911304
H        -2.42226554580664   -4.37621225154996   -1.62964782042490
H        -2.53758512059557   -4.29839697696155    0.13240627419865
H        -0.96539275878202   -4.15622457050337   -0.65395316297731
H        -3.00231892630853   -0.35491798351931    1.21164521151287
H        -4.58616456533281   -0.44952139902110    1.98452220885445
H        -4.42370162189062    0.24872471675593    0.36390044504030
H        -6.16615879518372   -1.41082611809163   -0.53434750806151
H        -6.32613613233050   -2.02578606033070    1.11525947455623
H        -5.96105794584712   -3.13721112471025   -0.20602648088547
22
 energy: -23.429479099097 gnorm: 0.000913563549 xtb: 6.4.1 (afa7bdf)
N        -3.58499518126141   -1.95426352989939   -0.87109387035368
C        -2.19293614639810   -2.37306952659364   -0.82935656173715
C        -4.29033851576087   -1.90035812996105    0.40354148890973
H        -4.08946800265488   -2.53423730750606   -1.53260914021649
C        -1.48813124412273   -1.83626785943854   -2.07591818569470
C        -2.01928166618507   -3.89580960986318   -0.73276022050022
H        -1.74021913016620   -1.91081522122389    0.05563909433530
C        -4.06188018426166   -0.52650907558028    1.04073178178734
H        -3.91902602101745   -2.67307970101412    1.10323921001289
C        -5.78177694230271   -2.13509469537239    0.17745115219301
H        -1.93264877902070   -2.26549023831966   -2.97039835653962
H        -0.43178896644256   -2.08921415963346   -2.05433388143727
H        -1.59429239004337   -0.75666249830492   -2.12389392000787
H        -2.42505890351951   -4.37593881948213   -1.62219878340999
H        -2.53757552493576   -4.28979668807305    0.13987328922917
H        -0.96644134162585   -4.15375629657258   -0.64977583417005
H        -3.00353832985920   -0.35778783903070    1.21819406270623
H        -4.58785033247411   -0.45671416956222    1.98925295460936
H        -4.42511928787242    0.24883884944575    0.37240231797202
H        -6.16664766171211   -1.40647197039240   -0.53223161196148
H        -6.32535700592713   -2.03288992287173    1.11356731417401
H        -5.95950907333686   -3.13484740655069   -0.21542001790079
22
 energy: -23.429489910604 gnorm: 0.000738799598 xtb: 6.4.1 (afa7bdf)
N        -3.58470190539231   -1.95024404229161   -0.87252909476581
C        -2.19242263901708   -2.36941684929004   -0.83137549707646
C        -4.29027579359526   -1.90074296958037    0.40226060761393
H        -4.08826576693057   -2.53166989372860   -1.53360086291815
C        -1.48772021807652   -1.83945799246610   -2.08080519778918
C        -2.02024405393718   -3.89183895180967   -0.72823989115989
H        -1.73782214633219   -1.90351324544623    0.05083742002468
C        -4.06187411783175   -0.52994320913444    1.04558219597442
H        -3.92014750901494   -2.67655098064785    1.09926618720437
C        -5.78179886632765   -2.13408857505379    0.17471202736383
H        -1.92996229103230   -2.27539885666392   -2.97358015267160
H        -0.43080330453323   -2.09065646197618   -2.05496682137234
H        -1.59570787180810   -0.76025441956013   -2.13609297028757
H        -2.42720753856605   -4.37573278311972   -1.61501221135208
H        -2.53829496493572   -4.28110188436675    0.14667365729188
H        -0.96768449854048   -4.15099479581002   -0.64456987264367
H        -3.00313255432453   -0.35979855050531    1.21967985977379
H        -4.58454609030941   -0.46624062627820    1.99636840885727
H        -4.42977858599224    0.24824465565258    0.38280796025794
H        -6.16676556529221   -1.40061150664073   -0.52979076365232
H        -6.32528032511452   -2.03902534729082    1.11157494782669
H        -5.95944402399642   -3.13119852979245   -0.22529765449998
22
 energy: -23.429499205144 gnorm: 0.000682650931 xtb: 6.4.1 (afa7bdf)
N        -3.58454168259626   -1.94679424514913   -0.87424150380054
C        -2.19234715309163   -2.36655361047417   -0.83292740000506
C        -4.29022937082919   -1.90160054385250    0.40071193701093
H        -4.08737327819329   -2.52843021661378   -1.53610743806339
C        -1.48823591515349   -1.84242549144830   -2.08514007662421
C        -2.02078191232177   -3.88858236589075   -0.72303735629846
H        -1.73650320462559   -1.89685759323265    0.04661828706440
C        -4.06126370979778   -0.53393479375996    1.05035666738435
H        -3.92152190743378   -2.68085203619976    1.09482697558216
C        -5.78197323325244   -2.13209682918896    0.17136034726165
H        -1.92426916156958   -2.28826422476583   -2.97611946872833
H        -0.42982256678941   -2.08693359184663   -2.05374648855145
H        -1.60217324458949   -0.76428738296336   -2.14969293497742
H        -2.42862043657154   -4.37597735886441   -1.60746035582920
H        -2.53879998048907   -4.27355649991555    0.15380839017729
H        -0.96837395130411   -4.14821571366141   -0.63862300299547
H        -3.00152336466311   -0.36147336927586    1.21704163052353
H        -4.57655422210894   -0.47754599380894    2.00577095378264
H        -4.43687015446783    0.24736668987965    0.39520526161342
H        -6.16657407066069   -1.39323001907055   -0.52768494292233
H        -6.32523018482492   -2.04385191224208    1.10898363546354
H        -5.96029792556676   -3.12613871345542   -0.23600083506830
22
 energy: -23.429505068941 gnorm: 0.000552797614 xtb: 6.4.1 (afa7bdf)
N        -3.58400186028450   -1.94445929693424   -0.87471541591846
C        -2.19208505322256   -2.36469280427688   -0.83353550370102
C        -4.29096112530528   -1.90235633258455    0.39959606263833
H        -4.08653708160186   -2.52373227777672   -1.53906670110258
C        -1.48883618878460   -1.84486045277751   -2.08808377263939
C        -2.02038933496970   -3.88644079521121   -0.71903231130434
H        -1.73517734843047   -1.89207748358807    0.04392321647562
C        -4.06037888352536   -0.53722792660766    1.05389575385594
H        -3.92372592756989   -2.68411229455752    1.09157149278399
C        -5.78279981792597   -2.13038137377273    0.16856212768485
H        -1.92125740158451   -2.29928082973147   -2.97700475703363
H        -0.42848559598808   -2.08269418242047   -2.05408110693012
H        -1.60930625111411   -0.76771342253207   -2.15917093143227
H        -2.42916263975532   -4.37700060661736   -1.60140674311092
H        -2.53737260710566   -4.26872630305901    0.15960012845801
H        -0.96788343665899   -4.14548310056256   -0.63479094943350
H        -2.99958561899117   -0.36304980721625    1.21412492342068
H        -4.56917493342862   -0.48649749161090    2.01337658458415
H        -4.44217456553341    0.24632892383243    0.40491939496378
H        -6.16606526949817   -1.38745023974553   -0.52678016045812
H        -6.32650640332904   -2.04636662708705    1.10627222670051
H        -5.96201328629338   -3.12196109096299   -0.24427127650177
22
 energy: -23.429508328340 gnorm: 0.000331028892 xtb: 6.4.1 (afa7bdf)
N        -3.58344417612903   -1.94365772281645   -0.87472842583596
C        -2.19198541082266   -2.36439824826760   -0.83348748322500
C        -4.29137145135694   -1.90318977570130    0.39900998479212
H        -4.08612282763850   -2.51964640174613   -1.54171858668130
C        -1.49030388531024   -1.84615873261574   -2.08951920949160
C        -2.01930999653330   -3.88584813993939   -0.71631541342218
H        -1.73469018795790   -1.89014258151727    0.04280256923498
C        -4.05977917017557   -0.53951769390989    1.05607561415844
H        -3.92558047169161   -2.68668956494319    1.08969812730884
C        -5.78327002415554   -2.12849740937742    0.16635184035320
H        -1.91916417080276   -2.30659864891972   -2.97677978822599
H        -0.42878910057077   -2.07784774993851   -2.05402106601857
H        -1.61645081497968   -0.76999895868655   -2.16525471128215
H        -2.42898164847436   -4.37815606856237   -1.59723707741625
H        -2.53467720540082   -4.26719215618859    0.16353625759345
H        -0.96646835070436   -4.14364276486168   -0.63321048625818
H        -2.99839771052668   -0.36469060945895    1.21156524947049
H        -4.56373177196934   -0.49206598467346    2.01832158256939
H        -4.44526839031720    0.24557163610310    0.41126926312305
H        -6.16518366815328   -1.38327225712887   -0.52723784726324
H        -6.32741737389968   -2.04600263746027    1.10383238846133
H        -5.96349282333049   -3.11859334519011   -0.24905049994512
