23
 energy: -23.677971909644 gnorm: 0.284025782101 xtb: 6.4.1 (afa7bdf)
N         1.31013625150000   -1.34733014510000    0.67041302400000
C         2.73276945350000   -1.79347242920000    0.89884485920000
H         0.74031494660000   -1.81292108830000    1.39035476250000
C         0.68554043090000   -1.64930485280000   -0.67028049890000
C         0.82818879070000   -0.44522786780000   -1.59401002470000
C        -0.79095130540000   -1.96321292030000   -0.43802856390000
H         1.18863007480000   -2.53017769300000   -1.08324706320000
C         3.02122995810000   -1.65368453020000    2.39111104290000
C         3.70040849190000   -0.95349283380000    0.07929128910000
H         2.79108895070000   -2.84939489170000    0.61247532990000
H         2.88394566560000   -0.62129545360000    2.73144148640000
H         4.05147942400000   -1.94936434760000    2.61632236560000
H         2.35711106530000   -2.29542732540000    2.98017723210000
H         3.50662844220000    0.11834230530000    0.19545047620000
H         3.63692627500000   -1.20617117190000   -0.98300081800000
H         4.73499636090000   -1.14221866250000    0.38588288970000
H         0.38784338180000    0.45513636450000   -1.15162032900000
H         0.31930236120000   -0.63221457030000   -2.54595137830000
H         1.87179223850000   -0.22565287590000   -1.82798630530000
H        -1.31046480220000   -1.11907393420000    0.02966326500000
H        -0.91095110780000   -2.83642737440000    0.21210696130000
H        -1.29313945580000   -2.18386686290000   -1.38602241750000
H         1.22100457180000   -0.34265723610000    0.88090265040000
23
 energy: -23.752072871085 gnorm: 0.114027265316 xtb: 6.4.1 (afa7bdf)
N         1.29387201686062   -1.33452417407922    0.69600951638241
C         2.85102227955506   -1.80816028121746    0.95692021717442
H         0.70888149825222   -1.80919588571547    1.43728690097279
C         0.59418234250733   -1.64792730856655   -0.76524311245625
C         0.80980452953239   -0.43977652522523   -1.63056403540479
C        -0.83414593321638   -1.97481386661719   -0.46771666429236
H         1.16571502425662   -2.52229410466263   -1.10309555600739
C         3.06319040309103   -1.66343583838936    2.42786946314024
C         3.73333472705552   -0.95785656066408    0.08386781508033
H         2.82183457230756   -2.85258040750529    0.62679275851177
H         2.90034347673723   -0.62782366438531    2.73493503518565
H         4.09574797746938   -1.95293604458219    2.66719155228534
H         2.36977339824233   -2.29813511945018    2.98390444092295
H         3.51543178460400    0.10713431222863    0.20226623677692
H         3.63595626302400   -1.21045513160552   -0.97334808381536
H         4.77527022451640   -1.13100461618428    0.37860711599363
H         0.37869873684951    0.44832509849647   -1.16324046294489
H         0.30800251003098   -0.61037534305749   -2.59137392431989
H         1.86311140592865   -0.23534892811282   -1.82636299184131
H        -1.31912738307715   -1.12332383325107    0.01482983973981
H        -0.91369976275255   -2.83732289618541    0.19869652621730
H        -1.35206085004186   -2.19729821664065   -1.41082037786399
H         1.19869122206711   -0.29998106182772    0.91687802606266
23
 energy: -23.777830202612 gnorm: 0.045741913688 xtb: 6.4.1 (afa7bdf)
N         1.29299441675744   -1.33174941575258    0.70031015846741
C         2.93286594453872   -1.82113909426978    1.00601913937054
H         0.71713118056112   -1.79355742612840    1.42980941677978
C         0.52318010694580   -1.64632725487247   -0.82922518097856
C         0.77097369609410   -0.43336150413268   -1.66906945590545
C        -0.88975233586150   -1.97739672280538   -0.50577998404605
H         1.12743882735756   -2.50984155168666   -1.12799784549013
C         3.11827052321459   -1.66731809144162    2.47124793301653
C         3.77550744193840   -0.96255039766010    0.10731974766251
H         2.86197261527723   -2.85395894890926    0.65708010643368
H         2.94115159978473   -0.63190251604126    2.76222021988522
H         4.13620716108775   -1.95003567347930    2.75037585325872
H         2.41116457768971   -2.29977715919445    3.00645136364172
H         3.53364877094205    0.09576099838254    0.22001119809369
H         3.64029021110210   -1.22477161946936   -0.94141938866585
H         4.82786112237120   -1.10630700766129    0.36330041747670
H         0.35359122480633    0.45291781256977   -1.19169916425498
H         0.29616234802237   -0.56726737165915   -2.64386000775793
H         1.83486575863399   -0.25577009253024   -1.82652246240930
H        -1.36240549379788   -1.12902839808576   -0.01174165691588
H        -0.93634578811837   -2.83669074130773    0.16401727068411
H        -1.43732219488127   -2.21240227081078   -1.42171081103825
H         1.19437874933382   -0.31663595025406    0.92515336819178
23
 energy: -23.789714744773 gnorm: 0.014913125380 xtb: 6.4.1 (afa7bdf)
N         1.30495129407932   -1.34175650090193    0.68628736085728
C         2.99563830752712   -1.82880282491458    1.04837732422713
H         0.73932003970189   -1.80069022370888    1.40007554334247
C         0.46366114595928   -1.64338564824681   -0.87741196700887
C         0.72480102691603   -0.42384488795843   -1.70645763213331
C        -0.95091770889303   -1.97706240674556   -0.54009992582119
H         1.06391544241053   -2.49848414605570   -1.17258745574097
C         3.17169494653104   -1.66626663252132    2.51990226021829
C         3.82242009963857   -0.96607225723106    0.13863029171953
H         2.92278161677767   -2.85517270392056    0.70696167808395
H         2.99255067685990   -0.63006045477138    2.80338146412541
H         4.18115611232634   -1.94293342583120    2.83471629202536
H         2.46069913940912   -2.29838810826182    3.04897696281528
H         3.56443346352520    0.08735550368829    0.25048932042714
H         3.65581492375370   -1.24048654149901   -0.90226541637197
H         4.88646376749425   -1.08416973374841    0.35813042341740
H         0.31413574446860    0.46381057586125   -1.22757118470160
H         0.27401503469792   -0.52408285359962   -2.69715997931595
H         1.79643341101318   -0.27104445177543   -1.83479753803934
H        -1.42386495036132   -1.13310597971512   -0.04053619951934
H        -0.97939450194265   -2.83777194445134    0.12734679413287
H        -1.52760255397158   -2.22046218919455   -1.43600017838215
H         1.21072398587890   -0.34623256169680    0.90590199714256
23
 energy: -23.795509277199 gnorm: 0.018512095761 xtb: 6.4.1 (afa7bdf)
N         1.32668044648562   -1.36698294037755    0.65878601734682
C         3.04283401350746   -1.83326285370805    1.08495884473147
H         0.76496494000969   -1.83475316881212    1.36348040356306
C         0.41417084990823   -1.64267493571030   -0.91369203297828
C         0.67541961898078   -0.41566518343487   -1.73613588715740
C        -1.00639081921697   -1.96918460179723   -0.56713179059096
H         0.99288633360983   -2.49756399881844   -1.23095928099541
C         3.21540124782805   -1.65610790513411    2.56243295766304
C         3.86757394571502   -0.96836581603387    0.17517520860905
H         2.99363398853223   -2.86311782775732    0.76293547948389
H         3.04233725576680   -0.61863087379027    2.84404073422257
H         4.22211905699352   -1.93027819704795    2.89030388436449
H         2.50902371813972   -2.28782586698725    3.09759170322548
H         3.60810839187955    0.08285406312329    0.29223229419224
H         3.68576087488442   -1.24770296569102   -0.86049780191120
H         4.93567805415686   -1.07775886212234    0.37452002579968
H         0.26148761037797    0.47192678319723   -1.26029846266461
H         0.23912902486554   -0.49978370969269   -2.73517338461991
H         1.74816865141327   -0.27347969448103   -1.85102314668555
H        -1.48330746339088   -1.12825329064018   -0.06570683676180
H        -1.03454287083812   -2.83438238819469    0.09266477200944
H        -1.59581420209731   -2.21139478839068   -1.45594975604672
H         1.23850779628873   -0.37672137489853    0.87173629070062
23
 energy: -23.799216473724 gnorm: 0.019145400079 xtb: 6.4.1 (afa7bdf)
N         1.35631623798762   -1.40632709050259    0.62300271309158
C         3.08029314942006   -1.83535040367258    1.11832260750558
H         0.79564752057120   -1.88605371634715    1.32247142092900
C         0.36965082437766   -1.64401072395915   -0.94255307448486
C         0.62473237941309   -0.41011344856467   -1.76032560089670
C        -1.05703123155722   -1.95606690247875   -0.58987686755006
H         0.91760045396723   -2.50522881489240   -1.29937842360134
C         3.25103641587525   -1.63919054151738    2.59897646009969
C         3.91230651121432   -0.97050659664493    0.21443312862687
H         3.07164168435115   -2.87569738052747    0.82059823367523
H         3.08409520255280   -0.59897267119892    2.87542342244432
H         4.25950320707698   -1.91128521935406    2.92574354775897
H         2.55037949825065   -2.26698597764331    3.14697229066040
H         3.66032413852760    0.08046331128101    0.34329516329588
H         3.72318867826261   -1.24372934750744   -0.82032677919249
H         4.98007441777790   -1.08589041052619    0.40641577750440
H         0.19981311095263    0.47319517392738   -1.28563213982809
H         0.19508002662973   -0.49073163941959   -2.76262204807306
H         1.69609428722351   -0.26435785700297   -1.86890782547348
H        -1.53100071429435   -1.11397880534826   -0.08650276444280
H        -1.09694539643525   -2.82581224373428    0.06263483356143
H        -1.64998836873519   -2.18799579780049   -1.48034048152121
H         1.27101843039000   -0.41448329376580    0.83246664141074
23
 energy: -23.801664536300 gnorm: 0.019470703468 xtb: 6.4.1 (afa7bdf)
N         1.39324539374216   -1.45729401648621    0.58359736610867
C         3.10741365745686   -1.83710264326290    1.14352577648859
H         0.83304060633056   -1.94772014801152    1.27913699471537
C         0.33349210221180   -1.64874419473231   -0.96479125286794
C         0.57743074708436   -0.40748610875728   -1.77743363989811
C        -1.09866803925962   -1.93933644729276   -0.60475932184086
H         0.84347296355340   -2.51804625977239   -1.37191143216010
C         3.27276632761908   -1.61685618840176    2.62556325180435
C         3.95440107360130   -0.97217822854325    0.25222571198602
H         3.15009764011617   -2.88932334656607    0.87222411938477
H         3.10988066482826   -0.57287326300268    2.89188643211730
H         4.28527671958500   -1.88543521434104    2.94627030779534
H         2.57756685870893   -2.23700715498880    3.18998557612347
H         3.71711488976721    0.08028109796434    0.39804209164695
H         3.76482562585509   -1.22899727229323   -0.78602262477379
H         5.01916337403260   -1.10612766183313    0.44820555640251
H         0.13796282960777    0.46849140802568   -1.30122497188990
H         0.14769365251610   -0.49213429962520   -2.77994182301635
H         1.64625715617730   -0.24737828052988   -1.88599553728067
H        -1.56239790777025   -1.09282476669462   -0.09831696509901
H        -1.15853486913543   -2.81354998764655    0.04080513127019
H        -1.69236561924121   -2.15404846754921   -1.50105067591924
H         1.30469461641255   -0.46341895285922    0.79427016440242
23
 energy: -23.803376636450 gnorm: 0.027517085515 xtb: 6.4.1 (afa7bdf)
N         1.43457976706607   -1.50845333718426    0.54929687686924
C         3.12110848454780   -1.83924427664484    1.15426039943910
H         0.87320217364192   -2.00670847225174    1.24014164592381
C         0.31072478243597   -1.65557811788299   -0.97934310648922
C         0.54021601050322   -0.40743784109909   -1.78669427136890
C        -1.12409814252850   -1.92417263081451   -0.60786779517005
H         0.78456814905991   -2.52965812040022   -1.43119162870053
C         3.27434979748389   -1.59452170605985    2.63699996729010
C         3.98917976753318   -0.97310765383939    0.28227367389658
H         3.21056450434594   -2.89863880966680    0.90548501759791
H         3.11230884241686   -0.54639454015807    2.88886748809708
H         4.29012005292976   -1.85741044200805    2.95502821754234
H         2.58245607188355   -2.20525820527413    3.21600953359912
H         3.77140757282904    0.08151405698492    0.44785997436310
H         3.80665409619797   -1.20629724573916   -0.76269738872911
H         5.04867518713136   -1.13370228197720    0.49118272645247
H         0.08680324080536    0.45998419530685   -1.30693472613582
H         0.10525503733279   -0.49865302703595   -2.78739709494499
H         1.60569435230834   -0.22790068016182   -1.90145903437803
H        -1.57155613786581   -1.07139682820593   -0.09689900402380
H        -1.20434533581676   -2.80180906866123    0.03205548537753
H        -1.72158957207487   -2.11967905989635   -1.50837378913274
H         1.33755176163298   -0.51458630453015    0.76368706812480
23
 energy: -23.806181279685 gnorm: 0.049243498926 xtb: 6.4.1 (afa7bdf)
N         1.49928063552847   -1.57158763011741    0.51519891618292
C         3.12396801609412   -1.84098665730383    1.15259777471832
H         0.93401278689649   -2.07856579550038    1.19776992129945
C         0.29178443545097   -1.66414342600779   -0.98956747630983
C         0.50361273702864   -0.40965433428585   -1.79222546462236
C        -1.14277573920510   -1.90731230755352   -0.60006140881819
H         0.72380249565983   -2.54063121433529   -1.48835521849945
C         3.25498052285953   -1.56756713713032    2.63598620260293
C         4.02575053106070   -0.97235262416732    0.31195143396631
H         3.26703908382595   -2.90433973232362    0.92945235726947
H         3.09052291119929   -0.51493937291073    2.86749250029861
H         4.27282410305054   -1.82130487048086    2.95577347539920
H         2.56451561742552   -2.16654552293759    3.22842184881155
H         3.83571538060196    0.08471900986043    0.50472136651383
H         3.85888640441553   -1.16973372895827   -0.74389655617387
H         5.07618459227966   -1.17270055657857    0.54453796537476
H         0.03503878342146    0.44756624715419   -1.30822168089828
H         0.05969618192644   -0.50962704763106   -2.79031007582772
H         1.56509168370460   -0.20475394709532   -1.91891331947101
H        -1.56754793339662   -1.04709160872373   -0.08258461872893
H        -1.24593460318946   -2.78818400079587    0.03377474407109
H        -1.74787475907590   -2.08020562207867   -1.50277942108068
H         1.38525659623737   -0.57916851729858    0.73352696942184
23
 energy: -23.812022392782 gnorm: 0.086261140098 xtb: 6.4.1 (afa7bdf)
N         1.62233118267974   -1.67366810690439    0.47482919680184
C         3.09543517865098   -1.83645615683287    1.13798024367971
H         1.03895655324715   -2.18658804955823    1.13976400546174
C         0.27514482010455   -1.67353438115629   -0.98714056211702
C         0.46242788678488   -0.41508299250956   -1.78932810894740
C        -1.15498838994248   -1.88326749948841   -0.57907284275794
H         0.64211912667205   -2.55099627995087   -1.55516438033133
C         3.20468110883573   -1.52599018398511    2.61872298668760
C         4.06160590148884   -0.96900712949492    0.34735867528647
H         3.32748758974360   -2.90226148179871    0.95650456642528
H         3.04357498545892   -0.46906028007003    2.82408497718375
H         4.22723008891664   -1.76913023010100    2.92743886067727
H         2.52195952678869   -2.10666459583660    3.23633835971331
H         3.92246359272889    0.09337402304201    0.58002406052185
H         3.92446553740313   -1.10689351891223   -0.72831556199722
H         5.09699033887321   -1.24153039584944    0.62532269063348
H        -0.03084072820940    0.42790876804623   -1.30506734050358
H         0.00384469431114   -0.53673195176782   -2.78436435219983
H         1.51888770612485   -0.16483814715237   -1.93914145912561
H        -1.54887132454063   -1.01312631694077   -0.05802250152646
H        -1.29725415828358   -2.76841154859618    0.04639494298701
H        -1.76246170188190   -2.02433993489584   -1.48931447417623
H         1.46864094784496   -0.68281400648656    0.69445825312330
23
 energy: -23.813073347511 gnorm: 0.091205810593 xtb: 6.4.1 (afa7bdf)
N         1.72178662560649   -1.72746846689554    0.48000768498423
C         3.03091633448588   -1.83093196928626    1.10809802672514
H         1.09717409202332   -2.22854812061919    1.11621810382022
C         0.28863549995775   -1.66973262637555   -0.95754688907043
C         0.47218018903119   -0.41674930507746   -1.76552716210603
C        -1.13240608827706   -1.87380969183934   -0.55293841572859
H         0.63626594208677   -2.53834110729771   -1.53560908196591
C         3.14866232484959   -1.50906011020063    2.58414039066318
C         4.04104864397800   -0.96718870961221    0.34294882284764
H         3.31714385446369   -2.88813211863421    0.95489290927234
H         2.99547466561117   -0.45407874303732    2.78452613582839
H         4.17514884835697   -1.75110833396861    2.87308483891490
H         2.47772824293569   -2.08179500788365    3.21822721702155
H         3.92264264831463    0.09609446866861    0.57992296225708
H         3.93160406186907   -1.08381032350946   -0.74033872469015
H         5.06749858734864   -1.26826374218039    0.65173727501460
H        -0.03015527406413    0.42383044664336   -1.29110641824553
H         0.00743221676592   -0.55892679751331   -2.76076885642741
H         1.52771547021132   -0.14284068004758   -1.93214346596948
H        -1.51974555537562   -1.00349334839904   -0.03777138119361
H        -1.29389761592630   -2.75965793864146    0.06872863905185
H        -1.72726653867792   -2.00696970764757   -1.47133458969210
H         1.50824328822493   -0.73812846384545    0.67684221418810
23
 energy: -23.820163204552 gnorm: 0.070208141311 xtb: 6.4.1 (afa7bdf)
N         1.70044720136463   -1.71456973536434    0.48082099764649
C         3.07887013083529   -1.85000512718791    1.11225406031773
H         1.08097887152814   -2.22908772354591    1.10439141091407
C         0.27411566119930   -1.67503842180654   -0.98970399660984
C         0.46808638181389   -0.40927016622166   -1.77481470758008
C        -1.14619170261729   -1.87288786276769   -0.55327255108530
H         0.64462751313603   -2.54140405361058   -1.53862174892158
C         3.15961571790913   -1.51196116333168    2.59644792996298
C         4.05884111235314   -0.97034531149036    0.34190553894458
H         3.35005233138023   -2.90554561561005    0.95854596223328
H         2.98346369898759   -0.45215036508512    2.78121409276478
H         4.17826213744943   -1.74533283682694    2.91859617111595
H         2.47243899845595   -2.08868618131694    3.20964582220782
H         3.91136524479527    0.08580735475090    0.57614782570806
H         3.94059267715692   -1.10256292084891   -0.73205877744254
H         5.08381064946902   -1.23960327469026    0.63193772161990
H        -0.02222883600268    0.43199403252762   -1.28772819529327
H         0.01071359426793   -0.52962162848597   -2.77062448550615
H         1.52356316420533   -0.15932753568178   -1.92774584433541
H        -1.52461277716711   -1.00113711584103   -0.02284528338957
H        -1.28398765608314   -2.75733423081474    0.06986140446953
H        -1.76375448889833   -2.00940590807973   -1.45581445285322
H         1.48476083826132   -0.73163460587034    0.66575134061176
23
 energy: -23.826809735576 gnorm: 0.051201758121 xtb: 6.4.1 (afa7bdf)
N         1.73195940379788   -1.72070452469356    0.49809497011293
C         3.11052020192868   -1.86870871679590    1.10414760248800
H         1.09512594053550   -2.25797571511649    1.07865678937743
C         0.24992932365684   -1.67340075835818   -1.02296132360992
C         0.46498389067968   -0.39941746923277   -1.78355878508158
C        -1.15957416415918   -1.86915859112084   -0.54435278683728
H         0.64092986653627   -2.53880960389936   -1.53952977260437
C         3.15201382181611   -1.50930332293968    2.59617343376316
C         4.07699432750063   -0.97329570969558    0.34024315112145
H         3.39396122561134   -2.91849465888916    0.97048996542319
H         2.94386857092814   -0.44709612958520    2.75540070749971
H         4.15932291578978   -1.72196895215054    2.96497085028471
H         2.44409714462319   -2.08818982684107    3.18519701245973
H         3.89772324460201    0.07436963656063    0.57642552948637
H         3.95415309575887   -1.11608448877978   -0.72660642534455
H         5.09702708817617   -1.21619312040306    0.61783565957227
H        -0.01051706786375    0.44293277684597   -1.28396853131839
H         0.01971572660821   -0.49030491790825   -2.78421243880991
H         1.52322005600718   -0.17975291156861   -1.91775264076136
H        -1.52308240873285   -0.99799603941346    0.00329209605768
H        -1.26679660563798   -2.75290215821798    0.08096829138868
H        -1.81107919331338   -2.00820494963106   -1.42255365139174
H         1.47933405895065   -0.74845024536602    0.64789053222374
23
 energy: -23.833300169819 gnorm: 0.029873825539 xtb: 6.4.1 (afa7bdf)
N         1.77535832856530   -1.71626602279259    0.54551204211192
C         3.13150535557060   -1.87318976801406    1.10479939457794
H         1.11441911048353   -2.29143435311461    1.05836888837511
C         0.20764802849801   -1.66545817300343   -1.07156968645538
C         0.46585021890693   -0.38855565938159   -1.80234568419279
C        -1.17669877048803   -1.87077536903011   -0.54167167875137
H         0.63880408003285   -2.53682294521152   -1.53156671352328
C         3.15173089729826   -1.51178756146650    2.59842538766810
C         4.08916416828059   -0.97452872677875    0.33568284287764
H         3.42210147192657   -2.91401567781715    0.99135688211449
H         2.91481704383819   -0.45567963471457    2.73609879485694
H         4.13988440497361   -1.69935743951656    3.01223686876636
H         2.42211205975369   -2.09950286890897    3.15419620347445
H         3.87904032197024    0.06611165718275    0.56529965440172
H         3.95610310505435   -1.13299785567347   -0.72641229699214
H         5.10991958952501   -1.19310352129382    0.59926002315557
H         0.00966694259019    0.45686717157924   -1.28980985362343
H         0.04279364267859   -0.43391528591981   -2.81401037721440
H         1.53299893743882   -0.21139803954689   -1.90330972850148
H        -1.52491088803884   -1.00260824071012    0.01912113018482
H        -1.23820360096433   -2.75194057379814    0.09285812729738
H        -1.87198315974319   -2.02144467011741   -1.38134742458087
H         1.47170917564906   -0.75730683915189    0.64311743947269
23
 energy: -23.836561231209 gnorm: 0.021592969351 xtb: 6.4.1 (afa7bdf)
N         1.81548604368419   -1.73371502953146    0.56854254370140
C         3.15162298610476   -1.87285924307311    1.12258681666028
H         1.15390853971093   -2.34148234041757    1.03637214049978
C         0.15444629905250   -1.66811972353795   -1.13570638617704
C         0.44902306271984   -0.38017018659642   -1.82968938380617
C        -1.20790171855980   -1.86707010862885   -0.55066980786536
H         0.61144748217070   -2.54846022966325   -1.56513469709338
C         3.16194351115059   -1.50276816649307    2.61793932256545
C         4.10696798004212   -0.97453506938134    0.34510002864357
H         3.46230957611923   -2.91660287049678    1.01916192068440
H         2.89785886858660   -0.45069154750633    2.73702696314477
H         4.13836322883484   -1.66753452525381    3.06394371830517
H         2.42578547614544   -2.10116227846047    3.15433289008755
H         3.88937434324717    0.06614524093632    0.56641393560195
H         3.97225511602705   -1.14143888114298   -0.71748166942551
H         5.13271973915661   -1.18423961832952    0.60772290268776
H         0.00740558439351    0.46427785481552   -1.29970415990508
H         0.04492869999753   -0.37728017501859   -2.85318133121166
H         1.52359481721811   -0.23059402003224   -1.90380809114716
H        -1.53018594111801   -0.99713847901967    0.02850664440212
H        -1.23442281668524   -2.74671566200805    0.09169764814634
H        -1.95308270137953   -2.02274652318579   -1.35168751519788
H         1.48998228718085   -0.78420881517454    0.64200580219867
23
 energy: -23.838707170040 gnorm: 0.017636320125 xtb: 6.4.1 (afa7bdf)
N         1.83099182118734   -1.73229197596084    0.60223380749930
C         3.16642376809965   -1.85945186316291    1.15638485615636
H         1.17776817019483   -2.36610681708640    1.03436267777229
C         0.09578674583217   -1.66601569521970   -1.20387813106075
C         0.43658647948356   -0.37478556678798   -1.85891110295583
C        -1.23383091300927   -1.86959195225317   -0.57290063717071
H         0.59335070348199   -2.54916442038418   -1.58369395757713
C         3.18813325879050   -1.50372036445916    2.64742936489507
C         4.11210990437182   -0.97283806408731    0.35116757429328
H         3.46379962276506   -2.90136692525618    1.03949751001832
H         2.91340303544126   -0.46132699388069    2.76749594882175
H         4.15647022291566   -1.65678072808424    3.09555654374064
H         2.45802343884389   -2.11799077365806    3.17213326238857
H         3.89261658017907    0.07276649955025    0.54544974446580
H         3.97240913321996   -1.16539168086800   -0.70896237581193
H         5.14729752136521   -1.17041637019721    0.61078610438200
H         0.01133093360003    0.46876895431337   -1.31396245823186
H         0.05090420170790   -0.32781549133795   -2.88802896297507
H         1.51770022507700   -0.25516514732586   -1.91176682058717
H        -1.53886310528961   -0.99777880240117    0.00440373892480
H        -1.22855102518247   -2.74237127871746    0.08115915386817
H        -2.00827459486735   -2.04101960888782   -1.33422119781717
H         1.48824433559179   -0.78925533104731    0.66255559246122
23
 energy: -23.840413245247 gnorm: 0.014936833901 xtb: 6.4.1 (afa7bdf)
N         1.87948935109247   -1.77750898207082    0.60068462271210
C         3.20034910185397   -1.86338599813364    1.18814846473820
H         1.23483128574044   -2.44189266260952    1.00271423222767
C         0.02500849870084   -1.67552033991971   -1.29396651808955
C         0.39225106303552   -0.36952030528823   -1.89566442455084
C        -1.27690198358099   -1.85440595229819   -0.59498954723706
H         0.53199205228995   -2.55677372517710   -1.65958283091360
C         3.20572488931924   -1.48330305107120    2.68113954826258
C         4.14916950300307   -0.97473705222539    0.38259152985302
H         3.52799476343507   -2.91338279608013    1.07569482247655
H         2.90224697285064   -0.44089139275486    2.78636826849173
H         4.17937221347338   -1.61042335965924    3.13944316787591
H         2.48985960420338   -2.10630081579882    3.21373654962829
H         3.93147442471789    0.07642205899980    0.56099655237845
H         4.02217070355393   -1.18021741577002   -0.67733867573444
H         5.18443799331919   -1.16871990423821    0.65895074626542
H        -0.02411377308744    0.46365604153491   -1.32560363249182
H         0.01677547429425   -0.28111124647339   -2.92539501002485
H         1.47360360999756   -0.26392980070078   -1.94074054802868
H        -1.53981518447467   -0.97212633066278   -0.00275980639819
H        -1.25314921384976   -2.72341905533072    0.06292044777851
H        -2.10113984698381   -2.02155736313249   -1.31299027030158
H         1.51219896089585   -0.84006094833940    0.66993254658215
23
 energy: -23.841547692349 gnorm: 0.012718192039 xtb: 6.4.1 (afa7bdf)
N         1.90750748766944   -1.79519171011519    0.61308115119047
C         3.22304638914093   -1.86346006780981    1.21850266839997
H         1.27227969489437   -2.47148424989687    1.00152088773436
C        -0.03929019599068   -1.67512274085727   -1.36321830274007
C         0.35890437114886   -0.36679483710919   -1.92659220091598
C        -1.30985264492755   -1.84724060023564   -0.62384541785774
H         0.48503863262624   -2.55301559607276   -1.70067607501198
C         3.23032987931629   -1.47611035091162    2.70652203340010
C         4.16974329493927   -0.97739442040577    0.40635880988705
H         3.55427982145512   -2.91456548848410    1.10918654105052
H         2.91760063612275   -0.43796978729909    2.81549482713505
H         4.21517648440051   -1.58861070915432    3.14557301794146
H         2.53467849449471   -2.10776092831712    3.25585849955719
H         3.94263479776354    0.07753931938588    0.55942600679958
H         4.05438820981164   -1.20654410681209   -0.65026941410487
H         5.20464477886242   -1.15599115943143    0.69690922899422
H        -0.04779724005720    0.45841830014856   -1.34058673248928
H        -0.00355146557015   -0.24394426573392   -2.95771320882111
H         1.44448469810005   -0.27949940823105   -1.96032222379135
H        -1.55182024763413   -0.95946896723488   -0.03826592670210
H        -1.26674453588430   -2.71068365503928    0.04027790539872
H        -2.15095958767054   -2.01985170616964   -1.30970617905942
H         1.51910871078839   -0.86436326141335    0.69677433950518
23
 energy: -23.842333873092 gnorm: 0.009424613530 xtb: 6.4.1 (afa7bdf)
N         1.94267079824138   -1.81733029636974    0.61708770171742
C         3.25303290499116   -1.86636294928670    1.24571528011339
H         1.31243359303228   -2.50957114787059    0.99463733310666
C        -0.10674876965210   -1.67551342551815   -1.44006901378289
C         0.32018234823106   -0.36379311818774   -1.96641096012025
C        -1.34836771149352   -1.83787460989158   -0.65007971742015
H         0.42815648998019   -2.55327279159507   -1.75436120650849
C         3.25295844094761   -1.46902210049422    2.72859678129350
C         4.20354312881751   -0.98028869871264    0.43970215049395
H         3.58829315536367   -2.91271910337807    1.14922222694338
H         2.92896881874346   -0.43484846744164    2.83856470399838
H         4.25126562524537   -1.56299061149482    3.14864764793973
H         2.57616348657022   -2.10622036023872    3.29730713072223
H         3.95500112544318    0.07295666661701    0.57347488201294
H         4.11020051054363   -1.22610007506595   -0.61504529438210
H         5.23399887554688   -1.13809375691623    0.75278838996622
H        -0.07970707522487    0.45149076190533   -1.36432934265113
H        -0.02898224185254   -0.20905616985052   -2.99762694912370
H         1.40864832655552   -0.29302812031705   -1.98921017924832
H        -1.56001863258142   -0.94305190543690   -0.06155580032099
H        -1.28142562258070   -2.69539947529591    0.02168418252201
H        -2.22590619600229   -2.01168025420891   -1.29751680934606
H         1.52946908493427   -0.89734038815113    0.72306709757424
23
 energy: -23.842775781390 gnorm: 0.008057928755 xtb: 6.4.1 (afa7bdf)
N         1.97805811786462   -1.83686742455531    0.62110561778120
C         3.28233701625197   -1.87672213659063    1.26304847338211
H         1.35640746245925   -2.53268734276227    1.00371572818976
C        -0.16673691691582   -1.67522052446981   -1.49238060625382
C         0.28068079306579   -0.36163370987113   -1.99555482297215
C        -1.38675926683522   -1.82707508031340   -0.67355789373950
H         0.36814108437658   -2.55523198284666   -1.79706249261136
C         3.27268871514230   -1.46227217255840    2.74205158770757
C         4.23609203535421   -0.98478667947493    0.46833129805858
H         3.63050219560953   -2.91867745499447    1.18821891138764
H         2.93432200037009   -0.42954298493254    2.84739317635609
H         4.28121389230251   -1.53931486005295    3.15196348881500
H         2.61204070484226   -2.10274304410863    3.32678273653735
H         3.96402428361513    0.06329984536248    0.59033560576973
H         4.17093651982119   -1.23859424754581   -0.58617413830792
H         5.26054962979038   -1.12123743720445    0.80608337448607
H        -0.11385209813550    0.44749342831657   -1.38364439662741
H        -0.05813864563200   -0.18549572461841   -3.02568882114148
H         1.36963850604623   -0.30382881695172   -2.01218902169472
H        -1.58320240144227   -0.92866496846850   -0.09117420371576
H        -1.30858095163090   -2.68246521373883   -0.00301818462557
H        -2.26791196388941   -2.00040939620177   -1.29991990139411
H         1.55137975136904   -0.92643246861835    0.74562472011267
23
 energy: -23.843019714472 gnorm: 0.004997536029 xtb: 6.4.1 (afa7bdf)
N         2.00925542459084   -1.85166678691107    0.62466102600751
C         3.30920633930601   -1.88055209978353    1.27689916929799
H         1.39249198058590   -2.55490246422305    1.00802650593968
C        -0.21393029728287   -1.67581319547839   -1.53540822995541
C         0.25002236853238   -0.36167463107202   -2.02333059468140
C        -1.41854599001150   -1.81968108917340   -0.68977207492809
H         0.32044742806337   -2.55865763593678   -1.83520061505245
C         3.28657004358691   -1.45918839691226    2.75444434848394
C         4.26493401931820   -0.98290130745331    0.49099526245298
H         3.66816025748846   -2.91729192649397    1.21570546230124
H         2.94159300310204   -0.43049889695198    2.85657665110975
H         4.29319876818524   -1.52882962018710    3.16589547468146
H         2.63048304763515   -2.10202618382619    3.34031150080700
H         3.97433821613542    0.06070876513078    0.60139820213766
H         4.22549164769981   -1.24482719102760   -0.56302515609004
H         5.28419606587212   -1.10191823286368    0.85006064403115
H        -0.13951073433915    0.44439350042001   -1.40384548726690
H        -0.07875847653451   -0.16871821602533   -3.05414966701025
H         1.34050671860594   -0.31601368763223   -2.02990637848006
H        -1.59512400150367   -0.91773786406645   -0.10195953293771
H        -1.32605820785131   -2.67255794179967   -0.01690051210589
H        -2.32279949150186   -1.99102355739063   -1.29311118105545
H         1.56766233411704   -0.94773173754209    0.75592541781325
23
 energy: -23.843221356824 gnorm: 0.002391261460 xtb: 6.4.1 (afa7bdf)
N         2.01761168575421   -1.85705809507495    0.63329842305065
C         3.31973050357259   -1.88181870590408    1.28016465211390
H         1.39825652710809   -2.55172450281801    1.03205477508768
C        -0.21779086101537   -1.67266042010561   -1.53230585407370
C         0.24564457007230   -0.35980963032067   -2.02642007202490
C        -1.42616905877427   -1.81880113126720   -0.69263379422480
H         0.30867618881350   -2.55673432214492   -1.84433753765212
C         3.29038796631789   -1.46261739756713    2.75740989109050
C         4.26995547013602   -0.98167187527395    0.49063790591811
H         3.67982188128007   -2.91723614666424    1.21768221497044
H         2.93879500340629   -0.43594384536098    2.85201241831148
H         4.28998294284749   -1.52584411873481    3.18254753368616
H         2.62936971323623   -2.10881732737801    3.33333457080471
H         3.97471410902586    0.06045221011295    0.59603258790121
H         4.23288436132619   -1.24725122162549   -0.56210291435888
H         5.28921024536089   -1.09460818289265    0.85038480657232
H        -0.14308596262703    0.44967109133304   -1.40999685309215
H        -0.08263208017783   -0.17210870526023   -3.05805261332035
H         1.33543154387630   -0.31496812776530   -2.03207196216847
H        -1.60456445968304   -0.91913099584755   -0.10289943627028
H        -1.33651046021839   -2.67359280149792   -0.02191435436985
H        -2.32698356572924   -1.98782873350270   -1.29983441505884
H         1.58109419989119   -0.94900741163954    0.75130026260719
23
 energy: -23.843495650935 gnorm: 0.004638782703 xtb: 6.4.1 (afa7bdf)
N         2.04160891770083   -1.87715438227323    0.65140389729629
C         3.34792962887328   -1.88785228800993    1.28950903232293
H         1.41511809996242   -2.54241800075636    1.09672109239859
C        -0.22998282808551   -1.66438684403943   -1.52512022920773
C         0.23114699862980   -0.35510899657907   -2.03457374364640
C        -1.44925630573114   -1.81424044230042   -0.70228082827063
H         0.27351625846026   -2.55184304024909   -1.87091050804936
C         3.30149953653511   -1.46894971570150    2.76573582964982
C         4.28442097884785   -0.97908865171347    0.49448338710418
H         3.71704898611508   -2.91902019446840    1.22421868972969
H         2.93385730344888   -0.44686336432024    2.84865709043565
H         4.28777709099929   -1.51909486767671    3.21820260413308
H         2.63204695035882   -2.12416207930766    3.32136677506133
H         3.97174936364814    0.05883258066464    0.58575896920199
H         4.25577955090187   -1.25718422440249   -0.55504977603151
H         5.30414461550799   -1.07144545206549    0.85847080760051
H        -0.15804232740263    0.46251622678733   -1.42790865649531
H        -0.09576545378414   -0.18245624595525   -3.06874609718042
H         1.32005675568545   -0.31079990503508   -2.03801780032426
H        -1.63233110458540   -0.92005692510535   -0.10683110285225
H        -1.36748098028665   -2.67464910206623   -0.03763540694752
H        -2.34112858552903   -1.97728436753706   -1.32198322735472
H         1.62011701352923   -0.95640011508956    0.72881943692625
23
 energy: -23.843594601305 gnorm: 0.004536299864 xtb: 6.4.1 (afa7bdf)
N         2.05627320937668   -1.89118445371271    0.65584968773525
C         3.36219007485041   -1.89114813291006    1.29604983417904
H         1.42725891933601   -2.53975763321833    1.12195966265418
C        -0.23947228193919   -1.66088965392860   -1.52465230057145
C         0.22080528442937   -0.35326142878319   -2.03942134638399
C        -1.46359216976073   -1.81002444595912   -0.70901791908362
H         0.25337742762509   -2.54940657147544   -1.88322469871434
C         3.30823665875053   -1.47139520041320    2.77183462073038
C         4.29275139745575   -0.97793315663375    0.49974111241354
H         3.73916399324883   -2.91986256784178    1.23273589209429
H         2.93478659562475   -0.45119741158598    2.85224749636033
H         4.29175737944959   -1.51631937243325    3.23009496926425
H         2.63910703305904   -2.12964567596118    3.32418118202855
H         3.96888498712146    0.05748454969338    0.58286719652820
H         4.27174943901977   -1.26336760160479   -0.54829289148611
H         5.31206071343833   -1.05702072773213    0.86853871117876
H        -0.17042042494208    0.46712042248297   -1.43803997387804
H        -0.10420160664821   -0.18750368502500   -3.07525699719666
H         1.30983994366860   -0.30779656463641   -2.04125068249921
H        -1.64826258808131   -0.91754163490899   -0.11157828498982
H        -1.38666868259134   -2.67273333885962   -0.04671817811510
H        -2.35193395058696   -1.96977662207124   -1.33482324300754
H         1.64013911189532   -0.96594948968165    0.71046638625942
23
 energy: -23.843741789219 gnorm: 0.002145422661 xtb: 6.4.1 (afa7bdf)
N         2.07885034171643   -1.91446438681389    0.65740012583941
C         3.38156142802633   -1.89626961594288    1.30665152602568
H         1.44727589748737   -2.54051392426771    1.14528230399792
C        -0.25700952875952   -1.65731660322385   -1.52894678078821
C         0.20322370614113   -0.35130620473795   -2.04690921039698
C        -1.48611814498188   -1.80245059437532   -0.72023148031935
H         0.22442388567101   -2.54658009862745   -1.89763398739170
C         3.31872301002043   -1.47268524922775    2.78122962277137
C         4.30583538493537   -0.97656291686947    0.51142461314631
H         3.77167196806273   -2.92145890303408    1.24994083166503
H         2.93953852269742   -0.45460624231776    2.86153738239780
H         4.30308515990954   -1.51181642599454    3.23859523021344
H         2.65483388538348   -2.13389903684032    3.33616724047966
H         3.96508719849139    0.05491906265575    0.58225802282149
H         4.29909991389237   -1.27231473869280   -0.53448223977981
H         5.32334912815467   -1.03548337466419    0.88995791123776
H        -0.19259804196933    0.47085258566336   -1.45209667627850
H        -0.11704287021187   -0.19252938907797   -3.08538048891328
H         1.29286695892805   -0.30299460435124   -2.04525981490211
H        -1.67099910070422   -0.91086754261442   -0.12128215167945
H        -1.41656935151767   -2.66749992093441   -0.06018676505063
H        -2.37153218422266   -1.95700730227934   -1.35256728553759
H         1.66627329664903   -0.98625497063192    0.67882230594227
23
 energy: -23.843852641747 gnorm: 0.002828930144 xtb: 6.4.1 (afa7bdf)
N         2.10439737455739   -1.94115004507399    0.65908442863387
C         3.40270503718120   -1.90216090788162    1.31847399661193
H         1.46959185364441   -2.54699804615756    1.16489027282570
C        -0.27980541981294   -1.65413424380133   -1.53853087958396
C         0.18221086110483   -0.34894541505300   -2.05627932908812
C        -1.51207541483457   -1.79415793551326   -0.73363297872341
H         0.19472777754680   -2.54443669612014   -1.91099037709562
C         3.33102918089552   -1.47211924207508    2.79095561767639
C         4.32181266022588   -0.97552415756460    0.52605201575528
H         3.80556278479433   -2.92365567033354    1.27102218150721
H         2.94530343409997   -0.45631212562606    2.87031398164750
H         4.31819152927359   -1.50383589547205    3.24508849152621
H         2.67390641913272   -2.13636915747867    3.35065870777745
H         3.96427419593447    0.05138992313289    0.58489431533817
H         4.33183197579803   -1.27984284274423   -0.51757760488777
H         5.33603186712156   -1.01459698401638    0.91655310643168
H        -0.21895540249811    0.47364867129309   -1.46651006098749
H        -0.13117242505152   -0.19378014405826   -3.09755311651527
H         1.27234446615296   -0.29784022897484   -2.04924288023734
H        -1.69476229575074   -0.90247166388151   -0.13398398866201
H        -1.44963609620247   -2.66083626216140   -0.07508230312283
H        -2.39642258058593   -1.94301466810189   -1.36968917841295
H         1.69273868107202   -1.01196665953678    0.64537581708614
23
 energy: -23.843942364213 gnorm: 0.003416443577 xtb: 6.4.1 (afa7bdf)
N         2.13079586802729   -1.96678258131355    0.66238015068555
C         3.42431852391773   -1.90804998852853    1.33025274349653
H         1.49307642269810   -2.55790132654564    1.18044959549261
C        -0.30516479906762   -1.65100779902071   -1.55155626603142
C         0.16083099800307   -0.34629620979347   -2.06669468453454
C        -1.53863842312404   -1.78619013594033   -0.74757167748168
H         0.16732156698524   -2.54270508530700   -1.92258093276019
C         3.34338418120602   -1.47043912716700    2.80025363356943
C         4.33857868690421   -0.97496868783157    0.54026031432691
H         3.83824534019904   -2.92574673748580    1.29183044051381
H         2.94997072340450   -0.45718935806053    2.87584351674650
H         4.33229680970142   -1.49252997846805    3.25335905404828
H         2.69238721667085   -2.13738485148873    3.36417043609384
H         3.96627132729356    0.04731071338071    0.58927174935996
H         4.36447002764783   -1.28522955444876   -0.50119737094017
H         5.34877864470928   -0.99740809502023    0.94217543132471
H        -0.24481647298926    0.47608507979232   -1.47998904421851
H        -0.14506079528668   -0.19148542294081   -3.11035563902713
H         1.25119201169768   -0.29411133977700   -2.05318131088767
H        -1.71720753887726   -0.89402167683831   -0.14726640143210
H        -1.48158557702388   -2.65398119776119   -0.09014048337392
H        -2.42346252125902   -1.92955862754730   -1.38453462322649
H         1.71784824236116   -1.03951840908885    0.61911160375671
23
 energy: -23.844053009767 gnorm: 0.003238843732 xtb: 6.4.1 (afa7bdf)
N         2.16539260623638   -1.99842449713683    0.66876237671575
C         3.45283539818145   -1.91542155035761    1.34534070233635
H         1.52465816176445   -2.57591595351252    1.19856934777944
C        -0.33885340539022   -1.64624375592251   -1.56965652102279
C         0.13397659478506   -0.34216052787993   -2.08024631683232
C        -1.57279003908796   -1.77653124228830   -0.76547131134232
H         0.13506420399635   -2.53969532946020   -1.93536071423267
C         3.35843389844877   -1.46740692337694    2.81175628054557
C         4.36050934664707   -0.97491706333889    0.55675378880033
H         3.88006969235461   -2.92799318348227    1.31827252142887
H         2.95316588275160   -0.45806126810163    2.87918416294200
H         4.34685763529393   -1.47478573708626    3.26809691110523
H         2.71373367925062   -2.13803708584576    3.37859034742789
H         3.97115131955316    0.04162595651410    0.59420936250974
H         4.40398700791057   -1.29201521065700   -0.48180720147682
H         5.36581769341910   -0.97828992832266    0.97105435886456
H        -0.27571075577914    0.47999732984433   -1.49595781245960
H        -0.16254933666438   -0.18565898569253   -3.12641134334669
H         1.22436168095527   -0.29087835210495   -2.05808193312569
H        -1.74552599908866   -0.88420605808862   -0.16350707199139
H        -1.52097820095894   -2.64595540114514   -0.10994237917092
H        -2.45892506750191   -1.91303036965295   -1.40207374957400
H         1.74914846672184   -1.07510526010535    0.59221642962078
23
 energy: -23.844205470883 gnorm: 0.003092913635 xtb: 6.4.1 (afa7bdf)
N         2.21747425058790   -2.04316922756560    0.67956119432078
C         3.49574091678236   -1.92526774971842    1.36770979398447
H         1.57485718477362   -2.60794672613891    1.22041653932993
C        -0.38889070172986   -1.63820812739415   -1.59602054803444
C         0.09529308264317   -0.33542270165486   -2.09970792799078
C        -1.62340992241333   -1.76255038279413   -0.79177819367171
H         0.09027285391644   -2.53404482244407   -1.95079035022708
C         3.37887122532378   -1.46192921740194    2.82840367076493
C         4.39351875060347   -0.97550971498939    0.57886253775165
H         3.94257651136421   -2.92983339505091    1.35742474674947
H         2.95428225642358   -0.45923382895044    2.88094884640622
H         4.36353250062284   -1.44568930179906    3.29380983170300
H         2.74181001700524   -2.13829357766331    3.39693599307865
H         3.98199709703123    0.03296286641606    0.59979488013243
H         4.45897286147408   -1.30267647847226   -0.45528029491303
H         5.39230646778233   -0.95302237434687    1.00792010274109
H        -0.31833819639296    0.48720282252365   -1.51846063888608
H        -0.18813764773088   -0.17553144284010   -3.14903823418408
H         1.18556479628270   -0.28796879946291   -2.06497076874631
H        -1.78825570186160   -0.87070186297022   -0.18661027549698
H        -1.57828734545885   -2.63472966854186   -0.13958478819651
H        -2.51131306386847   -1.88912766414748   -1.42774819459550
H         1.79339227063773   -1.12841902179340    0.56249231348161
23
 energy: -23.844359379544 gnorm: 0.003600217064 xtb: 6.4.1 (afa7bdf)
N         2.27610809725386   -2.09031542102717    0.69348020469677
C         3.54413851691279   -1.93490807430817    1.39269460913770
H         1.63475916530914   -2.64973297201258    1.24054945711496
C        -0.44374488025987   -1.62824623398114   -1.62369975921229
C         0.05298893230214   -0.32726772245943   -2.12042287260859
C        -1.68006914019477   -1.74748846038518   -0.82157492852379
H         0.04277589027221   -2.52637181719551   -1.96491257563693
C         3.39998723409443   -1.45473750672443    2.84601107192767
C         4.43136432954288   -0.97695497553285    0.60172950095440
H         4.01204441066917   -2.93006049997032    1.40136354254268
H         2.95355683320371   -0.46030005455629    2.87868739648020
H         4.37761557361801   -1.41133991956092    3.32466623180662
H         2.76953389647280   -2.13698647588343    3.41460951436268
H         3.99964052321407    0.02301134620843    0.60524285614063
H         4.51615222617909   -1.31487729151702   -0.42726028096784
H         5.42386070487386   -0.92870378341861    1.04240204185525
H        -0.36328699672003    0.49687913408967   -1.54276058364313
H        -0.21715946551994   -0.16408491415952   -3.17271085066322
H         1.14296697277973   -0.28531054140308   -2.07263364029898
H        -1.83842599218717   -0.85701194391059   -0.21248052809392
H        -1.64219505267069   -2.62296356756392   -0.17339249456055
H        -2.56863652574535   -1.86358269896647   -1.45837378243492
H         1.83985521039829   -1.18775600296221    0.54307610512680
23
 energy: -23.844478932535 gnorm: 0.003005974522 xtb: 6.4.1 (afa7bdf)
N         2.33263596086329   -2.13365143922231    0.70692943344265
C         3.59000928721323   -1.94329389687935    1.41689254099955
H         1.69393847849166   -2.69347879685365    1.25824299958483
C        -0.49227274370803   -1.61736821632541   -1.64584973258009
C         0.01339798675500   -0.31819983228837   -2.13846672877739
C        -1.73232516207241   -1.73398950903509   -0.84930239198542
H        -0.00043596171241   -2.51685711400980   -1.97740731590076
C         3.41785783002607   -1.44681986285238    2.86179265102923
C         4.46745332849729   -0.97981913837734    0.62177821444224
H         4.07706912686416   -2.92894696280708    1.44453891960525
H         2.95128190845923   -0.46119950990891    2.87380839471385
H         4.38627586761323   -1.37763098462316    3.35503706091505
H         2.79207961764694   -2.13414717418609    3.42913508529459
H         4.01889511229232    0.01258826540065    0.60844014953355
H         4.56710898350742   -1.32930338482844   -0.40205396805610
H         5.45498926384899   -0.90865334976028    1.07026861032267
H        -0.40407567323797    0.50807297062061   -1.56444474115800
H        -0.24721395504420   -0.15407596940811   -3.19268884818766
H         1.10282483857161   -0.28057502537155   -2.08150914119175
H        -1.88807250292462   -0.84590075635905   -0.23608336606630
H        -1.70141248678791   -2.61298243250325   -0.20542546944760
H        -2.61922329564425   -1.84102716784438   -1.48978388715494
H         1.88304465427942   -1.24185110977817    0.53044176612520
23
 energy: -23.844596488285 gnorm: 0.006735527537 xtb: 6.4.1 (afa7bdf)
N         2.38592427028066   -2.16866862772351    0.71903772031164
C         3.63128599208376   -1.94932084789465    1.43956195068880
H         1.75498890423441   -2.74546146551511    1.25892979693572
C        -0.53358761566922   -1.60616860860360   -1.66253673327690
C        -0.02305933546310   -0.30878423064912   -2.15429983786949
C        -1.77942759732346   -1.72185780977865   -0.87489761923136
H        -0.03502593058955   -2.50592889037095   -1.98348803311845
C         3.43156774152526   -1.43697512917358    2.87465167435627
C         4.50194084904023   -0.98456784486826    0.63898881223821
H         4.13409146289468   -2.92535275023686    1.48570601329308
H         2.94777691571186   -0.46060233741212    2.86492032809521
H         4.38907062948186   -1.34336485500837    3.38198650680717
H         2.80904201052352   -2.12721267767647    3.44160916998541
H         4.04389762321685    0.00166803228702    0.61183325956740
H         4.60994920852895   -1.34414528462572   -0.37985690601130
H         5.48556090177985   -0.89789707576270    1.08972665437006
H        -0.43983679804980    0.51976795998546   -1.58296652119972
H        -0.27929541733515   -0.14524180963107   -3.20909768860594
H         1.06572995238428   -0.27464175335443   -2.09330000868701
H        -1.93703629916444   -0.83608713409082   -0.25892473845775
H        -1.75508877232918   -2.60328400948404   -0.23421640037338
H        -2.66232561214500   -1.82286664532196   -1.52146942582757
H         1.91768738018054   -1.29211660229156    0.54239226151292
23
 energy: -23.844848562974 gnorm: 0.004612713744 xtb: 6.4.1 (afa7bdf)
N         2.47562668737869   -2.23350431238921    0.73676664113810
C         3.70019012839332   -1.96120651277764    1.47759265423300
H         1.85642463005162   -2.83275949900812    1.26985494108690
C        -0.59686896779754   -1.58567369390895   -1.68302260101423
C        -0.08299700580575   -0.29089708177153   -2.17755645748925
C        -1.85580791210572   -1.70138953898931   -0.91567272694789
H        -0.09378250089492   -2.48546081065536   -1.99600530937842
C         3.45264747706814   -1.42017698587165    2.89515065081404
C         4.55833635519161   -0.99354367817573    0.66693276656760
H         4.23106101820003   -2.92093004806935    1.55776746672255
H         2.93829269959202   -0.45979664071098    2.84822218281190
H         4.39193559203019   -1.28451030910022    3.42654164541577
H         2.83585003769331   -2.11624471084336    3.46131463439694
H         4.07921014057396   -0.01757216181079    0.61230933163198
H         4.68300873657068   -1.37497189332894   -0.34315919308844
H         5.53640600716122   -0.87541091533546    1.12440450393357
H        -0.49895525058101    0.54142718099610   -1.61102829631483
H        -0.33565844661578   -0.13168787506242   -3.23316305680738
H         1.00510304811685   -0.25986511223914   -2.11350187816379
H        -2.01962581266882   -0.82030561135310   -0.29465375991753
H        -1.84486450738301   -2.58791043265134   -0.28142655281174
H        -2.72894447362831   -1.79236565939743   -1.57689729631229
H         1.97724278325661   -1.37435409474734    0.54351994499710
23
 energy: -23.845114698031 gnorm: 0.005623716877 xtb: 6.4.1 (afa7bdf)
N         2.57495636789318   -2.30277377889535    0.75500725435289
C         3.77342578429293   -1.97386612870947    1.51862592484059
H         1.97474567786125   -2.93507574540657    1.27963138924297
C        -0.65932947130582   -1.56321816841441   -1.69676709171616
C        -0.14720762756954   -0.27092020783135   -2.20027485155306
C        -1.93755594083869   -1.67896732523186   -0.96010041436343
H        -0.15711267863439   -2.46362702879733   -2.00716053473154
C         3.47255540719450   -1.40072689006559    2.91398910565674
C         4.61959390196119   -1.00449977411322    0.69679893421804
H         4.33040778719405   -2.91537945049498    1.63807368544443
H         2.92863332319115   -0.45884582800402    2.82632700208948
H         4.39222639519883   -1.21986640690312    3.46617517158724
H         2.86276216262749   -2.10084322517241    3.48325235120839
H         4.11922445749745   -0.03990028999568    0.61409388083930
H         4.76148865401920   -1.40820280993469   -0.30359787815922
H         5.59185767888171   -0.85417918399242    1.16103816735952
H        -0.56284864718362    0.56499897796645   -1.63883875004905
H        -0.40232395174235   -0.11950512330348   -3.25664471526239
H         0.94114909888726   -0.23918334783577   -2.13798812320631
H        -2.11232719190210   -0.80218739570507   -0.33562329162928
H        -1.94555657553839   -2.57075309900323   -0.33279612709497
H        -2.79510681835929   -1.76067210430966   -1.64357043527452
H         2.04017267017087   -1.46091606304831    0.55463958170470
23
 energy: -23.845260849009 gnorm: 0.008683360396 xtb: 6.4.1 (afa7bdf)
N         2.64123306074802   -2.34463545701182    0.76678262325172
C         3.81907331482752   -1.98249858186553    1.54546338851883
H         2.05929782960852   -3.00671919071000    1.28086548834431
C        -0.69596921961407   -1.54884273630679   -1.69960466740512
C        -0.19161236581999   -0.25761233320514   -2.21469362581555
C        -1.99043493537399   -1.66465865776710   -0.99058324279615
H        -0.19644041579531   -2.44952328395899   -2.01162765512679
C         3.48478128499935   -1.38738451059921    2.92252872341424
C         4.66146222675820   -1.01375096890312    0.71862595178870
H         4.38893613075633   -2.91108193720819    1.69252594433038
H         2.92607626347971   -0.45857385051871    2.80705712940576
H         4.39197866485204   -1.17741492545403    3.48265166396264
H         2.87971874052316   -2.08622958980878    3.49866137822473
H         4.15066054556698   -0.05659043889021    0.62076959421608
H         4.81477284418608   -1.42854104364898   -0.27557067654260
H         5.62923424379240   -0.84693846439241    1.18728728113450
H        -0.60731053107254    0.57974684522580   -1.65592316737242
H        -0.45522208333694   -0.11442879337893   -3.27089519060912
H         0.89728328482613   -0.21978458960921   -2.16023257847207
H        -2.17731673295697   -0.78926393212905   -0.36743647088239
H        -2.01388715848936   -2.55828573292125   -0.36662361748309
H        -2.83287040704178   -1.74283516978282   -1.69366786813522
H         2.08038587837309   -1.51326305435724    0.57792982955345
23
 energy: -23.845345502070 gnorm: 0.008396607041 xtb: 6.4.1 (afa7bdf)
N         2.70376799842161   -2.38718779020460    0.77835955383956
C         3.86618754377309   -1.99288386178901    1.57114767755942
H         2.13157583559439   -3.05949801315224    1.28330743073761
C        -0.74569045539261   -1.53792728897221   -1.71838203851977
C        -0.23779853777511   -0.24834259334650   -2.23421878703015
C        -2.04652416033497   -1.64939106841963   -1.02155138251892
H        -0.24188041867020   -2.44010662771896   -2.02186122778491
C         3.50297412749349   -1.37789843624449    2.93533489521064
C         4.70372452711545   -1.01918201957425    0.74445289045057
H         4.45437038944840   -2.90983322529956    1.74093209523411
H         2.92408625172796   -0.45990483920690    2.79514239465818
H         4.40220248110754   -1.13707805455511    3.50504368156046
H         2.90483412393067   -2.07833477976220    3.51707664930848
H         4.17773455857043   -0.06995542853408    0.63087481179019
H         4.87567059190989   -1.44266786135874   -0.24441278659016
H         5.66435387917493   -0.83251327078282    1.22417402316466
H        -0.65408233644642    0.58999850747264   -1.67750088005303
H        -0.49951207560506   -0.10593320705837   -3.29103077666309
H         0.85102056365491   -0.21094795732087   -2.17835988226613
H        -2.23478410184419   -0.77403766800724   -0.39903990362561
H        -2.08053814056727   -2.54402883332436   -0.39980757604775
H        -2.88265880176157   -1.72072128184770   -1.73243864745763
H         2.12479662027085   -1.57073479819470    0.58704802054860
23
 energy: -23.845316356351 gnorm: 0.012015138877 xtb: 6.4.1 (afa7bdf)
N         2.72357586712459   -2.38555211579052    0.78126500544008
C         3.87442844058072   -1.99894912903037    1.57756213895330
H         2.16686085609818   -3.06223674253664    1.27214390101820
C        -0.76046784156740   -1.54083448601675   -1.71812099087839
C        -0.26228231916502   -0.25103534471965   -2.24412479462989
C        -2.06545703266961   -1.64517959700160   -1.03699332648926
H        -0.26061344166323   -2.44536220058324   -2.02464615613600
C         3.51189402231096   -1.37993322279011    2.93024323790873
C         4.72468889524909   -1.02240539585628    0.76609923323074
H         4.45652513998463   -2.91027799182973    1.75422462580450
H         2.93893626850434   -0.46682588962383    2.78503410518003
H         4.41650914249859   -1.13167751909473    3.47985061304226
H         2.91933435875416   -2.06945486762473    3.53112398137423
H         4.20108373881032   -0.07572862814426    0.65799351892522
H         4.91261311253451   -1.43152438203947   -0.22262448121962
H         5.67644867498082   -0.84233469568276    1.25995438492302
H        -0.67917575207855    0.58401345443502   -1.68399441466616
H        -0.54043635572101   -0.11113554604119   -3.29870701762633
H         0.82818395995605   -0.20391171160827   -2.20403928313106
H        -2.26019663160399   -0.76210256548997   -0.42840283221253
H        -2.10977422036805   -2.53251569671013   -0.40942212218326
H        -2.89003727758571   -1.72085006406139   -1.75658956758964
H         2.14118885883162   -1.57329605936144    0.62646047646741
23
 energy: -23.845559252474 gnorm: 0.003159682771 xtb: 6.4.1 (afa7bdf)
N         2.75466991117847   -2.41004936728982    0.79252007765777
C         3.90228598046735   -1.99863091860718    1.59200246924524
H         2.19991194003429   -3.09500029232249    1.29066465900352
C        -0.78502054383405   -1.53245021011764   -1.73037299989226
C        -0.28138270578042   -0.24402392480032   -2.25362666358073
C        -2.09453278549379   -1.63877975891530   -1.05213529784746
H        -0.28032618787116   -2.43626545711029   -2.02986495967755
C         3.52001279851304   -1.37358833538155    2.94223615654594
C         4.74424937041488   -1.02311288288426    0.77135411235654
H         4.49424946761457   -2.90550293254997    1.77800913213967
H         2.93671956885852   -0.46565896851538    2.78730425019449
H         4.41464425468372   -1.11637627713230    3.50552198884170
H         2.92714051800018   -2.06832098337254    3.53559745792727
H         4.21695521809369   -0.07950382439598    0.65219113605056
H         4.93253902237690   -1.44178930625430   -0.21345606846582
H         5.69435747242142   -0.83307931421542    1.26278994924542
H        -0.69651462725183    0.59388758566901   -1.69564455058875
H        -0.55330635298149   -0.10379663582668   -3.30867679583144
H         0.80783389716316   -0.20266616988230   -2.20735279177777
H        -2.28891545904449   -0.75972360014115   -0.43683882560851
H        -2.14151174326318   -2.53000340543094   -0.42783485852784
H        -2.91916736480802   -1.70916634000837   -1.77512564279017
H         2.15893881430415   -1.60550907771694    0.61502830088599
23
 energy: -23.845653785903 gnorm: 0.004584917238 xtb: 6.4.1 (afa7bdf)
N         2.81128563613159   -2.44179446504498    0.81082445168407
C         3.94667237750460   -2.00460318371975    1.61667098914830
H         2.26483206654768   -3.13347326208639    1.31205403666711
C        -0.83135369146634   -1.52258653150863   -1.74983542749753
C        -0.32463118038974   -0.23603077545728   -2.27476808280321
C        -2.14797384477470   -1.62680959470968   -1.08340785270420
H        -0.32327212814141   -2.42720549306462   -2.04112286421526
C         3.54019605759838   -1.36890412080771    2.95634160392350
C         4.78353033472316   -1.02631030042414    0.79380604392125
H         4.54882587573609   -2.90181334775064    1.81887339979145
H         2.94451875238089   -0.47099569729442    2.78433033072215
H         4.42484577490083   -1.09207944977493    3.52784927670912
H         2.95057956187016   -2.06565699689805    3.55025798636073
H         4.24212629040300   -0.08939410155461    0.65566080361296
H         4.98916598060943   -1.45668083267060   -0.18494818742308
H         5.72665183138944   -0.81529235066613    1.29684572128658
H        -0.73829226025426    0.60392614356206   -1.71831567667785
H        -0.59570860092259   -0.09684612118747   -3.32998428527767
H         0.76417282369873   -0.19692304626836   -2.22745463211721
H        -2.34504139086599   -0.74847617020836   -0.46755391282698
H        -2.20313569926367   -2.51900682776642   -0.46067997243016
H        -2.96649650457170   -1.69281473366312   -1.81437194793464
H         2.20233240095201   -1.64933913823806    0.62321843358684
23
 energy: -23.845755458199 gnorm: 0.003997804270 xtb: 6.4.1 (afa7bdf)
N         2.86412736978205   -2.46614172724724    0.83212363154970
C         3.98878754343081   -2.00855832728030    1.64153946963501
H         2.32350428274224   -3.15992736826721    1.33844895430022
C        -0.87948868412385   -1.51483862558876   -1.77359086026999
C        -0.36772383703708   -0.23024509659166   -2.29839783641107
C        -2.20098122088977   -1.61683418624106   -1.11596168301677
H        -0.36613426673168   -2.42035501200520   -2.05282058082365
C         3.56363863608117   -1.36684980351591    2.97237472929661
C         4.82160565410492   -1.02821059718223    0.81703290080328
H         4.59853321012656   -2.89729835145529    1.85564529172195
H         2.95618872463341   -0.47865194085772    2.78642409453507
H         4.43917787389862   -1.07282356926627    3.55085073378450
H         2.97742550431101   -2.06701040766357    3.56563844240702
H         4.27523104636070   -0.09752852432774    0.66708999625572
H         5.03923122749073   -1.46228082268686   -0.15589034315621
H         5.75700602073183   -0.80496393399067    1.32560002359665
H        -0.77864629755614    0.61162344380896   -1.74224207927676
H        -0.63769083305361   -0.08982227074654   -3.35351273261523
H         0.72077388029368   -0.19550357516323   -2.24938802224962
H        -2.39995066358074   -0.73836838007778   -0.50052754688955
H        -2.26159194999376   -2.50899845388926   -0.49371649660440
H        -3.01467353756145   -1.68062021175484   -1.85229802582483
H         2.24548078033560   -1.68490265521206    0.62986817475906
23
 energy: -23.845883149440 gnorm: 0.002883763795 xtb: 6.4.1 (afa7bdf)
N         2.92491428169316   -2.48777735912264    0.86164610056556
C         4.03808967763485   -2.01084271328474    1.67249600453503
H         2.38644161799642   -3.17569232604225    1.37728068322003
C        -0.94096054426608   -1.50758710751659   -1.80768942705385
C        -0.42111627152707   -0.22567612767365   -2.33134858273613
C        -2.26582367924069   -1.60622726803161   -1.15712676680052
H        -0.42268242550526   -2.41470745816494   -2.07147982848089
C         3.59713961976279   -1.36890072452872    2.99533516348399
C         4.86666798975414   -1.02806280078773    0.84690241465277
H         4.65546701178623   -2.89062012869211    1.89660740030410
H         2.98421706685600   -0.49092041278855    2.80098700365147
H         4.46213519055172   -1.06462272889971    3.57729457810332
H         3.01441448086604   -2.07314784937838    3.58714888507889
H         4.30953801930377   -0.10590274559942    0.67932656039427
H         5.10364719632771   -1.46958474029060   -0.11811544540182
H         5.79181101153344   -0.78532754017143    1.36562830003875
H        -0.82697739088946    0.61860683780215   -1.77447796214552
H        -0.68997986852593   -0.08176673464233   -3.38615033299696
H         0.66729068705267   -0.19833875670966   -2.28054045812298
H        -2.46604069302669   -0.72657639792780   -0.54355842837124
H        -2.33060193682776   -2.49754167918079   -0.53435840403921
H        -3.07538786923991   -1.66916382138931   -1.89713369722965
H         2.30162729172479   -1.71872981418185    0.63561647485785
23
 energy: -23.846029762896 gnorm: 0.002270945864 xtb: 6.4.1 (afa7bdf)
N         3.01294700752185   -2.52530252825552    0.89649983786206
C         4.10638122612788   -2.01862282553006    1.71466901845989
H         2.47911316780242   -3.21245491775097    1.41565150697118
C        -1.01931717356466   -1.49601839667522   -1.84584361143277
C        -0.49350063118726   -0.21728199011994   -2.37188673703328
C        -2.35197576148966   -1.58958372438850   -1.21078625486466
H        -0.49924917565558   -2.40549690467544   -2.09655597663685
C         3.63737743276299   -1.36744033127225    3.02332671761834
C         4.92840193496803   -1.03140236146956    0.88772162955568
H         4.73694433921525   -2.88436153576087    1.95719268929451
H         3.00766714488109   -0.50503655131094    2.80805241350521
H         4.48901578540233   -1.03524780548999    3.61195675227178
H         3.06295000081488   -2.07668947083434    3.61846643762254
H         4.35670792243731   -0.12257344738870    0.70131198438861
H         5.18865534024488   -1.48011794764641   -0.06721365775115
H         5.84116394310833   -0.76430879790595    1.41582519518699
H        -0.89389475901815    0.62929032031279   -1.81452008496917
H        -0.76537059263649   -0.07169671270272   -3.42608079863510
H         0.59540927576031   -0.19527003630309   -2.32386386273142
H        -2.55700302971592   -0.70830115576717   -0.60111311316419
H        -2.42680562784191   -2.48011269598735   -0.58803946561923
H        -3.15280496879201   -1.65020770855496   -1.96043772976795
H         2.38101766264844   -1.77087287172579    0.64995734537701
23
 energy: -23.846168745857 gnorm: 0.002005827169 xtb: 6.4.1 (afa7bdf)
N         3.09973777481113   -2.56257507196183    0.93015983683775
C         4.17325705554373   -2.02573057836485    1.75662979082205
H         2.56830739714913   -3.25033183159057    1.45042908832188
C        -1.09358617605836   -1.48484431869833   -1.88120809247551
C        -0.56337088229417   -0.20921089072038   -2.41035685316773
C        -2.43475604979088   -1.57313641716506   -1.26285266735930
H        -0.57490038106290   -2.39663772909489   -2.12442232363570
C         3.67606392326221   -1.36573840848958    3.05157174755105
C         4.98743759758148   -1.03417687348134    0.92697566836742
H         4.81656538918657   -2.87767721205629    2.01799010938881
H         3.03155553827833   -0.51849809531690    2.81757886246706
H         4.51440483956288   -1.00859725057378    3.64568854905634
H         3.10867058518032   -2.07788001390437    3.64993222460574
H         4.40078234411994   -0.13950282672313    0.72148743767348
H         5.26827382884052   -1.49105108220938   -0.01781945643789
H         5.88861181931986   -0.74326229323386    1.46170350484628
H        -0.95753569818086    0.63939403453388   -1.85191059888204
H        -0.84061004295314   -0.06248109742892   -3.46340350327976
H         0.52611374868522   -0.19189542245920   -2.36818938986085
H        -2.64523128337860   -0.69036516600127   -0.65732596793807
H        -2.52038114407995   -2.46260931366358   -0.63996212630948
H        -3.22648835859284   -1.63220303225889   -2.02276495042372
H         2.46090863866424   -1.82009950634072    0.66435934534097
23
 energy: -23.846188678215 gnorm: 0.000718366793 xtb: 6.4.1 (afa7bdf)
N         3.10271354476643   -2.56320488801599    0.93199402387541
C         4.17539397925549   -2.02625471673201    1.75863736298542
H         2.56878514657273   -3.25084254455791    1.45119559323529
C        -1.09493002827022   -1.48455741704128   -1.88261754107186
C        -0.56605464642670   -0.20881206282804   -2.41245898417746
C        -2.43550697465490   -1.57238693706633   -1.26358045939675
H        -0.57729288272460   -2.39640633334224   -2.12893967271975
C         3.67748202373258   -1.36710274946288    3.05311548462972
C         4.98788230029475   -1.03448857779365    0.92795708131574
H         4.81861727980838   -2.87704893236093    2.02091714749916
H         3.03328406057066   -0.51996076860856    2.81983962933768
H         4.51617903817099   -1.01005699540302    3.64579536556577
H         3.11045940161315   -2.07842300521082    3.65224174921598
H         4.39834258359703   -0.14365741283758    0.71876585673284
H         5.27067783652048   -1.49242354204313   -0.01572014513068
H         5.88703159698882   -0.73900993448839    1.46261958190503
H        -0.95927786346987    0.63960390262255   -1.85309541064118
H        -0.84511892644417   -0.06208924299262   -3.46497190768035
H         0.52329838199911   -0.19087027148638   -2.37278265151859
H        -2.64541481813410   -0.68920370807937   -0.65862152574943
H        -2.52117626690621   -2.46121082722766   -0.64003674138903
H        -3.22769238754552   -1.63233361509439   -2.02285019178716
H         2.46614808447952   -1.81836981715243    0.66688659047289
23
 energy: -23.846218656181 gnorm: 0.002008577632 xtb: 6.4.1 (afa7bdf)
N         3.11216047679885   -2.56665356524558    0.93842970477900
C         4.18292789040861   -2.02947789842495    1.76609313080739
H         2.57109328764735   -3.25275591093897    1.45459505738571
C        -1.10027292000503   -1.48294534132843   -1.88914193004355
C        -0.57607568354290   -0.20665882716954   -2.42179009653255
C        -2.43821165349596   -1.56983359676610   -1.26567894489061
H        -0.58739976901807   -2.39492851823309   -2.14735353716857
C         3.68472687437641   -1.37063875385478    3.05968115751064
C         4.98876968891658   -1.03553892972120    0.93216247306629
H         4.82836004079743   -2.87639070198134    2.03016803213640
H         3.03986502119083   -0.52431279949445    2.82802048564685
H         4.52408765958944   -1.01319499443446    3.64974225615578
H         3.11923430752788   -2.08129906316061    3.66001722531967
H         4.38766907170583   -0.15740590267288    0.70886925011968
H         5.28165736292250   -1.49916557483338   -0.00593140040245
H         5.88029525041807   -0.72239189949319    1.46797148864255
H        -0.96518232244211    0.64085004909152   -1.85821758712190
H        -0.86380721860851   -0.05925033676180   -3.47191077900491
H         0.51328383877221   -0.18728536338180   -2.39179879743642
H        -2.64606189081777   -0.68469951539847   -0.66323462247146
H        -2.52244947005187   -2.45629021089248   -0.63884071119893
H        -3.23280116101069   -1.63333631525658   -2.02209400743565
H         2.48196178171450   -1.81550642684976    0.67453238764562
23
 energy: -23.846234853679 gnorm: 0.001647176933 xtb: 6.4.1 (afa7bdf)
N         3.11516335465883   -2.56865727183039    0.94204188748990
C         4.18612474203864   -2.03042242459140    1.76893791914837
H         2.57372742203733   -3.25380803890897    1.45861513703964
C        -1.10330598224525   -1.48180587183770   -1.89330818944074
C        -0.58063520095674   -0.20518515107712   -2.42686372665913
C        -2.43973117575470   -1.56882207701539   -1.26647293395206
H        -0.59268420249214   -2.39381703140263   -2.15579104194690
C         3.68810773894449   -1.37195889450191    3.06303478442323
C         4.98989608784840   -1.03583269849448    0.93363123036613
H         4.83312843213690   -2.87650064618028    2.03268845440850
H         3.04255736630738   -0.52596649526864    2.83148203163849
H         4.52754353447379   -1.01392270854006    3.65292344453862
H         3.12335210202415   -2.08317431580122    3.66366152966632
H         4.38445975759223   -0.16178373300949    0.70487045161669
H         5.28857441110606   -1.50175856487899   -0.00158788766183
H         5.87791859063084   -0.71540350140735    1.47112398746641
H        -0.96727167083353    0.64192830678858   -1.86097955912047
H        -0.87264657940963   -0.05679342624905   -3.47571807963252
H         0.50890504599596   -0.18624637454445   -2.40106250709800
H        -2.64688458293103   -0.68282156759872   -0.66508958850638
H        -2.52180550171057   -2.45435090789828   -0.63787825682893
H        -3.23596073499444   -1.63436307470152   -2.02108008569071
H         2.48529750932650   -1.81764392825250    0.67711123424389
23
 energy: -23.846299117223 gnorm: 0.001593607888 xtb: 6.4.1 (afa7bdf)
N         3.12716829315907   -2.58021891542274    0.95987640911293
C         4.19976583929390   -2.03450088557337    1.78081728758984
H         2.58881337441939   -3.26126485165727    1.48240849344466
C        -1.11762175731358   -1.47573174028907   -1.91504589967935
C        -0.60075419313608   -0.19747367250422   -2.45135635090762
C        -2.44555680478072   -1.56405674183120   -1.26897988950050
H        -0.61747947020828   -2.38799248539708   -2.19578348025635
C         3.70348815272505   -1.37703032701668    3.07731899352268
C         4.99376245766597   -1.03611367098506    0.94016813381530
H         4.85428346975760   -2.87748940966340    2.04180956666038
H         3.05390322316594   -0.53306785281207    2.84656115574060
H         4.54267506244006   -1.01592840741453    3.66732893928689
H         3.14264612582274   -2.09178738980127    3.67851260149572
H         4.37014472460510   -0.17960559852221    0.68606403652224
H         5.32070514759739   -1.51194499808901    0.01897673573176
H         5.86508324605435   -0.68309978844429    1.48701778514331
H        -0.97349791452141    0.64763203718312   -1.87291786143241
H        -0.91346134467160   -0.04217729778676   -3.49358889274563
H         0.48965715279125   -0.18304119399268   -2.44606679463767
H        -2.64934503230918   -0.67403934830682   -0.67250000774189
H        -2.51415830623531   -2.44506607539572   -0.63152771138567
H        -3.25111724314806   -1.64093535162993   -2.01306028157418
H         2.49472626061939   -1.83417643184814    0.68825726730313
23
 energy: -23.846357294678 gnorm: 0.003259742866 xtb: 6.4.1 (afa7bdf)
N         3.14264927150679   -2.59528163876919    0.98247587468233
C         4.21619382779070   -2.03855442467703    1.79525946688272
H         2.61038622770307   -3.27374239954915    1.51353174474778
C        -1.13682920664517   -1.46836311918582   -1.94445094018938
C        -0.62526725189359   -0.18821346592379   -2.48160990499602
C        -2.45262199341724   -1.55822519009836   -1.27257650363471
H        -0.64836732184462   -2.38089252308383   -2.24499050882317
C         3.72144478978032   -1.38293725870675    3.09386382909294
C         4.99818412173029   -1.03610914967342    0.94820422414268
H         4.87909576844155   -2.87683496150185    2.05356495518485
H         3.06758594214766   -0.54160919651438    2.86433180906328
H         4.56052969461885   -1.01824299903266    3.68252160007865
H         3.16519824425507   -2.10069830039318    3.69633834320641
H         4.35680916840258   -0.19926022503852    0.66885009881561
H         5.35377949574081   -1.51937591561257    0.04125711519858
H         5.85119067419199   -0.64977476307986    1.50339306634011
H        -0.97983177986091    0.65411982785969   -1.88722894586949
H        -0.96161781599752   -0.02219078414304   -3.51529741635903
H         0.46562140078862   -0.18047110835759   -2.50107506106544
H        -2.65142174437645   -0.66346673242266   -0.68182271668806
H        -2.50311779601403   -2.43333725240681   -0.62435195092649
H        -3.27087808897671   -1.64987219275957   -2.00157073466618
H         2.50511483572031   -1.85577662412816    0.70567279128983
23
 energy: -23.846414852859 gnorm: 0.003609564488 xtb: 6.4.1 (afa7bdf)
N         3.15534518296526   -2.60826958043863    1.00110490567056
C         4.22918257957290   -2.04150990319985    1.80692012952253
H         2.63025023925833   -3.28644922426790    1.53934636857010
C        -1.15359042754264   -1.46261287904687   -1.97068342205038
C        -0.64512718993347   -0.18070041361162   -2.50633564976951
C        -2.45796672612388   -1.55386549975438   -1.27598963624563
H        -0.67370014863728   -2.37507382966608   -2.28489883678197
C         3.73548851725118   -1.38654640671751    3.10647896283047
C         5.00156895945814   -1.03587026542481    0.95497406003812
H         4.89874219222871   -2.87539823388357    2.06357671827045
H         3.07821947845218   -0.54749470862288    2.87774861081157
H         4.57441578591892   -1.01886836256323    3.69380515420164
H         3.18283839406979   -2.10629726132137    3.71011701037764
H         4.34984552219040   -0.21211572452630    0.66148668548124
H         5.37366683227514   -1.52179833212854    0.05673791966466
H         5.84301630623829   -0.63000203714915    1.51340132883280
H        -0.98473351908742    0.65884599180964   -1.89900738813364
H        -0.99875840963719   -0.00435123950337   -3.53274515956363
H         0.44550714941702   -0.17854515903870   -2.54478535079182
H        -2.65205463559655   -0.65545965043747   -0.68950721400894
H        -2.49226795817273   -2.42404351156570   -0.61933107614230
H        -3.28780723145905   -1.65770718559953   -1.99061920982418
H         2.51174957068582   -1.87497698053917    0.72249532454770
23
 energy: -23.846490581912 gnorm: 0.003089890754 xtb: 6.4.1 (afa7bdf)
N         3.17027856596308   -2.62358068243245    1.02092986179852
C         4.24290272965111   -2.04434613282071    1.81970515986090
H         2.65463704309817   -3.30364780465326    1.56649828236073
C        -1.17219066480751   -1.45640013172297   -1.99973635567562
C        -0.66680367377456   -0.17255020545548   -2.53302074674398
C        -2.46283176297187   -1.54917036683406   -1.27976641653225
H        -0.70075188417592   -2.36852700198256   -2.32697527432291
C         3.74940724507616   -1.38938391509453    3.11914955867448
C         5.00504005266555   -1.03547111179492    0.96262331241953
H         4.91944092331174   -2.87236693503786    2.07634735315398
H         3.08877934575344   -0.55303234256391    2.89083942315738
H         4.58806816433914   -1.01816841203671    3.70439077947676
H         3.20054287757553   -2.11030538215185    3.72469004432515
H         4.34465841447997   -0.22355948806725    0.65987530971731
H         5.38809538943961   -1.52189353790905    0.07056198604696
H         5.83749848693988   -0.61484277120729    1.52154764654875
H        -0.99029760716464    0.66344312155325   -1.91216008594590
H        -1.03780574781697    0.01569343282508   -3.55109360820054
H         0.42284553486944   -0.17587499911824   -2.59168211645173
H        -2.65163317663046   -0.64695637861110   -0.69783939835320
H        -2.47874187873294   -2.41379748240878   -0.61473331629657
H        -3.30560247172518   -1.66630665022972   -1.97720835666806
H         2.51829455842859   -1.89806521944097    0.74134719315744
23
 energy: -23.846615200208 gnorm: 0.002971640078 xtb: 6.4.1 (afa7bdf)
N         3.19692298317785   -2.64968214537229    1.05170611832422
C         4.26512811734381   -2.04946897387101    1.84092148753963
H         2.69625130020453   -3.33519682850814    1.60605552140115
C        -1.20164360584996   -1.44621214066891   -2.04503183924044
C        -0.70124155003944   -0.15945767306372   -2.57470490792002
C        -2.46951909262703   -1.54126538045544   -1.28558955647115
H        -0.74267944870352   -2.35750503575249   -2.39221688088821
C         3.76955525809162   -1.39286876664778    3.13806263911919
C         5.00966716533914   -1.03502433043453    0.97495755805281
H         4.95314653496633   -2.86629423607731    2.10017580155100
H         3.10341881956303   -0.56158383931332    2.90917311111910
H         4.60737690746214   -1.01477424002337    3.71923670491542
H         3.22688640247510   -2.11457543601197    3.74764669097667
H         4.33453829381856   -0.24103349483174    0.66105199316055
H         5.40449844863815   -1.52255295472304    0.08960441561896
H         5.83128225130571   -0.59321440469847    1.53210059669729
H        -0.99989547826401    0.67047945806796   -1.93322745795221
H        -1.09889247437950    0.04657804429412   -3.57944253222771
H         0.38629723226492   -0.17042157158731   -2.66480249431262
H        -2.64985285412882   -0.63325184765736   -0.71060994341483
H        -2.45658974142300   -2.39703728307339   -0.60843688711806
H        -3.33208725976574   -1.67867147246514   -1.95521973509982
H         2.53126225432068   -1.93607584431820    0.77287983167567
23
 energy: -23.846809922443 gnorm: 0.004677781019 xtb: 6.4.1 (afa7bdf)
N         3.24273903165185   -2.69263521129468    1.09983594617504
C         4.30123688854536   -2.05793461614988    1.87561926657015
H         2.76638603474359   -3.38944505021588    1.66421417193703
C        -1.24917332868888   -1.42978471628680   -2.11456772572472
C        -0.75582971516588   -0.13882385811284   -2.63882803119471
C        -2.48047336845034   -1.52827302208817   -1.29579104983600
H        -0.80875992241417   -2.33943017384891   -2.49021897231927
C         3.79943435795008   -1.39712741008743    3.16735000087521
C         5.01660422796460   -1.03531927068253    0.99385729932108
H         5.00874888074695   -2.85511807946726    2.14090741044537
H         3.12334766221855   -0.57558710213290    2.93448379463232
H         4.63458869722930   -1.00503750479645    3.74218455542669
H         3.26696958959739   -2.11956032220876    3.78439535925722
H         4.31901033335258   -0.26713067687314    0.66840039010740
H         5.42343339614495   -1.52362417126360    0.11508106003906
H         5.82542233256510   -0.56319915663505    1.54393572298207
H        -1.01749457153203    0.68162891156975   -1.96853762257196
H        -1.19157143280613    0.09297488582517   -3.62277233501827
H         0.32724095901913   -0.16015625187850   -2.77454699276108
H        -2.64809942617694   -0.61176560749700   -0.73120440569009
H        -2.42370396236747   -2.37037916260262   -0.60204060462311
H        -3.37098914472540   -1.69537081502714   -1.92260880076915
H         2.55476294438707   -1.99801201543431    0.82514179824547
23
 energy: -23.846934923243 gnorm: 0.004719361991 xtb: 6.4.1 (afa7bdf)
N         3.28239328217761   -2.72637520004784    1.13552038688067
C         4.33015206552911   -2.06414857570566    1.90273107731692
H         2.82615424984002   -3.43480006296563    1.70343780962896
C        -1.28715222642528   -1.41708510386201   -2.16209202102865
C        -0.79784617770950   -0.12396410861460   -2.68351040614576
C        -2.49088886834818   -1.51782946834797   -1.30682609853911
H        -0.85917501444698   -2.32510267052341   -2.55351078957040
C         3.82022276943324   -1.39832248080224    3.18818725982412
C         5.02267516554610   -1.03688672070032    1.00786009611517
H         5.05342223671209   -2.84410674566840    2.17474406707614
H         3.13450596002423   -0.58686094330501    2.94882715766987
H         4.65140731599968   -0.99130200665264    3.75811240676380
H         3.29672980445767   -2.12086695957787    3.81241372686291
H         4.31215205302204   -0.28257757790770    0.68489769074963
H         5.42718773052244   -1.52326928162184    0.12775179791154
H         5.82879181136396   -0.55094766447009    1.54640255045382
H        -1.03636598065073    0.68985996367590   -1.99945172246514
H        -1.25457635678808    0.12251414472456   -3.65229899351963
H         0.27975094146224   -0.14999492743896   -2.84653697421904
H        -2.65118061905247   -0.59681585674483   -0.74853652273314
H        -2.40514765646697   -2.35068089881543   -0.60647273978559
H        -3.39554491297038   -1.70215679152320   -1.90420869608820
H         2.57616289055646   -2.04739046029068    0.86684917234622
23
 energy: -23.846984449178 gnorm: 0.003005811274 xtb: 6.4.1 (afa7bdf)
N         3.30632945774829   -2.74521800101920    1.15509885284734
C         4.34685159760696   -2.06767929578788    1.91828709267668
H         2.85847552100941   -3.45765060281352    1.72359948868227
C        -1.30703292778975   -1.41032898878470   -2.18659352131338
C        -0.82003320980134   -0.11566255483076   -2.70686089963677
C        -2.49675777343990   -1.51146317873562   -1.31315467328540
H        -0.88804725041121   -2.31805561462213   -2.59092673214469
C         3.83058093143652   -1.39890042030343    3.19971039600084
C         5.02615734520265   -1.03866398239124    1.01574694242021
H         5.07955034887432   -2.83672760097278    2.19535335883762
H         3.13672021751950   -0.59578941762704    2.95519873848322
H         4.65779065377485   -0.97987809705534    3.76695461748644
H         3.31435230647572   -2.12248165094135    3.82886646190394
H         4.30414304900854   -0.29373021503093    0.69025127382802
H         5.43182497017119   -1.52830333721987    0.13627725600245
H         5.83023919180336   -0.53945283690298    1.54849877313488
H        -1.04376307357401    0.69422590500506   -2.01170765527071
H        -1.29281627094540    0.13988185884743   -3.66670798427022
H         0.25551313686760   -0.14652885554810   -2.88761057447052
H        -2.65279816805605   -0.58834454619160   -0.75720591720046
H        -2.39644173603269   -2.33967055487754   -0.60984045840168
H        -3.40968497643997   -1.70382979313049   -1.89442523406413
H         2.59267712277919   -2.07485861625023    0.88548063325882
23
 energy: -23.847019632592 gnorm: 0.002992502410 xtb: 6.4.1 (afa7bdf)
N         3.32782147244498   -2.75919549618768    1.16770248161331
C         4.35958199191999   -2.06934579605558    1.92990199811283
H         2.88583831956938   -3.47474539708305    1.73356048954042
C        -1.32182699980378   -1.40527087898447   -2.19989833897695
C        -0.83505149517465   -0.10995377746593   -2.72015715267721
C        -2.50287919039963   -1.50685180667166   -1.31967487847303
H        -0.90787758284500   -2.31215008252750   -2.60862877905886
C         3.83439092529578   -1.39757252243175    3.20688604292463
C         5.03001574121240   -1.04161056814006    1.02097506167160
H         5.09981482533208   -2.82862941207906    2.21293480885234
H         3.12962564495333   -0.60577558132330    2.95479642147282
H         4.65549424636546   -0.96239856942223    3.77183879366392
H         3.32737985847287   -2.12313746965779    3.84182920473982
H         4.30489212763898   -0.29600736097865    0.70458333610075
H         5.42555141618080   -1.53245373637196    0.13612443006232
H         5.84034983154692   -0.54232203561436    1.54369346614987
H        -1.05273396695578    0.69733404025245   -2.02289975337928
H        -1.31290684864894    0.14822419241137   -3.67433981784207
H         0.23770828938283   -0.14222289279718   -2.90579666491815
H        -2.65734800615498   -0.58296571014105   -0.76432511402330
H        -2.39448352396310   -2.33250511834796   -0.61677350921709
H        -3.41850961720271   -1.70198461794379   -1.89113362403230
H         2.60898300462015   -2.09756979962191    0.89309133319815
23
 energy: -23.847050062523 gnorm: 0.002043808050 xtb: 6.4.1 (afa7bdf)
N         3.34979008646902   -2.77691367774408    1.18512463097601
C         4.37401701917549   -2.07155420250366    1.94373474259189
H         2.91566256697306   -3.49488933010712    1.75277539214993
C        -1.33885692720701   -1.39893868085763   -2.22245001706751
C        -0.85371587249009   -0.10188343647972   -2.74140224832028
C        -2.50805691982737   -1.50171141037212   -1.32375452604494
H        -0.93272726415389   -2.30486802101131   -2.64176841453259
C         3.84037977396593   -1.39751388806897    3.21697898637153
C         5.03387771943945   -1.04331654008751    1.02755898483837
H         5.12313115273760   -2.82122656839568    2.23195075228455
H         3.12354229597826   -0.61772141023351    2.95856289193125
H         4.65544784386758   -0.94561159204723    3.77900132614332
H         3.34413440527134   -2.12626047896516    3.85770344047927
H         4.30462704881006   -0.29929296192222    0.71593147192011
H         5.42403979751841   -1.53556144938000    0.14048967324871
H         5.84752620204727   -0.54007909067765    1.54171315598249
H        -1.05900267958199    0.70173073761839   -2.03469227325453
H        -1.34477504421747    0.16418193823554   -3.68767371804644
H         0.21737899206134   -0.13818430939866   -2.94109643895269
H        -2.65836233416937   -0.57501527243612   -0.77106814034139
H        -2.38511987569255   -2.32317955812499   -0.61579913067314
H        -3.43289703017536   -1.70535287236240   -1.88055330786285
H         2.62378950698723   -2.12594832185990    0.90302300168319
23
 energy: -23.847070755246 gnorm: 0.001925876631 xtb: 6.4.1 (afa7bdf)
N         3.36631522367042   -2.79074397706781    1.19693336775932
C         4.38403441611247   -2.07260098268759    1.95270785623680
H         2.93774439723349   -3.50885617623307    1.76868570018068
C        -1.34982480489255   -1.39468510882832   -2.23499131793836
C        -0.86621938674716   -0.09673810750781   -2.75401542133313
C        -2.51205855825390   -1.49784714927912   -1.32642200603353
H        -0.95081983985638   -2.30018325841082   -2.66322243082153
C         3.84301233676727   -1.39677757085781    3.22231809136515
C         5.03746872630938   -1.04388142185290    1.03225749024535
H         5.13848078421926   -2.81557013581507    2.24570625677382
H         3.11618144536864   -0.62768945159710    2.95987206123620
H         4.65241693592496   -0.93107968171498    3.78117217668836
H         3.35665678656136   -2.12808258645775    3.86777554836340
H         4.30680340253202   -0.29759580725664    0.72682383716751
H         5.41940459587299   -1.53710464196626    0.14225976257577
H         5.85679423702219   -0.54205132794274    1.53940737778794
H        -1.06364903902685    0.70497033981535   -2.04253180429789
H        -1.36528802677918    0.17367087988882   -3.69513253659904
H         0.20370808472748   -0.13481303364356   -2.96347672013011
H        -2.66050270730539   -0.57000743556140   -0.77522357727368
H        -2.38240885878500   -2.31732160628715   -0.61721826972777
H        -3.43991049398815   -1.70549044011884   -1.87618169754030
H         2.63549080709926   -2.14863171579823    0.90678649081911
23
 energy: -23.847097565282 gnorm: 0.001859068510 xtb: 6.4.1 (afa7bdf)
N         3.40173939835407   -2.82044995949658    1.21859666643281
C         4.40304079807807   -2.07413836952089    1.96955654706436
H         2.98232602607195   -3.53425611808627    1.80316469323757
C        -1.37034438158107   -1.38575364974740   -2.25626332670751
C        -0.89064108959398   -0.08678408988796   -2.77640941094109
C        -2.52096349277783   -1.49005605453296   -1.33239233962988
H        -0.98649047412811   -2.28992942948017   -2.70019505979570
C         3.84515695264541   -1.39466638674965    3.22997818315246
C         5.04598056506959   -1.04507682261298    1.04191004331621
H         5.16721740369929   -2.80301548277126    2.27380696912896
H         3.09507938558548   -0.65178211406978    2.95881045109733
H         4.64134838762162   -0.89653923609685    3.77916478021972
H         3.38301700351071   -2.13097127567785    3.88719281251582
H         4.31748577987348   -0.28673836045516    0.75648245853379
H         5.40404495594668   -1.53839091659253    0.14219616988867
H         5.88244226736131   -0.55590902253212    1.53520657684401
H        -1.07494565336282    0.71217654099692   -2.05896588111321
H        -1.40157022801167    0.18957958882674   -3.70873871345094
H         0.17606840941525   -0.12614260896736   -3.00151011919566
H        -2.66666939809405   -0.56053957714038   -0.78412260232480
H        -2.37906673285908   -2.30577729870712   -0.62033294494692
H        -3.45336758142970   -1.70643688874526   -1.87119882880230
H         2.66294216239145   -2.19751286513215    0.90835311098002
23
 energy: -23.847104937902 gnorm: 0.001596312913 xtb: 6.4.1 (afa7bdf)
N         3.39375358421734   -2.81336733106813    1.21048907877132
C         4.39662233151899   -2.07336322821835    1.96366747433019
H         2.96792935034955   -3.52284354714442    1.79545797010723
C        -1.36184429343136   -1.38881775115987   -2.24484464710391
C        -0.88225684833308   -0.09070762299505   -2.76589601580798
C        -2.51898939367303   -1.49231980269564   -1.33070960301853
H        -0.97653932869078   -2.29343187666416   -2.68620099504421
C         3.84090943753901   -1.39460837938601    3.22439409350632
C         5.04525989363771   -1.04474366006850    1.03978924668866
H         5.15731934813895   -2.80529216848732    2.26650513015575
H         3.09345196504702   -0.65032400740709    2.95447084615214
H         4.63827077736944   -0.89953559626213    3.77234448601706
H         3.37714137943424   -2.12867792988892    3.88165662466212
H         4.32257130921103   -0.28131176702536    0.75724465702838
H         5.40130533149214   -1.53519541902521    0.13840274647455
H         5.88356419145340   -0.56336415013485    1.53635566863066
H        -1.07112907670125    0.71015533303545   -2.05155053490376
H        -1.38963475301722    0.18212679727157   -3.70175380597163
H         0.18529309450626   -0.12883517393185   -2.98674352081789
H        -2.66711542094455   -0.56453228252335   -0.78070820784899
H        -2.38503878749865   -2.31038622365965   -0.62160379726715
H        -3.44684808925724   -1.70385830371299   -1.87746215831949
H         2.65983446141828   -2.18587630602774    0.90098549908301
23
 energy: -23.847109711327 gnorm: 0.000796960385 xtb: 6.4.1 (afa7bdf)
N         3.39558839056577   -2.81595082987487    1.21081125289961
C         4.39731618762424   -2.07431176200779    1.96431473094922
H         2.96713122477250   -3.52369353067804    1.79628550717886
C        -1.36193761969813   -1.38831558525450   -2.24534413367528
C        -0.88277367036342   -0.09026991171954   -2.76606232137923
C        -2.51947436506363   -1.49185028164788   -1.33117445212941
H        -0.97711384730052   -2.29278530691218   -2.68678923988957
C         3.84057345468897   -1.39465603049391    3.22372494593279
C         5.04567538901971   -1.04499296903548    1.04078232985369
H         5.15962617972844   -2.80416792200268    2.26843353299359
H         3.08924973351773   -0.65396565602259    2.95201043916874
H         4.63742192764489   -0.89449963836145    3.76894861125453
H         3.38038795093657   -2.12879561250383    3.88392603124187
H         4.32310199073324   -0.28121321864959    0.75980919128675
H         5.40049231077246   -1.53411745290281    0.13808959145188
H         5.88489097509703   -0.56494321191878    1.53755821236037
H        -1.07220934282083    0.71068753746261   -2.05242492114790
H        -1.38947261649271    0.18222002300359   -3.70214457200228
H         0.18409013858115   -0.12799936009975   -2.98622440144066
H        -2.66732829541172   -0.56381698558990   -0.78125497041350
H        -2.38477437854375   -2.30953511837299   -0.62101364655028
H        -3.44874875875889   -1.70405134952767   -1.87737250760673
H         2.66211750455715   -2.18808622406952    0.89940102516678
