21
 energy: -32.227815145488 gnorm: 0.069598245594 xtb: 6.4.1 (afa7bdf)
C        -2.85761767590000    1.44822191240000    0.00661395750000
C        -2.88984955480000    0.04060096190000   -0.00941614550000
C        -1.70002983050000   -0.68847971670000   -0.01951743850000
C        -0.46903770770000   -0.02946884020000   -0.01397485710000
C        -0.41137831150000    1.37704712650000    0.00197734500000
C        -1.61883893690000    2.10272973250000    0.01228364420000
H        -1.60499564990000    3.18596200750000    0.02458627110000
H        -3.82709319390000   -0.49933522410000   -0.01418660790000
H        -1.73164313180000   -1.77047155340000   -0.03181707040000
H         0.43217136360000   -0.62755874130000   -0.02229552270000
O        -3.98491573610000    2.20613478120000    0.01674403460000
C        -5.27884921250000    1.72796052400000    0.01053096790000
H        -5.46322722780000    1.13130140830000   -0.90822295050000
H        -5.98209759620000    2.58569857000000    0.02208753640000
H        -5.46321338340000    1.10676116460000    0.91285526960000
C         0.89419075400000    2.09713951440000    0.00772547850000
C         2.20465403190000    1.37242187840000   -0.00364133680000
H         2.29479121290000    0.73091794890000    0.89784841080000
Li        3.73096212270000    2.74243067170000    0.00820209420000
H         2.29053522560000    0.75196740970000   -0.92016602340000
O         0.91839018170000    3.31826736130000    0.02178310570000
21
 energy: -32.237563744479 gnorm: 0.030098768080 xtb: 6.4.1 (afa7bdf)
C        -2.83870188833608    1.44869159203003    0.00616569787144
C        -2.87735213468169    0.05121947723356   -0.00928340899555
C        -1.69249333275543   -0.67061667466384   -0.01900453705183
C        -0.46579671647448   -0.02424684015811   -0.01373381827148
C        -0.40095653261583    1.37194748384072    0.00158073886327
C        -1.60036504444563    2.09316858011317    0.01158964350731
H        -1.57925268674919    3.17339957740356    0.02435187050312
H        -3.81798681513661   -0.47994554843684   -0.01414510983907
H        -1.72862884116418   -1.75038768935695   -0.03168102272800
H         0.43713797238729   -0.61475644078134   -0.02220301896236
O        -3.94897297632112    2.23731726039222    0.01694884584159
C        -5.24471775828762    1.71351304571577    0.01041592011234
H        -5.44944056433547    1.12045125249569   -0.89450200921741
H        -5.92905064747347    2.56837438236738    0.02208244553156
H        -5.44920190159761    1.09633616822661    0.89909838007218
C         0.91095151216052    2.09890758841610    0.00761265022083
C         2.20916591018698    1.36326187525182   -0.00374034718520
H         2.21494591840493    0.68129843777646    0.86179362928178
Li        3.60470380045580    2.80251360713365    0.00921704146995
H         2.21102264701318    0.70153815831376   -0.88486361214160
O         0.91789782326570    3.32826360428657    0.02230018381713
21
 energy: -32.244020189765 gnorm: 0.013592577810 xtb: 6.4.1 (afa7bdf)
C        -2.81920406442793    1.45336801915644    0.00575424544894
C        -2.86725259866527    0.06410686035204   -0.00926982493193
C        -1.68642672221150   -0.65611874389509   -0.01891089652097
C        -0.46138131868551   -0.02329657929274   -0.01375268851521
C        -0.38892628401352    1.36742736929458    0.00101817968463
C        -1.57860193941053    2.08966689829574    0.01093137052919
H        -1.54787333000997    3.16822694458133    0.02374900713901
H        -3.81158312213064   -0.45773851309822   -0.01411983641306
H        -1.72908809179557   -1.73481762756236   -0.03137714550331
H         0.44237136385459   -0.61004703497002   -0.02202325841821
O        -3.91287845453429    2.27311460284709    0.01718144850382
C        -5.20875805166528    1.70465504244048    0.01044545577096
H        -5.40375130705451    1.11253355875743   -0.88711653687973
H        -5.88231897979168    2.55697366844177    0.02227760400209
H        -5.40306999664647    1.08867840461129    0.89195812220249
C         0.93428365098597    2.08847913546750    0.00739774230134
C         2.20017565733872    1.31721740505179   -0.00432729218631
H         2.14583176378071    0.62336903925239    0.84663941975354
Li        3.37368080574727    2.91922367605841    0.01129343509284
H         2.14190390501788    0.64278043057238   -0.87056490027534
O         0.94577485781753    3.32244634123777    0.02281651191522
21
 energy: -32.248210678852 gnorm: 0.023338040633 xtb: 6.4.1 (afa7bdf)
C        -2.80027134837204    1.46196762999162    0.00530382323964
C        -2.86087958776989    0.07672879125051   -0.00939959447998
C        -1.68460251967249   -0.65030694520713   -0.01900832448261
C        -0.45759996411765   -0.02996483949689   -0.01400399789612
C        -0.37601611626907    1.36037418705457    0.00042820374726
C        -1.55541476399114    2.09120715407091    0.01026409085227
H        -1.51493093929601    3.16919773012541    0.02304795277201
H        -3.80842373757909   -0.43735775479643   -0.01417367518096
H        -1.73592366276037   -1.72858612778301   -0.03135986126324
H         0.44405911891634   -0.61877851722079   -0.02220139507221
O        -3.88179420807128    2.30162734169735    0.01720963095899
C        -5.17860220451887    1.70608352811385    0.01068361132664
H        -5.35460574763851    1.11345680941014   -0.88613038298195
H        -5.85301614372689    2.55403740807856    0.02277650223901
H        -5.35313160521703    1.08969196137850    0.89166399510628
C         0.96062228557442    2.06160133949796    0.00711328180719
C         2.19489433550254    1.25802415737964   -0.00496623159482
H         2.11274953567844    0.57130427653330    0.84264302532307
Li        3.08293489913969    3.07305740944320    0.01387367402550
H         2.10784859024431    0.58922947390030   -0.86662742146358
O         0.99501152744458    3.29765388417845    0.02286325571763
21
 energy: -32.249355970423 gnorm: 0.018386667679 xtb: 6.4.1 (afa7bdf)
C        -2.79054796397085    1.46828821177110    0.00498486608523
C        -2.85968794805614    0.08175170802625   -0.00991603538222
C        -1.68750949221884   -0.65638326226250   -0.01966724909423
C        -0.45645503312770   -0.04189136200584   -0.01465147436707
C        -0.37054902059527    1.35098605684601   -0.00006107368240
C        -1.54288310082931    2.09301705614673    0.00987876277562
H        -1.49598206205146    3.17131237217164    0.02252212064031
H        -3.80869019723781   -0.42900031733514   -0.01467249528671
H        -1.74566086980817   -1.73458939454158   -0.03184081315540
H         0.44206913248062   -0.63602484243786   -0.02261214009126
O        -3.86900516179152    2.30789945728578    0.01702309112409
C        -5.16546869878658    1.71555843363883    0.01101421989040
H        -5.32706603213946    1.12114344670327   -0.88959526847768
H        -5.84887821044244    2.55923814525258    0.02346078456544
H        -5.32471996036001    1.09709011063479    0.89577949939662
C         0.96550746026380    2.04065602001069    0.00730878401925
C         2.19857081764191    1.24543932578920   -0.00446021935622
H         2.12232482468931    0.56494165666010    0.84692054062056
Li        2.92505047628175    3.13333441702110    0.01213982697415
H         2.11569873580410    0.58000594226636   -0.86767033273837
O         1.00679004775404    3.27747571595851    0.02411476823989
21
 energy: -32.249964608591 gnorm: 0.006677583107 xtb: 6.4.1 (afa7bdf)
C        -2.79006558268867    1.46891565293662    0.00461662989511
C        -2.86319126826328    0.07947542814744   -0.01040078840106
C        -1.69428075423854   -0.66824203597136   -0.02028308459812
C        -0.45900361809126   -0.05610550996175   -0.01544155513986
C        -0.37248147236887    1.33855450704262   -0.00090351308081
C        -1.54091827571567    2.08950536811845    0.00925151534937
H        -1.48922413792246    3.16817034051590    0.02178666011844
H        -3.81306861156341   -0.42988420044530   -0.01500496980208
H        -1.75721933115689   -1.74632486500427   -0.03221081728040
H         0.43731888407579   -0.65474819717067   -0.02307467962225
O        -3.86894666531606    2.30207492081083    0.01662808185447
C        -5.16439489338496    1.72710891322183    0.01135920657318
H        -5.32325291855064    1.13159407237392   -0.89251030742996
H        -5.85413974550632    2.56946355091005    0.02400103304446
H        -5.32016725708924    1.10756347437793    0.89954348986139
C         0.95206154331384    2.03093805428703    0.00796321574024
C         2.20579376554348    1.26584575457990   -0.00420241539210
H         2.15493038769914    0.58637623994507    0.85220504624665
Li        2.92254203221187    3.13368028555453    0.01015115196850
H         2.14500393646475    0.59765521163319   -0.86982093818714
O         0.97561172604736    3.26863193169807    0.02634720098197
21
 energy: -32.250145077811 gnorm: 0.003922912864 xtb: 6.4.1 (afa7bdf)
C        -2.78903235499407    1.46718580818075    0.00385159113085
C        -2.86592890659856    0.07701411812093   -0.01114503892663
C        -1.70068299515618   -0.67684540795899   -0.02129782071766
C        -0.46196106673372   -0.06926113338817   -0.01689914592653
C        -0.37181105911366    1.32492768156569   -0.00266334506333
C        -1.53749995508320    2.08132776519887    0.00799862663606
H        -1.47946064938369    3.15942260904868    0.02065210667540
H        -3.81732581687477   -0.42974237133836   -0.01540219719960
H        -1.76929948087857   -1.75447161198656   -0.03292925186511
H         0.43271698368616   -0.67081498602341   -0.02422002976635
O        -3.86512924277345    2.30138458325022    0.01613314496380
C        -5.16096926587464    1.73743974393063    0.01182483430621
H        -5.32716096972314    1.14269401729670   -0.89163622059282
H        -5.84915308240577    2.58097781452522    0.02470834902511
H        -5.32309600986010    1.11893330280951    0.89996099261247
C         0.94580331597038    2.02068963398589    0.00894121471301
C         2.21546987448456    1.27534371266762   -0.00428619453630
H         2.18824916072329    0.59706267175248    0.85627202625628
Li        2.89124826125597    3.16717907847145    0.00630691456175
H         2.17135278736094    0.59922328644623   -0.86775967769021
O         0.95657821547218    3.26057858104465    0.03158928410361
21
 energy: -32.250234493302 gnorm: 0.003788348201 xtb: 6.4.1 (afa7bdf)
C        -2.78935889025661    1.46314524965294    0.00255254315496
C        -2.86742921076893    0.07318965369955   -0.01221693957879
C        -1.70370359569514   -0.68187813585510   -0.02298867278065
C        -0.46329930924838   -0.07718521730840   -0.01969020961761
C        -0.37092682464001    1.31605814746560   -0.00603892172156
C        -1.53656444756773    2.07304725016471    0.00567515792133
H        -1.47444274892405    3.15051392671282    0.01869972989940
H        -3.81998991897519   -0.43173475960575   -0.01558990471226
H        -1.77549749246221   -1.75915836740221   -0.03387480666315
H         0.43110236757257   -0.67932100377202   -0.02639995981571
O        -3.86246791493207    2.30119554633578    0.01544367767177
C        -5.15980508938228    1.74353465119782    0.01228890229306
H        -5.33470083559682    1.14959117941242   -0.88988814796787
H        -5.84212325952444    2.59141789594822    0.02548900182622
H        -5.32938414311471    1.12624643514397    0.89967633857327
C         0.94280764422109    2.01769541244883    0.01142903133203
C         2.22113425572909    1.28519677449190   -0.00513487588464
H         2.21178411877253    0.61328736797753    0.86161499881691
Li        2.88077201279274    3.17944784651276   -0.00150483204308
H         2.18006434607478    0.59720223737990   -0.86230505990939
O         0.94493667942576    3.25875680699877    0.04276311190577
21
 energy: -32.250748815820 gnorm: 0.021242606129 xtb: 6.4.1 (afa7bdf)
C        -2.79009615636782    1.44445247502515   -0.00535911439629
C        -2.87320069366859    0.05553647921189   -0.01862587908652
C        -1.71520700896559   -0.70369841108233   -0.03357041148354
C        -0.46772024277144   -0.11158116216957   -0.03795419204119
C        -0.36621779697092    1.27777236358662   -0.02849251363858
C        -1.53214142230078    2.03657693364658   -0.00915824628372
H        -1.45238981380559    3.11150753088198    0.00626125179222
H        -3.83095660341044   -0.44125665111606   -0.01595081279882
H        -1.80026189200638   -1.77963404287384   -0.03936180740846
H         0.42566771581341   -0.71609035120808   -0.04075405854542
O        -3.84943157400594    2.30070249656586    0.01156404632056
C        -5.15479286154674    1.77071803614650    0.01478845055322
H        -5.36666854974040    1.18014335884019   -0.88194930489063
H        -5.80998170440327    2.63925504113476    0.02975416792961
H        -5.35433305697831    1.15902396212024    0.89970466255213
C         0.93175302641583    2.00467583541452    0.02687450423662
C         2.24406284420528    1.32565163933944   -0.01229195789701
H         2.32598481664299    0.70334182819546    0.89552844143805
Li        2.82575682682527    3.23713517415627   -0.05215231944652
H         2.19552299445800    0.56618542018907   -0.82691838513942
O         0.89755889608140    3.24983094159539    0.11806364093369
21
 energy: -32.248867569903 gnorm: 0.070913798947 xtb: 6.4.1 (afa7bdf)
C        -2.79194556483944    1.41255087758168   -0.02047999203943
C        -2.88251836891231    0.02585962395601   -0.02993098903937
C        -1.73375922484076   -0.73832475760707   -0.05269045444903
C        -0.47504186543121   -0.16733181874887   -0.07296303788344
C        -0.35800509061184    1.21497400492051   -0.07309204411050
C        -1.52570918554803    1.97494314513045   -0.03863178513612
H        -1.41604724508734    3.04532890455508   -0.01864254698946
H        -3.84902324214737   -0.45725877541651   -0.01504903186602
H        -1.84065199073197   -1.81193210628771   -0.04795278949905
H         0.41704140221071   -0.77511837621898   -0.06824354217458
O        -3.82757769657063    2.30062063114734    0.00408474562052
C        -5.14660729470750    1.81485651383260    0.01920827797531
H        -5.42310733945644    1.22974683972694   -0.86711469675387
H        -5.75426259180954    2.71878694383499    0.03707394823814
H        -5.39791351580793    1.21321097858804    0.89955650213659
C         0.91440936208332    1.98403240408943    0.05635522745714
C         2.27956977990019    1.39169295084449   -0.02913420741733
H         2.52991630359287    0.86977778974704    0.95701293989452
Li        2.73143757221670    3.32846581737016   -0.14560223227548
H         2.21064576395282    0.49966419975805   -0.76067862860519
O         0.82205777604564    3.23570310679639    0.26691449961658
21
 energy: -32.251640402995 gnorm: 0.036433129283 xtb: 6.4.1 (afa7bdf)
C        -2.79008837484263    1.42449238769599   -0.01767485575522
C        -2.87766886162092    0.03744983235095   -0.02524006064000
C        -1.72348054726609   -0.72225279289890   -0.04454979365998
C        -0.47064703699864   -0.14173978229869   -0.05778444846507
C        -0.35994085465741    1.24421619430520   -0.05409928633239
C        -1.52787723885499    2.00134072498320   -0.03133527343616
H        -1.43283969102143    3.07369774045579   -0.01403846180205
H        -3.84013490251745   -0.45176875218523   -0.01263831488522
H        -1.81947395705481   -1.79706194452402   -0.04246696692610
H         0.42164205591253   -0.74842260649255   -0.05718685554527
O        -3.83483669418871    2.30175991056658    0.00511898960334
C        -5.15003500016685    1.79523824257836    0.01862714549590
H        -5.39813316344168    1.20787527935918   -0.87091198546564
H        -5.77426292419335    2.68593744073373    0.03523022264290
H        -5.37511881195278    1.19177506457107    0.90242275035701
C         0.92715578802823    1.99176648023174    0.04808759447533
C         2.25760373476369    1.35552326753942   -0.01756974674186
H         2.42447332020381    0.79058073876507    0.92422873916266
Li        2.75238647440124    3.29163864180024   -0.10554015086104
H         2.20743112811880    0.54032011134652   -0.78746548903800
O         0.86675330084940    3.23788271871639    0.20478641051684
21
 energy: -32.252769930037 gnorm: 0.032202611183 xtb: 6.4.1 (afa7bdf)
C        -2.79052726046230    1.42763915345999   -0.01921020901120
C        -2.87528281517736    0.04101018271321   -0.02522001377718
C        -1.71841983145914   -0.71395663044789   -0.04464168387908
C        -0.46851880839818   -0.13017923072230   -0.05873610870212
C        -0.36009639914737    1.25611436708342   -0.05713952087202
C        -1.53044000824043    2.00951342765849   -0.03439042788069
H        -1.43965557260871    3.08224909044834   -0.01859384583410
H        -3.83646991739779   -0.45021726903213   -0.01098597666711
H        -1.80987776535317   -1.78907267267535   -0.04208436807274
H         0.42452407349950   -0.73549915532479   -0.05837383562830
O        -3.83744484450084    2.30253116994881    0.00400827775560
C        -5.15179351345568    1.78704614953425    0.01924380797121
H        -5.39519530201946    1.19899043246221   -0.86953346953677
H        -5.77829390576110    2.67452305317990    0.03611132092803
H        -5.37001444781328    1.18349885236099    0.90364532288410
C         0.93221029976216    1.99614249294060    0.04423928795423
C         2.24463719221257    1.34145891978154   -0.02427399990527
H         2.41365368281220    0.79765393611944    0.92129787997939
Li        2.75876820934932    3.26711323865260   -0.09964167749932
H         2.18815578991861    0.52416536107871   -0.78432073106572
O         0.88298888774042    3.23952402838000    0.21860013355903
21
 energy: -32.259753267589 gnorm: 0.023631778846 xtb: 6.4.1 (afa7bdf)
C        -2.78951114808916    1.43860638031065   -0.03380046281271
C        -2.87240810662406    0.05129977451716   -0.02983664028108
C        -1.70780863017775   -0.69526807796437   -0.05140277629407
C        -0.46506410762763   -0.10337296029334   -0.07443670400103
C        -0.36161545249023    1.28659409647520   -0.08781538266218
C        -1.53494249030903    2.03566878038302   -0.06422136551443
H        -1.45522584073747    3.11091008833756   -0.05038520430623
H        -3.83056201522793   -0.44381615600017   -0.00366294126079
H        -1.78588931420795   -1.77226253753315   -0.04028337585484
H         0.42704916166466   -0.70994285232387   -0.06781503836488
O        -3.84215624991764    2.30511737655421   -0.00553928867310
C        -5.15756592821229    1.77100669765749    0.02235171687575
H        -5.38032664846876    1.18031231399538   -0.86516063164467
H        -5.79183964429619    2.64891357032305    0.04215016333772
H        -5.34005646997101    1.16868276472890    0.91390253406525
C         0.94743455279755    1.98451123409113    0.05327433319695
C         2.18693758367552    1.27576609588478   -0.06557710689334
H         2.46557764454307    0.89439921179417    0.92025791250180
Li        2.72719056804151    3.24142132388886   -0.11103475661076
H         2.11132708430865    0.42954828090818   -0.74743320622900
O         0.93236319482610    3.21215349186520    0.34646838412561
21
 energy: -32.265211345757 gnorm: 0.073620981373 xtb: 6.4.1 (afa7bdf)
C        -2.78764682703744    1.44946086102328   -0.05408855593199
C        -2.87613647894553    0.06050158923683   -0.03977696327447
C        -1.70511326253808   -0.68418384666377   -0.06503742122919
C        -0.46828504824617   -0.08357651038548   -0.10561924795800
C        -0.36627341240021    1.31380131267098   -0.14961227386324
C        -1.53775702662063    2.06277696032357   -0.10880806813034
H        -1.47059228666631    3.14079197206642   -0.09119747675553
H        -3.83092034420573   -0.43772021870067    0.00528921869693
H        -1.76977525601413   -1.76380766625294   -0.03756622185503
H         0.41843632401640   -0.69782241698186   -0.08308821385537
O        -3.84647132616721    2.30527239287595   -0.01617203563614
C        -5.16653558097039    1.76397570056043    0.02600239373415
H        -5.36095778716437    1.17030413496947   -0.86363236234178
H        -5.81109335138667    2.63307416034311    0.05005944947156
H        -5.30387826458157    1.16287548452901    0.92778605315369
C         0.96193563507658    1.94920722795706    0.05908590100750
C         2.10953382846911    1.19349449718028   -0.13159555387392
H         2.63587384996168    1.09934020295746    0.91605272573316
Li        2.65343537290494    3.24994429982540   -0.14293861140302
H         2.01542185899213    0.27230212384145   -0.66663308806735
O         0.98970712702355    3.15023663622406    0.57149051507836
21
 energy: -32.270468725465 gnorm: 0.035597323185 xtb: 6.4.1 (afa7bdf)
C        -2.78424395169038    1.45809365205908   -0.06205874477374
C        -2.88352172550158    0.06676463596950   -0.04485698251435
C        -1.71765026695612   -0.69464534621193   -0.07040818581808
C        -0.47694101844087   -0.09383404161527   -0.10961618451066
C        -0.37059241713944    1.30738105726388   -0.14841780208076
C        -1.53032707606229    2.07111784601282   -0.11718730618753
H        -1.46786307715974    3.15072604174629   -0.10007531753956
H        -3.83752050175695   -0.43186266079076    0.00744776079145
H        -1.78399551900825   -1.77466696666399   -0.03462413817753
H         0.40358476637636   -0.71604155011328   -0.07798667395884
O        -3.84879021380347    2.30365553105352   -0.01925083395074
C        -5.16624500140266    1.77234871774050    0.02890109410222
H        -5.34631604120826    1.17014182318088   -0.86536758203314
H        -5.83226200161723    2.63349784326262    0.05388734358239
H        -5.28287154502005    1.17083281181320    0.93835259634009
C         0.96029447606717    1.92479452834515    0.08256935220977
C         2.13365207461099    1.20313522939300   -0.10226964582655
H         2.66590252517379    1.06758557524602    0.86654422942191
Li        2.63552884413292    3.32376398384008   -0.14025922325122
H         2.02653972571815    0.28171272980035   -0.63619469563223
O         0.98654568818786    3.11574745626836    0.55087110250706
21
 energy: -32.274472771323 gnorm: 0.027491367207 xtb: 6.4.1 (afa7bdf)
C        -2.78172211955525    1.46563081329254   -0.08582140440112
C        -2.88989905306801    0.07677407734055   -0.05138776080149
C        -1.73062542349351   -0.69238558005668   -0.07673234092583
C        -0.48885899313926   -0.09616733953110   -0.12452377341210
C        -0.36964694866337    1.30375149743106   -0.16142608626545
C        -1.52340131856935    2.07372867281564   -0.14590257489093
H        -1.46322390981714    3.15310630050233   -0.14073279731847
H        -3.84476675519716   -0.41902645065390    0.02183949500855
H        -1.79991890794474   -1.77142155718894   -0.02051715298604
H         0.38537443516804   -0.72485635494310   -0.08051880856580
O        -3.84607049361640    2.31360176702236   -0.03795535754361
C        -5.15966082651716    1.77257852205786    0.03177613264105
H        -5.34901700799874    1.15299335935377   -0.85076182697073
H        -5.83605325113998    2.62683999023995    0.05026630475851
H        -5.26837028796596    1.18390265214894    0.94984252716521
C         0.96957901345638    1.90086613491412    0.11441457944693
C         2.14011703057438    1.19087177037567   -0.10755705245236
H         2.76304041860528    1.10537578975918    0.78897099651145
Li        2.54711888511698    3.38376761015587   -0.14672394526951
H         2.02583973910256    0.23307471291867   -0.58881671039986
O         1.00307351816237    3.07724250964523    0.66226771937157
21
 energy: -32.276096023013 gnorm: 0.060883865798 xtb: 6.4.1 (afa7bdf)
C        -2.77887306244918    1.47469485249734   -0.10888145170125
C        -2.90023221785084    0.09129729892105   -0.06733559919708
C        -1.75463940456767   -0.69162323220691   -0.08924556968898
C        -0.50956920501512   -0.10663311602624   -0.11674645831718
C        -0.36935377275848    1.28733820986748   -0.12937975880661
C        -1.51261202716635    2.06858359650908   -0.15393675220432
H        -1.45312392026905    3.14658191771414   -0.16122505272854
H        -3.85706751291271   -0.39698566190162    0.01460396504485
H        -1.83259729066924   -1.76683362249420   -0.03578837615895
H         0.35657173116416   -0.74244707508288   -0.08102464425673
O        -3.84075942607572    2.33070379438233   -0.05912583506697
C        -5.14479921421491    1.77672158056914    0.03368514831310
H        -5.35890017301858    1.13982420427526   -0.83344996005251
H        -5.83263534654934    2.62234300544170    0.04618218227393
H        -5.25975707250321    1.20080162501145    0.95551058414681
C         0.97352103826048    1.85920070736131    0.15995688629338
C         2.14024348062830    1.17007030975118   -0.12093769460178
H         2.97493853138388    1.22192314811395    0.69335842064323
Li        2.40517649718156    3.45837310071452   -0.13795933360960
H         2.02669455207217    0.15610597714573   -0.52598794524293
O         1.01068155882979    3.01020827703620    0.71772740761810
21
 energy: -32.279907571546 gnorm: 0.035226583078 xtb: 6.4.1 (afa7bdf)
C        -2.77709225478699    1.47225378972526   -0.11078219087573
C        -2.90331555665482    0.09222800167397   -0.06132007450931
C        -1.76747836432359   -0.69772812591677   -0.07828445080405
C        -0.51594992251553   -0.12498848327715   -0.10453769162820
C        -0.36274860689465    1.26195543804561   -0.11131466473210
C        -1.50384962378107    2.04877393041084   -0.14573283772066
H        -1.43584353574938    3.12525345427829   -0.16742337957846
H        -3.86434830992797   -0.38707297629485    0.01782107824711
H        -1.85903361862754   -1.77000121338717   -0.02755428155744
H         0.34995186011801   -0.76063379343278   -0.06849975134317
O        -3.83468542295717    2.33966614153221   -0.07911543409158
C        -5.13131326834164    1.78295389255110    0.02686383470569
H        -5.37400075856815    1.12870475504617   -0.82192673969599
H        -5.81552675706324    2.63070007079520    0.02550379497781
H        -5.26712155324816    1.22365582819440    0.95485347822408
C         0.97100143676063    1.85091205146833    0.15229522331691
C         2.15346190058875    1.18013406672170   -0.11414036549322
H         2.97217895369285    1.21771533262193    0.63636162970995
Li        2.37497031850879    3.48507207712597   -0.14947003892173
H         2.08862173468886    0.20808676204626   -0.54690250645128
O         0.98502909258191    3.00260789767148    0.77330553092137
21
 energy: -32.280645468390 gnorm: 0.047160500417 xtb: 6.4.1 (afa7bdf)
C        -2.77052477834232    1.47088740145145   -0.10639573155980
C        -2.90032622725948    0.09170186120851   -0.06256055911002
C        -1.76898294762061   -0.70186868770735   -0.07881535286203
C        -0.51142712033835   -0.13705273160276   -0.09739130251438
C        -0.35053342756415    1.24798913829642   -0.10921388184578
C        -1.49294604886185    2.03708601692343   -0.14009846141944
H        -1.41626622753291    3.11251521163828   -0.15172980200487
H        -3.86564373472438   -0.38065989787380    0.00198268555933
H        -1.87300978593203   -1.77361362144004   -0.04182019440066
H         0.35623140959970   -0.77315374873931   -0.05639964806850
O        -3.82808056163052    2.34289488568149   -0.08897393667305
C        -5.11915034230411    1.78672643758797    0.02939847972598
H        -5.37470096895139    1.12606971242837   -0.80914252023104
H        -5.80164911317206    2.63597244968020    0.02411034060780
H        -5.25417180300675    1.23405307032655    0.96383225715824
C         0.98190208983544    1.85236480205284    0.14802061792810
C         2.15722232479650    1.18467811632371   -0.11761898988156
H         2.92604983424083    1.26977900172226    0.59643998710606
Li        2.32092812093654    3.50499693752566   -0.11476933787271
H         2.08272525555162    0.17371054510345   -0.54259087678166
O         0.98526179578019    3.00517199701269    0.75373638983993
21
 energy: -32.284141312968 gnorm: 0.026127045765 xtb: 6.4.1 (afa7bdf)
C        -2.76542385090458    1.46866830183960   -0.10793205967586
C        -2.90935122590076    0.08711070287772   -0.06554851550961
C        -1.78249011399717   -0.71992637440801   -0.07571870531730
C        -0.51764488844997   -0.16304077709425   -0.08870147860935
C        -0.34976965570907    1.22494954519700   -0.11522570391800
C        -1.48424192545683    2.02720081753185   -0.14113352528011
H        -1.39848525279534    3.10364919530665   -0.14157285099810
H        -3.87970184798536   -0.37681006553864   -0.01140567244660
H        -1.89783092908558   -1.79297004845793   -0.04049922915693
H         0.34667739384534   -0.80765863623671   -0.02700118262350
O        -3.82395817477375    2.34043846851337   -0.10825633869708
C        -5.11536601869225    1.80401708354805    0.02265911433681
H        -5.36258067431054    1.13476260463404   -0.81019653266261
H        -5.79912313222712    2.65611546634923    0.01079339972722
H        -5.23070483887520    1.26071273856595    0.97166452066257
C         0.98550967117962    1.82237350307295    0.17277220800628
C         2.13700872812880    1.16987615109219   -0.12872633119286
H         3.00682049344959    1.37245214473356    0.51482787792789
Li        2.26147494108421    3.56951581702101   -0.11944067737570
H         2.08264851694521    0.16343720499458   -0.53345705920794
O         0.97944052803066    2.96537505405781    0.82209890471077
21
 energy: -32.285727778639 gnorm: 0.038955903122 xtb: 6.4.1 (afa7bdf)
C        -2.76236490470501    1.46039648867084   -0.11666304275444
C        -2.91384846262084    0.07853848438913   -0.07378525874852
C        -1.79181399104231   -0.73461515752002   -0.06566248968204
C        -0.52428267789546   -0.18644153165927   -0.05845698669323
C        -0.35348883858501    1.19882237748709   -0.07326959983545
C        -1.48094505441912    2.00910994777064   -0.12291871808224
H        -1.38107254792811    3.08487042439081   -0.12792133626339
H        -3.88899153713378   -0.37870665390615   -0.02881486330313
H        -1.91699201473633   -1.80716812984083   -0.02982262123107
H         0.33828200006219   -0.83264458985954    0.00258782273540
O        -3.81471755301295    2.34077435488114   -0.13191362700780
C        -5.10863157690007    1.82138117337078    0.01528492958367
H        -5.37052339331834    1.14519907806170   -0.80751111835316
H        -5.78271305194674    2.68009180873528   -0.00077961189668
H        -5.22570956421582    1.29025270254403    0.97024826687910
C         0.98057133837952    1.80470222520307    0.19809023206324
C         2.13642623642844    1.16191077032566   -0.13716340053910
H         3.07184071499186    1.41493679572398    0.42773171343095
Li        2.19318665672631    3.61307492961759   -0.08565140348723
H         2.11318201018691    0.19685566093755   -0.57222800713445
O         0.96551395518453    2.94890773827648    0.81861928301957
21
 energy: -32.288125183915 gnorm: 0.019410588236 xtb: 6.4.1 (afa7bdf)
C        -2.76289729725463    1.45101263061046   -0.11253368752024
C        -2.91624497714889    0.06921906806738   -0.08172855227785
C        -1.79308739579015   -0.74217061126724   -0.06382747844774
C        -0.52604897098269   -0.19664124973327   -0.03483078263334
C        -0.35635284721278    1.18852808270364   -0.03459519710434
C        -1.48211637140542    1.99900914543932   -0.09898560667784
H        -1.37758080219207    3.07388017743740   -0.10115191571697
H        -3.89250825508397   -0.38711342567862   -0.05519231870700
H        -1.91816083353079   -1.81457684648131   -0.04147654976334
H         0.33438232374983   -0.84448820002916    0.02000075388150
O        -3.80680442417121    2.33795648956058   -0.13236267373876
C        -5.11080584000870    1.82895836782858    0.00791089903147
H        -5.37646162570535    1.15964237364354   -0.81778213595740
H        -5.77219514687678    2.69492097510541   -0.00549233561018
H        -5.23266581826063    1.29711374514183    0.95906149384998
C         0.97966325150355    1.79635582532038    0.22157549139571
C         2.12581880083486    1.15303755591524   -0.11747219333563
H         3.07533009123957    1.47490978043997    0.34427725078926
Li        2.20430111614182    3.62112848157447   -0.09213331711579
H         2.11635078440254    0.18548012471524   -0.57601368527051
O         0.97099198125174    2.96408640728614    0.81275270362900
21
 energy: -32.289691462953 gnorm: 0.008800412553 xtb: 6.4.1 (afa7bdf)
C        -2.76356422246723    1.43658637819600   -0.09786584269602
C        -2.91961326617412    0.05501909800659   -0.08933956668944
C        -1.79465093340896   -0.75437176658199   -0.05829360922042
C        -0.52715438529159   -0.21232166358745   -0.00160416234177
C        -0.35823431298203    1.17316734838431    0.01337350988198
C        -1.48266368266922    1.98309135745194   -0.05734092523325
H        -1.37220635002683    3.05685556464869   -0.04902227436801
H        -3.89779846301456   -0.39997318809538   -0.09547663250872
H        -1.92027931432977   -1.82721489165569   -0.05582095389290
H         0.33007151697018   -0.86239074551711    0.05810298232104
O        -3.79594607893504    2.33273701438579   -0.12991165141123
C        -5.11428090304305    1.83964785360685   -0.00383319531682
H        -5.38164560379763    1.18305908465586   -0.83750467181805
H        -5.75688000039043    2.71800943917721   -0.01425580352222
H        -5.24503200825151    1.30318089565368    0.94096100190244
C         0.98146733503116    1.79347645990122    0.21941653533410
C         2.11420132533181    1.14496846890406   -0.11351073471993
H         3.06758187026763    1.52828961016506    0.25300963415094
Li        2.21918654752992    3.66343385263811   -0.09273116471693
H         2.11561559585643    0.17300641640209   -0.57871052629814
O         0.98473307729469    2.98199231086015    0.79035821386336
21
 energy: -32.290569639942 gnorm: 0.017342798129 xtb: 6.4.1 (afa7bdf)
C        -2.76392483565758    1.42446251367699   -0.07932738835028
C        -2.92345168102683    0.04350410278645   -0.09523365799598
C        -1.79872700434946   -0.76659212146270   -0.04984610881739
C        -0.53016348651768   -0.22969951257174    0.03195113298611
C        -0.35925628479310    1.15532893984258    0.05601896950875
C        -1.48162451707560    1.96682573895068   -0.01354370607919
H        -1.36554558881294    3.03965316981885    0.01108853248408
H        -3.90311628736350   -0.40898986430665   -0.13617419726891
H        -1.92627123894257   -1.83964301592796   -0.06428588685594
H         0.32345574433766   -0.88326977061296    0.10272061134743
O        -3.78637077956866    2.32918513264066   -0.12457308937468
C        -5.11649698062183    1.85052264317842   -0.01881947268204
H        -5.38167046514324    1.21045701138382   -0.86529456753924
H        -5.74246319923524    2.74054532078717   -0.02514885326306
H        -5.26087884131797    1.30401667387665    0.91727312485183
C         0.98246096174216    1.78108777498064    0.22613508643540
C         2.10713333999580    1.13464979764698   -0.11853687324332
H         3.07939736080152    1.58671079634671    0.13441038702184
Li        2.22266805475263    3.72141986706666   -0.08206324359778
H         2.11356514712605    0.15688890892695   -0.57078791506696
O         0.99418832517024    2.99318479057180    0.76403727819932
21
 energy: -32.291399400134 gnorm: 0.015515260619 xtb: 6.4.1 (afa7bdf)
C        -2.76253167756142    1.41415404147302   -0.06156757571807
C        -2.92445221466207    0.03427373141143   -0.09684641709373
C        -1.80100010077606   -0.77758826086508   -0.03525283968510
C        -0.53166122134674   -0.24577826942579    0.06558622821942
C        -0.35795712652802    1.13890913645294    0.09151521716247
C        -1.47922363877180    1.95172771342142    0.02847727884913
H        -1.35933893690664    3.02360185730750    0.06769983964792
H        -3.90408786082295   -0.41510429790328   -0.16736347901176
H        -1.93065242465250   -1.85031610444451   -0.05932849444873
H         0.31849122466085   -0.90311206477916    0.14748493030617
O        -3.77708596542910    2.32598799765751   -0.11824070284134
C        -5.11599284163759    1.85968397229369   -0.03541239124971
H        -5.37685627991899    1.23768586936465   -0.89660546786921
H        -5.72837191731599    2.75906436488193   -0.03610461532037
H        -5.27682662189026    1.30035347555975    0.89027882604269
C         0.98469822521794    1.77254566342838    0.21917272566663
C         2.10416887445260    1.13145776980657   -0.14517881228190
H         3.06614127757485    1.60408242390211    0.03939680162864
Li        2.22475048344880    3.80158396597123   -0.05168848644122
H         2.10718485277880    0.14746019294261   -0.57714609581842
O         1.00351163358617    2.99957571914309    0.73112369295645
21
 energy: -32.292130841847 gnorm: 0.013448837867 xtb: 6.4.1 (afa7bdf)
C        -2.75926431799168    1.40817244475898   -0.04365309023226
C        -2.92435282865769    0.02974352407405   -0.09415539143298
C        -1.80534977637667   -0.78745109174040   -0.01643375645770
C        -0.53505119098139   -0.26181797004586    0.09942696562660
C        -0.35592989133776    1.12239606178260    0.12796809601422
C        -1.47524836661410    1.93880441283452    0.07021870721352
H        -1.35206568433706    3.00965886177194    0.11869645852603
H        -3.90274548008809   -0.41466844415594   -0.18888941621662
H        -1.93896691524462   -1.85936146113213   -0.04554021674707
H         0.31167113306641   -0.92360940945361    0.18552008983218
O        -3.76846229917832    2.32563959212141   -0.10855682364223
C        -5.11099446172848    1.86728940248506   -0.05633545774140
H        -5.36200561587924    1.26637329438330   -0.93596562762835
H        -5.71628648160245    2.77109839564476   -0.04774857069115
H        -5.29259091432809    1.28877922314647    0.85449675837719
C         0.98619960816115    1.75850884080514    0.21871980141190
C         2.09955755178513    1.12074101881465   -0.17529151933669
H         3.06439235149858    1.62581096848959   -0.08454575651509
Li        2.21543627335654    3.90095819610419   -0.00091200379219
H         2.09113802976844    0.12605444622666   -0.57613148374463
O         1.01382702020926    2.99712859068466    0.69911239987671
21
 energy: -32.292993839840 gnorm: 0.016812244803 xtb: 6.4.1 (afa7bdf)
C        -2.75270801561270    1.40801496667960   -0.02208133798589
C        -2.92092368794962    0.03118784562724   -0.08180235537744
C        -1.80886089953007   -0.79359110311704    0.00775290012823
C        -0.53788606314602   -0.27326095065087    0.12785323767722
C        -0.35102743424426    1.11047984426895    0.15323879966248
C        -1.46906566307736    1.93108406246030    0.10365058972802
H        -1.34475059516505    3.00122633633487    0.15565496652734
H        -3.89681053759678   -0.40802902801285   -0.19424835512615
H        -1.94739738395291   -1.86448496940040   -0.02075968514897
H         0.30625900907427   -0.93908767816397    0.21083016418109
O        -3.76119405131585    2.32775581886981   -0.09031527475700
C        -5.09980942945482    1.87033248817051   -0.07871645666381
H        -5.33333218994617    1.29352058731313   -0.98044066562487
H        -5.70801022998220    2.77157707484352   -0.05644311822616
H        -5.30632024713336    1.26498901947715    0.81118153025794
C         0.98894895580256    1.74553897002670    0.21084340187694
C         2.09346069962666    1.10336366834598   -0.21392427854336
H         3.04366966718388    1.60775697526665   -0.18817930790333
Li        2.19841657232104    4.03216338829259    0.07427106007081
H         2.06261286677137    0.09696023240190   -0.57945024785519
O         1.02763640082724    2.99275134856628    0.65108459580210
21
 energy: -32.293618512076 gnorm: 0.017781353169 xtb: 6.4.1 (afa7bdf)
C        -2.74664840201349    1.40747616031428    0.00492520972107
C        -2.91942659043108    0.03162854673888   -0.06864321200314
C        -1.81294424095642   -0.79903479112515    0.02985766654301
C        -0.54101665834464   -0.28260559907443    0.16194368480227
C        -0.34660822492329    1.10072996831374    0.19038482515371
C        -1.46328587139728    1.92475906593852    0.14379768067066
H        -1.33725342431150    2.99446590242971    0.19844421429213
H        -3.89459923094443   -0.40384248264989   -0.20535115040890
H        -1.95610103182379   -1.86948300541917   -0.00625332233837
H         0.30093730022882   -0.95197092475740    0.23853329830804
O        -3.75462417286161    2.32942509492694   -0.06389579740880
C        -5.08920610525041    1.87124911480707   -0.10319715073281
H        -5.30042216673341    1.32260622012337   -1.03011232807980
H        -5.70240439537486    2.76923063963382   -0.06513290328587
H        -5.32210958777314    1.23418720788811    0.76053485335397
C         0.99439706705417    1.73549026519012    0.20342216897351
C         2.07816622038702    1.06981778720551   -0.23797874941712
H         3.02918662911185    1.59688604631348   -0.31985656777459
Li        2.18834418836506    4.17392470488444    0.15483239154018
H         2.02451627509468    0.05199287111435   -0.57053868658880
O         1.05401016639763    3.00331610480374    0.58428403737964
21
 energy: -32.294609116927 gnorm: 0.015905557529 xtb: 6.4.1 (afa7bdf)
C        -2.74434214940139    1.41612081206628    0.01312676415460
C        -2.91750049920574    0.03947354799402   -0.05715847038280
C        -1.81077534808684   -0.79010845803989    0.03138438625293
C        -0.53925183576215   -0.26946783316242    0.15784550482779
C        -0.34364893009320    1.11401183289230    0.18802784998670
C        -1.46185195449222    1.93684105143341    0.14043682308129
H        -1.33877466031545    3.00745650689733    0.18533654596967
H        -3.89258673429108   -0.39839603293825   -0.18611898111314
H        -1.95308013434636   -1.86092121744284   -0.00567981608430
H         0.30455773374684   -0.93730929108270    0.22488172318747
O        -3.76016362162341    2.33233046294597   -0.04290267578928
C        -5.08388723665372    1.86165793215443   -0.10678191636978
H        -5.27730663704843    1.31904547535670   -1.03916091455383
H        -5.71430298373904    2.74856312083378   -0.06455969574941
H        -5.32168977976416    1.21274473564923    0.74399892131579
C         1.00054931670629    1.74112154363990    0.19718499363216
C         2.06874231190316    1.04469165416928   -0.23214372209082
H         3.02052634028626    1.54597735687373   -0.31536677069328
Li        2.16923866868574    4.20388913111832    0.17990668332821
H         2.00135605320043    0.02906594992707   -0.56398626792743
O         1.07709982379434    3.01346061631440    0.55172919771743
21
 energy: -32.295775000085 gnorm: 0.014267969576 xtb: 6.4.1 (afa7bdf)
C        -2.74227730150595    1.42553457936864    0.03515046376004
C        -2.91800318731574    0.04812703595159   -0.03744061898532
C        -1.80877747062210   -0.77900372696262    0.03683662482971
C        -0.53771303731399   -0.25593206907124    0.15556354621913
C        -0.33974884118123    1.12671785997510    0.18767733232387
C        -1.45880186750821    1.94994884978434    0.14603967730830
H        -1.33634338795278    3.02209494853857    0.18141912183331
H        -3.89449601376570   -0.39209695620969   -0.15412914713904
H        -1.94887564422733   -1.84977136304615   -0.00480322523629
H         0.30576704735264   -0.92367478942621    0.22135583515317
O        -3.76592458841339    2.33718211378361    0.00167674755138
C        -5.08071329337137    1.85216110388223   -0.11706486129978
H        -5.23983361225779    1.33002371216092   -1.06878189479805
H        -5.72885317884060    2.72811370741424   -0.07327592672545
H        -5.33753410959353    1.17840302320478    0.70906890491092
C         1.01487073414939    1.73838675027980    0.17999613999392
C         2.06507087095320    1.01075478551094   -0.23312537957526
H         3.02386351951443    1.48638883823257   -0.33798966857826
Li        2.11024518817936    4.26920906975714    0.22687087511310
H         1.98445797688039   -0.00843796833890   -0.55120807327609
O         1.11652794034018    3.01611939281042    0.49616368931666
21
 energy: -32.296888733106 gnorm: 0.016542171810 xtb: 6.4.1 (afa7bdf)
C        -2.74043271729689    1.43017755036802    0.06035157215102
C        -2.91991625401610    0.05359984909426   -0.01337145187168
C        -1.80845953533228   -0.77252826842722    0.04543469673169
C        -0.53701638347187   -0.25117377245068    0.15276127482498
C        -0.33531668281902    1.13033781396521    0.17772111768913
C        -1.45382962599527    1.95576098264984    0.14959803006793
H        -1.32977087276470    3.02882729246743    0.18307926424443
H        -3.89892392631203   -0.38647777503681   -0.11439522318460
H        -1.94728794550118   -1.84281764252829   -0.00118374844501
H         0.30338725223248   -0.92170636426054    0.21897704717307
O        -3.76875829681510    2.33997174269916    0.04906654391942
C        -5.07784010681743    1.85009614970614   -0.12785854643547
H        -5.19595646619662    1.34810959331654   -1.09457994080146
H        -5.73506489467293    2.71960163159933   -0.09159087967812
H        -5.35754151299537    1.15890446728688    0.67276651003195
C         1.03035355475631    1.72442059428091    0.14779363561164
C         2.07128289112878    0.97810070103102   -0.24372585423848
H         3.03357835794485    1.43300947931442   -0.36972383462742
Li        2.01408186713034    4.37590279576557    0.31022075809387
H         1.98566512655069   -0.05089319812820   -0.53348653346315
O         1.15067391476324    3.00902527488710    0.42214572490624
21
 energy: -32.297872338456 gnorm: 0.017622121898 xtb: 6.4.1 (afa7bdf)
C        -2.74267635511720    1.43199294439394    0.07591437515430
C        -2.92372662689775    0.05639695910898    0.00614856929364
C        -1.80560489472162   -0.76531534228157    0.03610243268060
C        -0.53374619280933   -0.24488748685341    0.12422577591929
C        -0.33361775820167    1.13661625870998    0.13913080722424
C        -1.45068414137995    1.96259809617787    0.12765542343123
H        -1.32494567493245    3.03631589680362    0.16345292549951
H        -3.90812515645274   -0.38545289799821   -0.05896641368256
H        -1.94050905143047   -1.83554588028817   -0.01514018275042
H         0.30311713545594   -0.91845560330152    0.18694016543069
O        -3.77372612053129    2.33967311735449    0.09552931784108
C        -5.08232260166505    1.85319739476667   -0.12101963522976
H        -5.16083689478401    1.36270253275063   -1.09144980890631
H        -5.73444772902331    2.72532617651875   -0.10794953392316
H        -5.37868670199549    1.16141748689968    0.66367642332862
C         1.04453891455149    1.71010118611742    0.11031749119092
C         2.09642232120903    0.96204799612880   -0.23421301475615
H         3.07532561084743    1.39463076241508   -0.31858898100081
Li        1.85724191151636    4.40462381400011    0.35208172951436
H         2.02779328925074   -0.07873404825889   -0.49369989057396
O         1.17212446061124    3.00099953443583    0.35985218701462
21
 energy: -32.298180845103 gnorm: 0.020059840551 xtb: 6.4.1 (afa7bdf)
C        -2.73664002110787    1.42959261750079    0.10202806266008
C        -2.92261985777907    0.05593531260161    0.03146213566603
C        -1.80681527488087   -0.77010924070091    0.04388993204846
C        -0.53234373016180   -0.25488125628304    0.11200008595798
C        -0.32686149349838    1.12726483528779    0.11676036952978
C        -1.44093737388027    1.95639793021249    0.12595354896161
H        -1.31275164587141    3.02922521990107    0.15791458980725
H        -3.90951130803141   -0.38194738112454   -0.01360804665926
H        -1.94544991835597   -1.83948448738854   -0.00180133414404
H         0.30095371181809   -0.93369328606343    0.16091260462895
O        -3.76471108584667    2.34013999018019    0.14808355838099
C        -5.07277417833430    1.86404171256923   -0.12645755329524
H        -5.11217589209686    1.40437957073601   -1.11933279138309
H        -5.71450667720692    2.74357468742931   -0.11517783380150
H        -5.40803223353395    1.14803722042332    0.62952418472615
C         1.05437553708514    1.69132981816091    0.06223667315577
C         2.11159165506420    0.92773189553539   -0.24141729330731
H         3.09232747838137    1.35996855625668   -0.33668976856414
Li        1.69152264981519    4.54211341080978    0.45610609940779
H         2.04831368954799   -0.12800464623098   -0.45288785435923
O         1.18995371237367    2.99863641778695    0.26050079328298
21
 energy: -32.299198365453 gnorm: 0.009368451618 xtb: 6.4.1 (afa7bdf)
C        -2.73398353874112    1.42432912322260    0.08492499140159
C        -2.91922241777694    0.05064810620019    0.02180129861329
C        -1.80802749690704   -0.77939822401170    0.03973675546058
C        -0.53225950755344   -0.26536346286308    0.09895217448339
C        -0.32702684779965    1.11757636932183    0.10643448103313
C        -1.44057294342797    1.94654562254629    0.11549781540742
H        -1.31256196449739    3.01862714365911    0.14518990973820
H        -3.90418236867440   -0.38474522417382   -0.02658441310265
H        -1.95088385772494   -1.84883795804078    0.00484959884775
H         0.30338134014962   -0.94283926420948    0.14097964167337
O        -3.75539743067990    2.33840984093526    0.11548286068336
C        -5.06888677433369    1.87294238157253   -0.11746929466906
H        -5.13925394062199    1.39772327189848   -1.09719336972563
H        -5.69995637858478    2.76021888594322   -0.09907438737669
H        -5.39443557389455    1.17209544118394    0.65664756903158
C         1.04162787327660    1.69856718980272    0.06994840251246
C         2.11260811895426    0.94881614346582   -0.22904913817207
H         3.08778769525698    1.40281489736571   -0.29428747722838
Li        1.71078348489576    4.48400698068575    0.41690067675552
H         2.05976900496489   -0.09793151556811   -0.45888348546469
O         1.15360126721955    2.99604314866358    0.30519555279751
21
 energy: -32.299671195451 gnorm: 0.005888878505 xtb: 6.4.1 (afa7bdf)
C        -2.72860094515472    1.41755512967370    0.08087260455505
C        -2.91802523536042    0.04409691860299    0.02644775338669
C        -1.81056686455472   -0.79113848602999    0.03626525261124
C        -0.53113567154114   -0.28125252761183    0.07558622701788
C        -0.32223930493749    1.10175737648537    0.08638593361426
C        -1.43371090848718    1.93290291699016    0.10332880411060
H        -1.30264640125440    3.00468067663088    0.13009336243874
H        -3.90495369193438   -0.38724252740406   -0.01341362640102
H        -1.95953140551748   -1.86070564201719    0.00998952640710
H         0.30468826622871   -0.96027775657977    0.10104510716315
O        -3.74172949561426    2.33814008248415    0.11345258257204
C        -5.06096237908113    1.88856797185441   -0.11062189471636
H        -5.14258522452251    1.41014304677426   -1.08647846246093
H        -5.67910939829857    2.78488441408136   -0.08853414065788
H        -5.39264543822942    1.19772749027686    0.66819046432370
C         1.03862671999457    1.69202844270673    0.06002549263025
C         2.12627894858299    0.95542426991781   -0.21664126156536
H         3.09886077450779    1.42318877457230   -0.24798715436096
Li        1.62236815671960    4.49412321649193    0.42063265982924
H         2.08848835404000   -0.09127562521939   -0.43956209313311
O         1.13203888791404    2.99692073491935    0.29092302533565
21
 energy: -32.299969077120 gnorm: 0.008815312121 xtb: 6.4.1 (afa7bdf)
C        -2.72132328671975    1.40943909199362    0.07672533588324
C        -2.91708977837666    0.03585616647058    0.03815233025287
C        -1.81248168024672   -0.80393618157704    0.03394863781455
C        -0.52845831206470   -0.29913389106567    0.04369013391433
C        -0.31425784694640    1.08298252528987    0.05694418515908
C        -1.42407123203474    1.91640793817320    0.08527934283291
H        -1.28870121373585    2.98823254615458    0.10612416231192
H        -3.90724699091804   -0.39080961119440    0.01775371579240
H        -1.96809429322665   -1.87336606134267    0.02080641953100
H         0.30687900905547   -0.98017011222295    0.04902734208124
O        -3.72405515111634    2.33940164809318    0.11446739244543
C        -5.05063042388004    1.90981755982758   -0.10407553033087
H        -5.14498100609086    1.42843234516658   -1.07824424042176
H        -5.65407771227633    2.81617005797780   -0.08116250917017
H        -5.39242225608745    1.22936563827594    0.67893487996515
C         1.04125208123628    1.68228262053700    0.03920012600173
C         2.14672645036366    0.96068963734815   -0.20754388113339
H         3.11631578156800    1.43887762925100   -0.19318147270725
Li        1.47783293613827    4.52460228326355    0.44130371339862
H         2.12561336607887   -0.08973204391685   -0.41544972694894
O         1.11617930277986    2.98483911109700    0.27729980602789
21
 energy: -32.300080091167 gnorm: 0.006650619656 xtb: 6.4.1 (afa7bdf)
C        -2.71783684518123    1.40629619149025    0.07514429537553
C        -2.91621425669546    0.03202718354767    0.04026215234610
C        -1.81175639907002   -0.80789609506671    0.02918864624513
C        -0.52703806002019   -0.30458306194654    0.03554076838743
C        -0.31034923956806    1.07638475373082    0.05383632896944
C        -1.42030305947437    1.91001782348541    0.08225024660780
H        -1.28344441020399    2.98229248786783    0.10458224695050
H        -3.90715927200841   -0.39345530447245    0.02713043886748
H        -1.96864753360213   -1.87739805121658    0.01555703424094
H         0.30750832069825   -0.98662168739790    0.03065869948792
O        -3.71609231779039    2.34132749881631    0.11569764910890
C        -5.04601477787412    1.91778395950502   -0.10152151466691
H        -5.14920563480392    1.43709256449658   -1.07987850710321
H        -5.64534077165963    2.82653582106725   -0.07531786402275
H        -5.39092430423253    1.23634221101615    0.68236195586189
C         1.04498421961366    1.67951102189878    0.04097080971827
C         2.15140854986501    0.95865257957157   -0.19819283153012
H         3.11953653758261    1.43976155829707   -0.17575045498705
Li        1.42140764737015    4.53679235371168    0.43516703204851
H         2.13166503870033   -0.09381565438180   -0.40023187579489
O         1.11672431185427    2.99320074357960    0.26254490658905
21
 energy: -32.300191995786 gnorm: 0.006394107945 xtb: 6.4.1 (afa7bdf)
C        -2.71617744486060    1.40615374402386    0.06819819643410
C        -2.91536439185990    0.03155688735503    0.03955565378830
C        -1.80985750321454   -0.80667539875434    0.02480866575835
C        -0.52561793321586   -0.30350239690143    0.03043982919574
C        -0.30804551258493    1.07655437403397    0.04883529915341
C        -1.41872212757247    1.90958419474133    0.07382406086976
H        -1.28162976254681    2.98227129962621    0.09578097753029
H        -3.90652937199734   -0.39428080365350    0.03302985635771
H        -1.96567607344227   -1.87608729708620    0.01091278620126
H         0.30758118109303   -0.98614385200080    0.02544941542881
O        -3.71378062684084    2.34260509064052    0.10447267406445
C        -5.04341054023982    1.92099381511860   -0.09820763040265
H        -5.15588223146048    1.42864539285059   -1.06736168552679
H        -5.64375077583885    2.82840968841452   -0.07765446880603
H        -5.38028592360471    1.24992727227847    0.69322206729082
C         1.04932980123349    1.67824284828759    0.04354431635973
C         2.15309793829150    0.95420159438103   -0.19121484798806
H         3.12272849564908    1.43072972422102   -0.16743724480946
Li        1.38066741047379    4.54256914579369    0.44182272713966
H         2.13228726470285   -0.09587120878347   -0.39774909426656
O         1.12194587133556    2.99036478301333    0.26572860892716
21
 energy: -32.300340360827 gnorm: 0.005679879129 xtb: 6.4.1 (afa7bdf)
C        -2.71264435991459    1.40838686080780    0.05753979115829
C        -2.91262249661428    0.03334486725633    0.03470212505030
C        -1.80567569271307   -0.80213656114081    0.01884868189483
C        -0.52230085949839   -0.29889158386990    0.02608811826293
C        -0.30402866003421    1.08028931583353    0.04160368845822
C        -1.41596762270114    1.91214709756463    0.06062508609941
H        -1.27932613951928    2.98535804563249    0.07759367898511
H        -3.90337122264325   -0.39342847790805    0.03578989131391
H        -1.95907128350159   -1.87147483029626    0.00493224206322
H         0.30848171907346   -0.98309074943196    0.02524411590750
O        -3.70934269204018    2.34688322446425    0.08618252870682
C        -5.04051363101574    1.92292616279209   -0.09179628926365
H        -5.17034397933391    1.41339965936211   -1.05224836876124
H        -5.64178837923369    2.82979882759013   -0.07918260585936
H        -5.36755393001803    1.26195503268514    0.71437469333965
C         1.05750811019673    1.68002352523442    0.04715373759196
C         2.15506397127455    0.94677763948254   -0.18215934970463
H         3.12586288686126    1.41529204791070   -0.16034797333449
Li        1.31942803423570    4.54130000412166    0.44920818374956
H         2.12813070169730   -0.10231908432878   -0.39439452752099
O         1.13298326894222    2.98370787383797    0.28024271456265
21
 energy: -32.300433413732 gnorm: 0.006016992984 xtb: 6.4.1 (afa7bdf)
C        -2.70865037939220    1.41036861801108    0.04594132867700
C        -2.91039725471820    0.03578248796319    0.02592027267577
C        -1.80465082431959   -0.80097110272603    0.01551217704349
C        -0.52035814090568   -0.29945656088592    0.02534316657800
C        -0.30054513392588    1.07981936990228    0.03974341116802
C        -1.41165644458083    1.91281549158793    0.05204250172290
H        -1.27497142608540    2.98634635508317    0.06524290905637
H        -3.90119121931108   -0.38989022219087    0.02531257199296
H        -1.95873495413128   -1.87031171908099    0.00194191440914
H         0.30877460455236   -0.98610079699678    0.02814131824516
O        -3.70409413021941    2.35025236910216    0.06706438354225
C        -5.03728652255151    1.92464559464070   -0.08540005896469
H        -5.18156465449691    1.39832692761083   -1.03452227443766
H        -5.63737360068802    2.83286402693627   -0.07929912700882
H        -5.35367579508565    1.27702428841420    0.73626706743650
C         1.06234041933658    1.67804415616797    0.05159948324682
C         2.15841713047408    0.94100441227573   -0.17534274682355
H         3.12979380538982    1.40726209187352   -0.16050364671455
Li        1.26315355976830    4.54830253833194    0.46194346650785
H         2.12806780741223   -0.10749399830125   -0.39103372315390
O         1.13751089697812    2.98161456988088    0.28408576750093
21
 energy: -32.300569002467 gnorm: 0.004736213828 xtb: 6.4.1 (afa7bdf)
C        -2.70359652271283    1.41632525926306    0.01919863654745
C        -2.90721577838686    0.04299565354916   -0.00017787665242
C        -1.80424044942262   -0.79755164731443    0.01079212441560
C        -0.51835251190382   -0.29867903405490    0.03649192648044
C        -0.29700987571271    1.08140963752715    0.04682688100928
C        -1.40577174032663    1.91723335039012    0.04010575305534
H        -1.27020162740937    2.99129266601453    0.04686240259968
H        -3.89778557202517   -0.38073707380941   -0.01761562859764
H        -1.95988445005783   -1.86679434507680   -0.00143409373335
H         0.30889289182495   -0.98855919892078    0.05685305795195
O        -3.69858383620093    2.35647678322351    0.02017566799481
C        -5.03638069180791    1.92092563785196   -0.07307067873960
H        -5.21001964411033    1.35791336629501   -0.99667928421946
H        -5.63674106150547    2.82980914474041   -0.08100492962801
H        -5.32240960242070    1.30460264335695    0.78586358891792
C         1.06760457940686    1.67676791677524    0.06533636124411
C         2.16075541633202    0.93724743341393   -0.17147884442951
H         3.13221505645663    1.39996746353346   -0.17913175442221
Li        1.21738708986528    4.53961587707260    0.48869517827834
H         2.12130477552427   -0.10977946322160   -0.39865054823697
O         1.14294129809301    2.97976682699088    0.30204222286421
21
 energy: -32.300633938885 gnorm: 0.004011667678 xtb: 6.4.1 (afa7bdf)
C        -2.70017309107376    1.41746558273008    0.00332469241821
C        -2.90595524551083    0.04463507062983   -0.01186432997500
C        -1.80505043911138   -0.79945448134472    0.00838658217413
C        -0.51778483776893   -0.30293266630830    0.03859572666537
C        -0.29436791346040    1.07706392133740    0.04367197894715
C        -1.40063457351526    1.91537749548996    0.02833629453929
H        -1.26382548735758    2.98952114959238    0.03072623838424
H        -3.89772041072656   -0.37704056829751   -0.03527768826916
H        -1.96381902833133   -1.86834653592821    0.00193959509091
H         0.30925177421811   -0.99314944760737    0.06761312656045
O        -3.69275230503193    2.35954705393050   -0.00438379704665
C        -5.03522497568888    1.92326975475328   -0.06476443125259
H        -5.22574428409600    1.34285335690669   -0.97464170486193
H        -5.63230899810348    2.83418994830314   -0.08039655552087
H        -5.30474948905150    1.32585651180799    0.81447119635591
C         1.06904668455622    1.67243434268477    0.06336785336541
C         2.16694065258705    0.93858817760542   -0.17353422378445
H         3.13752728497622    1.40278867274055   -0.17902338491428
Li        1.17023049140305    4.54121163046393    0.51992829774812
H         2.12899549580265   -0.10876473558980   -0.40167102851721
O         1.14102643878437    2.97513466369998    0.30519572459294
21
 energy: -32.300690512584 gnorm: 0.003088188249 xtb: 6.4.1 (afa7bdf)
C        -2.70112548056682    1.41726497565496   -0.00386778737496
C        -2.90642022033098    0.04434671149639   -0.01594094573976
C        -1.80591951961224   -0.80067077763919    0.00992373029159
C        -0.51896356279307   -0.30411904595608    0.04195768946172
C        -0.29556244713047    1.07568788900286    0.04102528272440
C        -1.40087088105277    1.91450571936913    0.02198257896837
H        -1.26280676341207    2.98829484190349    0.02323064077093
H        -3.89853822849271   -0.37717965671263   -0.04264176285891
H        -1.96624395218872   -1.86929326564312    0.00699276846019
H         0.30975196172994   -0.99192577529681    0.07725660509613
O        -3.69349820119060    2.35913433486012   -0.01475897477355
C        -5.03699517150819    1.92296761081730   -0.06178436168426
H        -5.23295592913468    1.33935936385252   -0.96573501667126
H        -5.63405872869837    2.83316277162925   -0.07808088751693
H        -5.29546163810000    1.33144277965934    0.82254741263512
C         1.06572444169335    1.67160194164067    0.05746256680200
C         2.16717362401260    0.94242982961858   -0.18116185830863
H         3.13706762819958    1.40986619722930   -0.18079143489879
Li        1.18378341047775    4.53419665471634    0.54655403389522
H         2.13225065654199   -0.10563148932377   -0.40760090247269
O         1.13657674505635    2.97480728672138    0.30343078589405
21
 energy: -32.300726753667 gnorm: 0.001386694129 xtb: 6.4.1 (afa7bdf)
C        -2.70169130086946    1.41703053643922   -0.00529024125043
C        -2.90627013929239    0.04364995784946   -0.01298217408152
C        -1.80495564298178   -0.79991494147555    0.01332522121213
C        -0.51866555296422   -0.30253512932858    0.04253549626492
C        -0.29562742090164    1.07719173821609    0.03769368648031
C        -1.40201097944049    1.91504000379839    0.01804890852657
H        -1.26403890803189    2.98871733429047    0.01636946228327
H        -3.89801696449313   -0.37886971666668   -0.03670702674060
H        -1.96469414447232   -1.86857711013070    0.01322286634384
H         0.31049339393170   -0.98948884278155    0.08001520288150
O        -3.69414317757205    2.35891569636971   -0.01917867548756
C        -5.03735387247198    1.92288058876113   -0.06352189611946
H        -5.23619094190899    1.33800079954733   -0.96634830659367
H        -5.63561648506793    2.83218716063670   -0.07942950707190
H        -5.29396074679369    1.33197924806879    0.82121929263331
C         1.06604902312179    1.67263167545381    0.05327425196520
C         2.16501692442023    0.94239364035396   -0.18837328273384
H         3.13635921519015    1.40761294877523   -0.17656738178317
Li        1.18780317535121    4.53150834018374    0.56277344242076
H         2.12962356208294   -0.10471006130702   -0.41601498009716
O         1.14079872666378    2.97460503054605    0.30593580364748
21
 energy: -32.300782658867 gnorm: 0.002976130617 xtb: 6.4.1 (afa7bdf)
C        -2.70316784064254    1.41679115492290   -0.01275256153217
C        -2.90616395505349    0.04231556892037   -0.00569175076213
C        -1.80284575198417   -0.79781253720596    0.02443230281676
C        -0.51794151185512   -0.29838207269803    0.04579315643943
C        -0.29597992369727    1.08111402468036    0.02845111141779
C        -1.40476874337230    1.91675203676365    0.00313303321509
H        -1.26672548348764    2.99022049274172   -0.00808209060957
H        -3.89706466761725   -0.38258153565039   -0.01962031115976
H        -1.96113300518128   -1.86666299379459    0.03537683272551
H         0.31253369555283   -0.98308878833296    0.09008141248740
O        -3.69608100381462    2.35845830479268   -0.03527548560001
C        -5.03832960651964    1.92218485681443   -0.06867699652850
H        -5.24607276108094    1.33422636602019   -0.96849362040733
H        -5.63948771777583    2.82952694048591   -0.08265807355136
H        -5.28832380617988    1.33289730709518    0.81819578085242
C         1.06707976128173    1.67350586526272    0.05110993898855
C         2.16037453817833    0.94157183236845   -0.20341425637654
H         3.13355165852355    1.40453621398504   -0.17616988197791
Li        1.20010721492823    4.52269020772222    0.61197384495954
H         2.12359200587129   -0.10041818698405   -0.44827516956932
O         1.14975464742588    2.97240383969014    0.32056294687206
21
 energy: -32.300818454192 gnorm: 0.002789040880 xtb: 6.4.1 (afa7bdf)
C        -2.70358730650408    1.41690940553181   -0.01739506425247
C        -2.90622421097902    0.04237799300515   -0.00343211815807
C        -1.80257800134885   -0.79725130052309    0.03083747688622
C        -0.51777351526616   -0.29728713188076    0.05042686313039
C        -0.29646880879980    1.08220493233696    0.02740564204556
C        -1.40542996572610    1.91742599669434   -0.00330959403559
H        -1.26735769439924    2.99086292204635   -0.02096634031480
H        -3.89697523611228   -0.38286246923392   -0.01398770096652
H        -1.96050285384450   -1.86614898146575    0.04764733587774
H         0.31329258949414   -0.98118744597373    0.09743171242677
O        -3.69692369724846    2.35815175897230   -0.04440165760035
C        -5.03884499633794    1.92132323870837   -0.07155796333235
H        -5.24988484510132    1.33175480221980   -0.96973506424232
H        -5.64042694116316    2.82849377796682   -0.08497791601584
H        -5.28553759127864    1.33343444391689    0.81735595808810
C         1.06663644068909    1.67388812020567    0.04967032848684
C         2.15907794422789    0.94260382532207   -0.21188622556914
H         3.13226788073203    1.40524722073023   -0.18242661731744
Li        1.20825049331651    4.51741234029435    0.63771550674054
H         2.12185673734643   -0.09731856511276   -0.46591351623881
O         1.15004132180341    2.97021401383884    0.33149911706151
21
 energy: -32.300908806188 gnorm: 0.002119160463 xtb: 6.4.1 (afa7bdf)
C        -2.70404531387922    1.41733733304816   -0.02955533144419
C        -2.90619153315591    0.04311411397217    0.00093386421764
C        -1.80254996700337   -0.79642055269414    0.04739815103777
C        -0.51761263483950   -0.29568328994227    0.06446274452385
C        -0.29768391388824    1.08380727891924    0.02689078009177
C        -1.40602458951263    1.91879418002390   -0.01952747219560
H        -1.26794133806648    2.99196308406265   -0.05329387824726
H        -3.89682502958752   -0.38217908160979   -0.00494943380075
H        -1.96005852003809   -1.86523980684776    0.07821116447283
H         0.31470466701252   -0.97772314520412    0.12130693537494
O        -3.69853903398958    2.35723627459905   -0.06884546250892
C        -5.04007400721591    1.91887654672075   -0.07895075267257
H        -5.25936095822298    1.32413202060939   -0.97183552579498
H        -5.64196100350882    2.82609634782063   -0.09148947990461
H        -5.27774946086727    1.33597241920632    0.81640022624099
C         1.06536694819310    1.67407964455584    0.05097953133054
C         2.15612652393708    0.94698323490159   -0.23377195835226
H         3.12894570313302    1.40924192148424   -0.20614778087844
Li        1.22924608393521    4.50354957078181    0.70214795845656
H         2.11636322169057   -0.08747488052604   -0.51258901563003
O         1.14877189937400    2.96378568371830    0.36222489838271
21
 energy: -32.301025888024 gnorm: 0.004584500646 xtb: 6.4.1 (afa7bdf)
C        -2.70398960040838    1.41825376496187   -0.05172347887767
C        -2.90546374142868    0.04479794607072    0.00701487277377
C        -1.80250589124983   -0.79497377167320    0.07763027880894
C        -0.51739240285341   -0.29322209341360    0.09233472265900
C        -0.29941011062968    1.08597629659464    0.02790446080439
C        -1.40590589901431    1.92104020742668   -0.04669399179976
H        -1.26713273661844    2.99323784606766   -0.10690696772601
H        -3.89612500379007   -0.38028107898073    0.00638418947866
H        -1.95985050907000   -1.86329634619314    0.13187116986717
H         0.31694795868459   -0.97174906685471    0.16959343711948
O        -3.70048098759791    2.35546873437373   -0.11359242975121
C        -5.04173707569634    1.91452327382762   -0.09244874728477
H        -5.27582300258748    1.30738469166767   -0.97340145437047
H        -5.64405408234454    2.82167118296257   -0.10632268246550
H        -5.26277148687879    1.34371972072726    0.81613408632820
C         1.06352510264734    1.67451235751621    0.05328000394334
C         2.14979482900651    0.95619587368957   -0.27663303937615
H         3.12346245715163    1.41566138804401   -0.25245268100275
Li        1.26159316860351    4.47745637971670    0.81971029929924
H         2.10210776659782   -0.06807668661729   -0.59720487197937
O         1.14811899097651    2.95194827768556    0.41552298625141
21
 energy: -32.301094912710 gnorm: 0.005270356756 xtb: 6.4.1 (afa7bdf)
C        -2.70323673051487    1.41864017708471   -0.06480496661506
C        -2.90442956385276    0.04613457085141    0.00953770840626
C        -1.80246097176038   -0.79367124679628    0.09630772798003
C        -0.51734194388879   -0.29156861584500    0.11198870976323
C        -0.30022923056404    1.08677001596941    0.03071876000822
C        -1.40498486008810    1.92201167920180   -0.06072796345047
H        -1.26540859370086    2.99315133681052   -0.13439651638968
H        -3.89520455548110   -0.37862096138495    0.00861039445580
H        -1.96021458644415   -1.86115936650660    0.16231726485316
H         0.31812682410324   -0.96750664965110    0.20198828102435
O        -3.70085156273506    2.35375026493749   -0.14007325276257
C        -5.04198681848688    1.91195580625466   -0.10075810151819
H        -5.28396702217706    1.29568379586804   -0.97298689211014
H        -5.64450670853979    2.81891472726263   -0.11763019246295
H        -5.25302081171107    1.35039466983073    0.81622127337805
C         1.06274914295008    1.67425770744256    0.05557933226196
C         2.14491721915474    0.96297404776933   -0.30259093020996
H         3.11975202131219    1.41988389887365   -0.28400344346843
Li        1.27709010874240    4.45834290493684    0.88838847583421
H         2.08925488586945   -0.05321632138438   -0.64933807201683
O         1.14886150131294    2.94312645607428    0.44565256573896
21
 energy: -32.301175503483 gnorm: 0.003728901281 xtb: 6.4.1 (afa7bdf)
C        -2.70165366457172    1.41851773475720   -0.07158049701544
C        -2.90288858773388    0.04722575119938    0.01053489440769
C        -1.80241841821001   -0.79254465555351    0.10929216650452
C        -0.51732452054402   -0.29051238317106    0.12789638331534
C        -0.30040912458001    1.08633094229692    0.03509138007698
C        -1.40308767130188    1.92191414840975   -0.06542984525095
H        -1.26238863958421    2.99180742516152   -0.14384090771916
H        -3.89393042396900   -0.37704994011994    0.00433765349056
H        -1.96133161124290   -1.85884265909912    0.18087065080464
H         0.31877875644098   -0.96399349800316    0.22784388556213
O        -3.69966825605074    2.35169737154972   -0.15612361617182
C        -5.04077182452585    1.91055916998642   -0.10723056579908
H        -5.28568189271778    1.28577614401971   -0.97161873809690
H        -5.64310384031297    2.81733681336468   -0.13025640532070
H        -5.24650852769806    1.35832401903576    0.81583315363212
C         1.06266862373078    1.67374261840423    0.05755817513513
C         2.14003835999422    0.96989205316937   -0.32285694364910
H         3.11671984353994    1.42354270720225   -0.31123747184834
Li        1.28094843702278    4.44048128695902    0.93105332286808
H         2.07438673936789   -0.03901021137605   -0.68409454548457
O         1.15053398644662    2.93505405940661    0.46395803325881
21
 energy: -32.301229734687 gnorm: 0.002459750656 xtb: 6.4.1 (afa7bdf)
C        -2.70034695972760    1.41782101891323   -0.07435554879494
C        -2.90117736043946    0.04673254182962    0.01252304447016
C        -1.80156237322782   -0.79236592323303    0.12029167417771
C        -0.51683348396143   -0.28988902573561    0.14063759929755
C        -0.30028038286620    1.08580132732068    0.03957081282493
C        -1.40192289932186    1.92151003504219   -0.06530477461759
H        -1.26025232874436    2.99081326938714   -0.14623512813234
H        -3.89225164603867   -0.37791055939290    0.00112891515015
H        -1.96148572233180   -1.85797383860274    0.19715691679998
H         0.31988001106763   -0.96095077760630    0.25026621370863
O        -3.69786717195191    2.35004421911642   -0.16777995507074
C        -5.03902437872974    1.91023961599591   -0.11427442253036
H        -5.28546688023958    1.27685618816335   -0.97160987081822
H        -5.64132056018196    2.81661552251538   -0.14581701080731
H        -5.24315160867391    1.36767771592208    0.81397093629711
C         1.06306271853041    1.67422422723795    0.06054738053345
C         2.13426568390214    0.97621288520106   -0.34401977050968
H         3.11339508616836    1.42553697273682   -0.33310348436648
Li        1.28369575540201    4.42597573357570    0.96331878942550
H         2.05771947513829   -0.02624581669970   -0.71897982715178
O         1.15383276972766    2.92952356591239    0.48206767281423
21
 energy: -32.301263076980 gnorm: 0.001254065288 xtb: 6.4.1 (afa7bdf)
C        -2.69950990174014    1.41710408606761   -0.07697346824996
C        -2.89944274766950    0.04564282146063    0.01594481208542
C        -1.79989362393985   -0.79215981039428    0.13291058688145
C        -0.51561459355455   -0.28878166953961    0.15377884272712
C        -0.29990831047446    1.08620406236946    0.04373506122604
C        -1.40157819879190    1.92158179457234   -0.06613509654793
H        -1.25932659475074    2.99068303394315   -0.15098052981212
H        -3.89024191284153   -0.38000367339982    0.00198914309187
H        -1.96021299935208   -1.85738024722554    0.21551900317161
H         0.32188120226601   -0.95744486358515    0.27119654193909
O        -3.69639946667725    2.34867964383660   -0.17991025435107
C        -5.03768409747241    1.91007661742713   -0.12236369124515
H        -5.28522233133559    1.26722300674388   -0.97258901801829
H        -5.64014615197023    2.81593595744036   -0.16433434771532
H        -5.24177301751732    1.37801071673958    0.81166538093528
C         1.06388393934375    1.67513454857681    0.06218944084882
C         2.12758947988669    0.98162114387822   -0.36686793791304
H         3.10899219951531    1.42637196772030   -0.35718847142545
Li        1.28738073217197    4.41179973355589    1.00211085420940
H         2.04013888733139   -0.01430695581239   -0.75637810206306
O         1.15999525107271    2.92425698322445    0.50268141292524
21
 energy: -32.301296340553 gnorm: 0.001998625102 xtb: 6.4.1 (afa7bdf)
C        -2.69868886566503    1.41652871228007   -0.07911941675361
C        -2.89736901980112    0.04475603545641    0.02219242515486
C        -1.79732472367709   -0.79078097962854    0.14890614702623
C        -0.51351890395008   -0.28613244502694    0.16927702817821
C        -0.29916372831552    1.08802563847013    0.04944136111486
C        -1.40149949660376    1.92227527482959   -0.06760135408607
H        -1.25890258374568    2.99118259828106   -0.15991755453730
H        -3.88759039297433   -0.38235245729581    0.00844623184099
H        -1.95740991949234   -1.85567394126009    0.23920782049862
H         0.32498754966743   -0.95220171422648    0.29373685721240
O        -3.69513055630818    2.34707070839447   -0.19322771984614
C        -5.03649658937971    1.90961228018214   -0.13324827009889
H        -5.28277498404284    1.25474602449405   -0.97499397638842
H        -5.63931219940014    2.81459860720928   -0.19028143017939
H        -5.24324798226997    1.39091261679458    0.80773835307107
C         1.06546208091429    1.67571893977855    0.06326526723405
C         2.11910958595721    0.98689643316241   -0.39518315186181
H         3.10286907355165    1.42633766053019   -0.39035839431164
Li        1.28905606738021    4.39325402958265    1.05598193618211
H         2.01918870463663   -0.00088484311288   -0.80191474110118
O         1.17066462701874    2.91635971870467    0.52765274435101
21
 energy: -32.301319244640 gnorm: 0.001712776129 xtb: 6.4.1 (afa7bdf)
C        -2.69810274979197    1.41676914135297   -0.07877943789882
C        -2.89641778571485    0.04531592196801    0.02866058379927
C        -1.79600994449926   -0.78903783405673    0.15849809762630
C        -0.51226467829510   -0.28385721136511    0.17658384897672
C        -0.29859490326219    1.08990788206244    0.05220509185084
C        -1.40118833053666    1.92315029185421   -0.06895719184122
H        -1.25874749429285    2.99161098682132   -0.16684292848644
H        -3.88638821068725   -0.38218755469415    0.01744214178668
H        -1.95547263178316   -1.85365913586723    0.25248802498482
H         0.32675211137330   -0.94904026852442    0.30261763211423
O        -3.69478513975755    2.34634385511565   -0.19812953935289
C        -5.03604756055246    1.90872683583052   -0.14025810431172
H        -5.27850318047973    1.24743441821579   -0.97791274338522
H        -5.63913050237881    2.81285668856655   -0.20691950374000
H        -5.24686511812217    1.39724250933467    0.80379796753967
C         1.06654565360343    1.67561593959121    0.06268281602482
C         2.11457476697745    0.98910099040390   -0.41068560995046
H         3.09945070632476    1.42570412671814   -0.40987399934490
Li        1.28762981798479    4.38189747726976    1.08946726700884
H         2.00894127028604    0.00590722544910   -0.82662651254321
O         1.17753164710464    2.91044661155289    0.54054226184263
21
 energy: -32.301338540160 gnorm: 0.000969902845 xtb: 6.4.1 (afa7bdf)
C        -2.69750609645335    1.41748309785283   -0.07740130133694
C        -2.89607051818729    0.04677400266118    0.03596957005403
C        -1.79563476238519   -0.78750515737011    0.16631173495714
C        -0.51174189976727   -0.28248132496112    0.18097130723554
C        -0.29822362005820    1.09101518830565    0.05337583391338
C        -1.40047425057668    1.92383871662793   -0.07033803186110
H        -1.25818256530706    2.99166871975379   -0.17297689486615
H        -3.88619459240562   -0.38025731059718    0.02886892521050
H        -1.95463797484903   -1.85187916486303    0.26385952920735
H         0.32760599775052   -0.94748174514603    0.30673820143139
O        -3.69458893492631    2.34627865929292   -0.19964589126646
C        -5.03573699509833    1.90762542762633   -0.14662661047364
H        -5.27273626179767    1.24150249525429   -0.98186132703395
H        -5.63911650396003    2.81083982991502   -0.22135860449771
H        -5.25140569704030    1.40112870671168    0.79910795267878
C         1.06727808315491    1.67515038078930    0.06253331004188
C         2.11188588479697    0.99130173057596   -0.42310287324416
H         3.09749657568601    1.42617712757216   -0.42348199212928
Li        1.28659939236701    4.37240709479342    1.11526685675604
H         2.00308161367796    0.01198254609329   -0.84825060372753
O         1.18121086887935    2.90467987671120    0.55204107165084
21
 energy: -32.301358264864 gnorm: 0.001085109702 xtb: 6.4.1 (afa7bdf)
C        -2.69653781744084    1.41857389483656   -0.07315799380450
C        -2.89570518640684    0.04896869019227    0.04841149169687
C        -1.79553893222752   -0.78595922756884    0.17771564207446
C        -0.51127257532029   -0.28161263125743    0.18551282321072
C        -0.29766757364425    1.09148975147748    0.05308069699239
C        -1.39904716678608    1.92447586555521   -0.07159899902490
H        -1.25673773250374    2.99151858145282   -0.18028401174370
H        -3.88630951761631   -0.37696797056993    0.04761039409549
H        -1.95449602794479   -1.84976142885343    0.27967392118290
H         0.32864271120288   -0.94640098038933    0.30902649036056
O        -3.69384477448337    2.34670638075833   -0.19807762880931
C        -5.03495639676740    1.90627422131624   -0.15611045154957
H        -5.26138842895337    1.23387093582615   -0.98901341355176
H        -5.63867609686444    2.80810190816653   -0.24361355849972
H        -5.25994263524515    1.40624868771044    0.79097404656413
C         1.06829603950055    1.67453796479063    0.06009719691523
C         2.10843907658338    0.99554765756953   -0.43947732738828
H         3.09498365231123    1.42830938274514   -0.44259934815046
Li        1.28422453080816    4.35815670234339    1.14999177656100
H         1.99491007750541    0.02229832127305   -0.87616615493083
O         1.18553251779327    2.89587219022463    0.56800457049927
21
 energy: -32.301367417909 gnorm: 0.001391007975 xtb: 6.4.1 (afa7bdf)
C        -2.69617530362627    1.41906755356699   -0.07058266363524
C        -2.89538766785603    0.05016177696749    0.05802166791592
C        -1.79529988386461   -0.78507876074745    0.18746443661354
C        -0.51083624535331   -0.28125223437077    0.19095484617188
C        -0.29754386021113    1.09134360541072    0.05566418132958
C        -1.39844735391453    1.92460553290947   -0.07202503887524
H        -1.25598747574129    2.99107287504647   -0.18634407921915
H        -3.88621808100713   -0.37521214661810    0.06259553494434
H        -1.95455083349878   -1.84834945557411    0.29434488097938
H         0.32988162854235   -0.94546830722052    0.31360655922756
O        -3.69342924397229    2.34698681827476   -0.19774389508801
C        -5.03453933513310    1.90527492560377   -0.16465208410961
H        -5.25273086942239    1.22836879073241   -0.99603799623548
H        -5.63841342624125    2.80591463281116   -0.26209640886880
H        -5.26716659518933    1.41002393361399    0.78313508292333
C         1.06886409687851    1.67385291029526    0.06248976682270
C         2.10535090851520    1.00016989061821   -0.45547507312178
H         3.09277239626312    1.43088145427745   -0.45971255662633
Li        1.28790062897513    4.34660930755796    1.17676745579634
H         1.98670262010436    0.03284070565274   -0.90589075547628
O         1.18816163925328    2.88843508879146    0.58551630123131
21
 energy: -32.301372542166 gnorm: 0.000817408953 xtb: 6.4.1 (afa7bdf)
C        -2.69587115938784    1.41917492227988   -0.06720209518867
C        -2.89501884623434    0.05060994169812    0.06453452178894
C        -1.79499780882502   -0.78479969744046    0.19376443450129
C        -0.51037396800656   -0.28122959257763    0.19421363342299
C        -0.29733307095057    1.09116266458924    0.05631417658546
C        -1.39805769074392    1.92447500333763   -0.07090536924790
H        -1.25552790425162    2.99049737872413   -0.18631810939120
H        -3.88594453934748   -0.37452127632496    0.07207853623587
H        -1.95466709041555   -1.84779828925175    0.30358192740584
H         0.33086657088562   -0.94506296384267    0.31624240817633
O        -3.69286336616826    2.34718805738992   -0.19555246023674
C        -5.03399730805967    1.90480639918190   -0.17063569729226
H        -5.24584098913912    1.22554264611317   -1.00173816731382
H        -5.63759295029556    2.80481666980870   -0.27471219549049
H        -5.27304419493168    1.41206331132363    0.77682214575045
C         1.06922996808006    1.67388861199483    0.06131413127627
C         2.10271490222543    1.00347494990425   -0.46516425888653
H         3.09069881492188    1.43274132971884   -0.47106626466282
Li        1.29011244962849    4.33913693051963    1.19328966229667
H         1.97955759560772    0.04015983238398   -0.92282762273120
O         1.19085832890854    2.88392206806896    0.59396682570151
21
 energy: -32.301375264584 gnorm: 0.001109946826 xtb: 6.4.1 (afa7bdf)
C        -2.69575461474716    1.41910292989176   -0.06315766693794
C        -2.89463557587135    0.05066245533871    0.07095099639556
C        -1.79452473592988   -0.78457086180576    0.20102145678901
C        -0.50985591432626   -0.28107364947792    0.19880161513212
C        -0.29722877573393    1.09110793657143    0.05878176894474
C        -1.39795638415342    1.92443382805607   -0.06775887310228
H        -1.25529348354038    2.99044895601565   -0.18501868571478
H        -3.88551486693933   -0.37452432784883    0.07944829678912
H        -1.95443449175633   -1.84719479444857    0.31197832075418
H         0.33182041194272   -0.94438026618145    0.32011051218168
O        -3.69250315946545    2.34716647497694   -0.19339299482591
C        -5.03357197541796    1.90418605127937   -0.17712538309798
H        -5.23914138338700    1.22323264555369   -1.00845244640883
H        -5.63672616357331    2.80375269001626   -0.28720949704191
H        -5.27909159628644    1.41305746271055    0.76949209364064
C         1.06946152784132    1.67399265085138    0.06067337724866
C         2.09931435927086    1.00697344728613   -0.47688936722283
H         3.08783219445391    1.43481494377273   -0.48581125970541
Li        1.29523047884661    4.33186744532764    1.20955704614589
H         1.97135341524073    0.04741702013624   -0.93805555010176
O         1.19412847703264    2.87977585957727    0.60205640283799
21
 energy: -32.301377521372 gnorm: 0.000680641956 xtb: 6.4.1 (afa7bdf)
C        -2.69567634634206    1.41897523081955   -0.05984102051493
C        -2.89414867121397    0.05050949267176    0.07611587562425
C        -1.79386091403176   -0.78421216308561    0.20788436854003
C        -0.50928594276036   -0.28053538699702    0.20440527589661
C        -0.29713582934760    1.09147692659901    0.06205795990778
C        -1.39802539170615    1.92467434378225   -0.06459996895639
H        -1.25534148987242    2.99070426696624   -0.18283618998207
H        -3.88489546979330   -0.37505352044288    0.08466396708163
H        -1.95381743605293   -1.84666081202244    0.32076901592965
H         0.33275457821490   -0.94326523689147    0.32654873290731
O        -3.69234447860876    2.34683363161921   -0.19232861416834
C        -5.03324394598759    1.90323694008098   -0.18343513678651
H        -5.23374097668982    1.22148199993325   -1.01536512674912
H        -5.63614041621340    2.80238366834809   -0.29782163156879
H        -5.28405144222628    1.41269370239718    0.76203722443230
C         1.06965738290206    1.67430745368056    0.06080432627813
C         2.09522495283738    1.00992445093128   -0.48647209486190
H         3.08420214491062    1.43660533635746   -0.49994099624516
Li        1.30340292145328    4.32537152704249    1.22454547141414
H         1.96146573052738    0.05436349451452   -0.95668762262677
O         1.19790878350139    2.87643355129486    0.60949634714811
